\BOOKMARK [1][-]{section.2}{Introduction}{}
\BOOKMARK [1][-]{section.20}{Get to know your readings}{}
\BOOKMARK [1][-]{section.46}{Theories and predictions}{}
\BOOKMARK [2][-]{subsection.47}{Traditionalism}{section.46}
\BOOKMARK [2][-]{subsection.57}{Conventionalism}{section.46}
\BOOKMARK [2][-]{subsection.60}{Grammaticalism}{section.46}
\BOOKMARK [1][-]{section.79}{Previous studies}{}
\BOOKMARK [2][-]{subsection.80}{GeurtsPouscoulous2009:Embedded-Implic}{section.79}
\BOOKMARK [2][-]{subsection.82}{CliftonDube2010:Embedded-Implic}{section.79}
\BOOKMARK [2][-]{subsection.83}{ChemlaSpector2010:Experimental-Ev}{section.79}
\BOOKMARK [2][-]{subsection.88}{Reflection: Categorical Judgements \046 Typicality}{section.79}
\BOOKMARK [1][-]{section.90}{Pilot Study}{}
\BOOKMARK [2][-]{subsection.91}{Materials}{section.90}
\BOOKMARK [2][-]{subsection.95}{Procedure}{section.90}
\BOOKMARK [2][-]{subsection.97}{Participants}{section.90}
\BOOKMARK [2][-]{subsection.98}{Results}{section.90}
\BOOKMARK [2][-]{subsection.99}{Discussion}{section.90}
\BOOKMARK [1][-]{section.101}{An Incremental Verification Task}{}
\BOOKMARK [2][-]{subsection.102}{Design}{section.101}
\BOOKMARK [2][-]{subsection.140}{Procedure}{section.101}
\BOOKMARK [2][-]{subsection.141}{Materials}{section.101}
\BOOKMARK [2][-]{subsection.149}{Participants}{section.101}
\BOOKMARK [2][-]{subsection.150}{Results}{section.101}
\BOOKMARK [2][-]{subsection.164}{Discussion}{section.101}
\BOOKMARK [3][-]{subsubsection.165}{Bits and Pieces}{subsection.164}
\BOOKMARK [1][-]{section.166}{Conclusions}{}
\BOOKMARK [1][-]{appendix.167}{The auditory sentence material}{}
\BOOKMARK [1][-]{section*.174}{References}{}
