This is pdfTeX, Version 3.1415926-2.3-1.40.12 (TeX Live 2011) (format=pdflatex 2012.6.3)  6 AUG 2012 12:47
entering extended mode
 restricted \write18 enabled.
 %&-line parsing enabled.
**\input paper1.tex
(./paper1.tex (/usr/local/texlive/2011/texmf-dist/tex/latex/base/article.cls
Document Class: article 2007/10/19 v1.4h Standard LaTeX document class
(/usr/local/texlive/2011/texmf-dist/tex/latex/base/fleqn.clo
File: fleqn.clo 1998/08/17 v1.1c Standard LaTeX option (flush left equations)
\mathindent=\dimen102
)
(/usr/local/texlive/2011/texmf-dist/tex/latex/base/size10.clo
File: size10.clo 2007/10/19 v1.4h Standard LaTeX file (size option)
)
\c@part=\count79
\c@section=\count80
\c@subsection=\count81
\c@subsubsection=\count82
\c@paragraph=\count83
\c@subparagraph=\count84
\c@figure=\count85
\c@table=\count86
\abovecaptionskip=\skip41
\belowcaptionskip=\skip42
\bibindent=\dimen103
)
(/Users/micha/Library/texmf/tex/latex/biblatex/biblatex.sty
Package: biblatex 2011/04/12 v1.4b programmable bibliographies

(/Users/micha/Library/texmf/tex/latex/etoolbox/etoolbox.sty
Package: etoolbox 2011/01/03 v2.1 e-TeX tools for LaTeX

(/usr/local/texlive/2011/texmf-dist/tex/latex/etex-pkg/etex.sty
Package: etex 1998/03/26 v2.0 eTeX basic definition package (PEB)
\et@xins=\count87
)
\etb@tempcnta=\count88
)
(/usr/local/texlive/2011/texmf-dist/tex/latex/graphics/keyval.sty
Package: keyval 1999/03/16 v1.13 key=value parser (DPC)
\KV@toks@=\toks14
)
(/Users/micha/Library/texmf/tex/latex/biblatex/logreq.sty
Package: logreq 2010/08/04 v1.0 xml request logger
\lrq@indent=\count89

(/Users/micha/Library/texmf/tex/latex/biblatex/logreq.def
File: logreq.def 2010/08/04 v1.0 logreq spec v1.0
))
(/usr/local/texlive/2011/texmf-dist/tex/latex/base/ifthen.sty
Package: ifthen 2001/05/26 v1.1c Standard LaTeX ifthen package (DPC)
)
(/usr/local/texlive/2011/texmf-dist/tex/latex/url/url.sty
\Urlmuskip=\muskip10
Package: url 2006/04/12  ver 3.3  Verb mode for urls, etc.
)
\c@listtotal=\count90
\c@listcount=\count91
\c@liststart=\count92
\c@liststop=\count93
\c@citecount=\count94
\c@citetotal=\count95
\c@multicitecount=\count96
\c@multicitetotal=\count97
\c@instcount=\count98
\c@maxnames=\count99
\c@minnames=\count100
\c@maxitems=\count101
\c@minitems=\count102
\c@citecounter=\count103
\c@savedcitecounter=\count104
\c@uniquelist=\count105
\c@uniquename=\count106
\c@refsection=\count107
\c@refsegment=\count108
\c@maxextrayear=\count109
\c@maxextraalpha=\count110
\c@abbrvpenalty=\count111
\c@highnamepenalty=\count112
\c@lownamepenalty=\count113
\c@maxparens=\count114
\c@parenlevel=\count115
\blx@tempcnta=\count116
\blx@tempcntb=\count117
\blx@maxsection=\count118
\blx@maxsegment=\count119
\blx@notetype=\count120
\blx@parenlevel@text=\count121
\blx@parenlevel@foot=\count122
\labelnumberwidth=\skip43
\labelalphawidth=\skip44
\shorthandwidth=\skip45
\biblabelsep=\skip46
\bibitemsep=\skip47
\bibnamesep=\skip48
\bibinitsep=\skip49
\bibparsep=\skip50
\bibhang=\skip51
\blx@auxin=\read1
\blx@auxout=\write3
\c@labelname=\count123
\c@savedlabelname=\count124
\c@author=\count125
\c@savedauthor=\count126
\c@shortauthor=\count127
\c@savedshortauthor=\count128
\c@editor=\count129
\c@savededitor=\count130
\c@editora=\count131
\c@savededitora=\count132
\c@editorb=\count133
\c@savededitorb=\count134
\c@editorc=\count135
\c@savededitorc=\count136
\c@shorteditor=\count137
\c@savedshorteditor=\count138
\c@bookauthor=\count139
\c@savedbookauthor=\count140
\c@translator=\count141
\c@savedtranslator=\count142
\c@annotator=\count143
\c@savedannotator=\count144
\c@commentator=\count145
\c@savedcommentator=\count146
\c@introduction=\count147
\c@savedintroduction=\count148
\c@foreword=\count149
\c@savedforeword=\count150
\c@afterword=\count151
\c@savedafterword=\count152
\c@holder=\count153
\c@savedholder=\count154
\c@namea=\count155
\c@savednamea=\count156
\c@nameb=\count157
\c@savednameb=\count158
\c@namec=\count159
\c@savednamec=\count160
\c@institution=\count161
\c@savedinstitution=\count162
\c@language=\count163
\c@savedlanguage=\count164
\c@location=\count165
\c@savedlocation=\count166
\c@organization=\count167
\c@savedorganization=\count168
\c@origlocation=\count169
\c@savedoriglocation=\count170
\c@origpublisher=\count171
\c@savedorigpublisher=\count172
\c@pageref=\count173
\c@savedpageref=\count174
\c@publisher=\count175
\c@savedpublisher=\count176
\c@lista=\count177
\c@savedlista=\count178
\c@listb=\count179
\c@savedlistb=\count180
\c@listc=\count181
\c@savedlistc=\count182
\c@listd=\count183
\c@savedlistd=\count184
\c@liste=\count185
\c@savedliste=\count186
\c@listf=\count187
\c@savedlistf=\count188
Package biblatex Info: Trying to load compatibility code...
Package biblatex Info: ... file 'blx-compat.def' found.

(/Users/micha/Library/texmf/tex/latex/biblatex/blx-compat.def
File: blx-compat.def 2011/04/12 v1.4b biblatex generic compatibility
)
Package biblatex Info: Trying to load generic definitions...
Package biblatex Info: ... file 'biblatex.def' found.

(/Users/micha/Library/texmf/tex/latex/biblatex/biblatex.def
File: biblatex.def 2011/04/12 v1.4b biblatex generic definitions
\c@smartand=\count189
)
Package biblatex Info: Trying to load natbib compatibility...
Package biblatex Info: ... file 'blx-natbib.def' found.

(/Users/micha/Library/texmf/tex/latex/biblatex/blx-natbib.def
File: blx-natbib.def 2011/04/12 v1.4b biblatex natbib compatibility
)
Package biblatex Info: Trying to load bibliography style 'authoryear-comp'...
Package biblatex Info: ... file 'authoryear-comp.bbx' found.

(/Users/micha/Library/texmf/tex/latex/biblatex/bbx/authoryear-comp.bbx
File: authoryear-comp.bbx 2011/04/12 v1.4b biblatex bibliography style
Package biblatex Info: Trying to load bibliography style 'authoryear'...
Package biblatex Info: ... file 'authoryear.bbx' found.

(/Users/micha/Library/texmf/tex/latex/biblatex/bbx/authoryear.bbx
File: authoryear.bbx 2011/04/12 v1.4b biblatex bibliography style
Package biblatex Info: Trying to load bibliography style 'standard'...
Package biblatex Info: ... file 'standard.bbx' found.

(/Users/micha/Library/texmf/tex/latex/biblatex/bbx/standard.bbx
File: standard.bbx 2011/04/12 v1.4b biblatex bibliography style
)))
Package biblatex Info: Trying to load citation style 'authoryear-comp'...
Package biblatex Info: ... file 'authoryear-comp.cbx' found.

(/Users/micha/Library/texmf/tex/latex/biblatex/cbx/authoryear-comp.cbx
File: authoryear-comp.cbx 2011/04/12 v1.4b biblatex citation style
Package biblatex Info: Redefining '\cite'.
Package biblatex Info: Redefining '\parencite'.
Package biblatex Info: Redefining '\footcite'.
Package biblatex Info: Redefining '\footcitetext'.
Package biblatex Info: Redefining '\smartcite'.
Package biblatex Info: Redefining '\textcite'.
Package biblatex Info: Redefining '\cites'.
Package biblatex Info: Redefining '\parencites'.
Package biblatex Info: Redefining '\footcites'.
Package biblatex Info: Redefining '\footcitetexts'.
Package biblatex Info: Redefining '\smartcites'.
Package biblatex Info: Redefining '\textcites'.
)
Package biblatex Info: Trying to load configuration file...
Package biblatex Info: ... file 'biblatex.cfg' found.

(/Users/micha/Library/texmf/tex/latex/biblatex/biblatex.cfg
File: biblatex.cfg 
))
(/usr/local/texlive/2011/texmf-dist/tex/latex/hyperref/hyperref.sty
Package: hyperref 2012/02/28 v6.82p Hypertext links for LaTeX

(/usr/local/texlive/2011/texmf-dist/tex/generic/oberdiek/hobsub-hyperref.sty
Package: hobsub-hyperref 2012/04/25 v1.12 Bundle oberdiek, subset hyperref (HO)


(/usr/local/texlive/2011/texmf-dist/tex/generic/oberdiek/hobsub-generic.sty
Package: hobsub-generic 2012/04/25 v1.12 Bundle oberdiek, subset generic (HO)
Package: hobsub 2012/04/25 v1.12 Construct package bundles (HO)
Package: infwarerr 2010/04/08 v1.3 Providing info/warning/error messages (HO)
Package: ltxcmds 2011/11/09 v1.22 LaTeX kernel commands for general use (HO)
Package: ifluatex 2010/03/01 v1.3 Provides the ifluatex switch (HO)
Package ifluatex Info: LuaTeX not detected.
Package: ifvtex 2010/03/01 v1.5 Detect VTeX and its facilities (HO)
Package ifvtex Info: VTeX not detected.
Package: intcalc 2007/09/27 v1.1 Expandable calculations with integers (HO)
Package: ifpdf 2011/01/30 v2.3 Provides the ifpdf switch (HO)
Package ifpdf Info: pdfTeX in PDF mode is detected.
Package: etexcmds 2011/02/16 v1.5 Avoid name clashes with e-TeX commands (HO)
Package etexcmds Info: Could not find \expanded.
(etexcmds)             That can mean that you are not using pdfTeX 1.50 or
(etexcmds)             that some package has redefined \expanded.
(etexcmds)             In the latter case, load this package earlier.
Package: kvsetkeys 2012/04/25 v1.16 Key value parser (HO)
Package: kvdefinekeys 2011/04/07 v1.3 Define keys (HO)
Package: pdftexcmds 2011/11/29 v0.20 Utility functions of pdfTeX for LuaTeX (HO
)
Package pdftexcmds Info: LuaTeX not detected.
Package pdftexcmds Info: \pdf@primitive is available.
Package pdftexcmds Info: \pdf@ifprimitive is available.
Package pdftexcmds Info: \pdfdraftmode found.
Package: pdfescape 2011/11/25 v1.13 Implements pdfTeX's escape features (HO)
Package: bigintcalc 2012/04/08 v1.3 Expandable calculations on big integers (HO
)
Package: bitset 2011/01/30 v1.1 Handle bit-vector datatype (HO)
Package: uniquecounter 2011/01/30 v1.2 Provide unlimited unique counter (HO)
)
Package hobsub Info: Skipping package `hobsub' (already loaded).
Package: letltxmacro 2010/09/02 v1.4 Let assignment for LaTeX macros (HO)
Package: hopatch 2011/06/24 v1.1 Wrapper for package hooks (HO)
Package: xcolor-patch 2011/01/30 xcolor patch
Package: atveryend 2011/06/30 v1.8 Hooks at the very end of document (HO)
Package: atbegshi 2011/10/05 v1.16 At begin shipout hook (HO)
Package: refcount 2011/10/16 v3.4 Data extraction from label references (HO)
Package: hycolor 2011/01/30 v1.7 Color options for hyperref/bookmark (HO)
)
(/usr/local/texlive/2011/texmf-dist/tex/generic/ifxetex/ifxetex.sty
Package: ifxetex 2010/09/12 v0.6 Provides ifxetex conditional
)
(/usr/local/texlive/2011/texmf-dist/tex/latex/oberdiek/kvoptions.sty
Package: kvoptions 2011/06/30 v3.11 Key value format for package options (HO)
)
\@linkdim=\dimen104
\Hy@linkcounter=\count190
\Hy@pagecounter=\count191

(/usr/local/texlive/2011/texmf-dist/tex/latex/hyperref/pd1enc.def
File: pd1enc.def 2012/02/28 v6.82p Hyperref: PDFDocEncoding definition (HO)
)
\Hy@SavedSpaceFactor=\count192

(/usr/local/texlive/2011/texmf-dist/tex/latex/latexconfig/hyperref.cfg
File: hyperref.cfg 2002/06/06 v1.2 hyperref configuration of TeXLive
)
Package hyperref Info: Option `draft' set `true' on input line 3941.
Package hyperref Info: Option `final' set `true' on input line 3941.
Package hyperref Info: Option `colorlinks' set `true' on input line 3941.
Package hyperref Info: Option `plainpages' set `false' on input line 3941.
Package hyperref Info: Option `pdfpagelabels' set `true' on input line 3941.
Package hyperref Info: Option `hypertexnames' set `false' on input line 3941.
Package hyperref Info: Hyper figures OFF on input line 4062.
Package hyperref Info: Link nesting OFF on input line 4067.
Package hyperref Info: Hyper index ON on input line 4070.
Package hyperref Info: Plain pages OFF on input line 4077.
Package hyperref Info: Backreferencing OFF on input line 4082.
Package hyperref Info: Implicit mode ON; LaTeX internals redefined.
Package hyperref Info: Bookmarks ON on input line 4300.
\c@Hy@tempcnt=\count193
LaTeX Info: Redefining \url on input line 4653.
\Fld@menulength=\count194
\Field@Width=\dimen105
\Fld@charsize=\dimen106
Package hyperref Info: Hyper figures OFF on input line 5773.
Package hyperref Info: Link nesting OFF on input line 5778.
Package hyperref Info: Hyper index ON on input line 5781.
Package hyperref Info: backreferencing OFF on input line 5788.
Package hyperref Info: Link coloring ON on input line 5791.
Package hyperref Info: Link coloring with OCG OFF on input line 5798.
Package hyperref Info: PDF/A mode OFF on input line 5803.
LaTeX Info: Redefining \ref on input line 5843.
LaTeX Info: Redefining \pageref on input line 5847.
\Hy@abspage=\count195
\c@Item=\count196
\c@Hfootnote=\count197
)

Package hyperref Message: Driver (autodetected): hpdftex.

(/usr/local/texlive/2011/texmf-dist/tex/latex/hyperref/hpdftex.def
File: hpdftex.def 2012/02/28 v6.82p Hyperref driver for pdfTeX
\Fld@listcount=\count198
\c@bookmark@seq@number=\count199

(/usr/local/texlive/2011/texmf-dist/tex/latex/oberdiek/rerunfilecheck.sty
Package: rerunfilecheck 2011/04/15 v1.7 Rerun checks for auxiliary files (HO)
Package uniquecounter Info: New unique counter `rerunfilecheck' on input line 2
82.
)
\Hy@SectionHShift=\skip52
)
(/usr/local/texlive/2011/texmf-dist/tex/latex/amsmath/amsmath.sty
Package: amsmath 2000/07/18 v2.13 AMS math features
\@mathmargin=\skip53

For additional information on amsmath, use the `?' option.
(/usr/local/texlive/2011/texmf-dist/tex/latex/amsmath/amstext.sty
Package: amstext 2000/06/29 v2.01

(/usr/local/texlive/2011/texmf-dist/tex/latex/amsmath/amsgen.sty
File: amsgen.sty 1999/11/30 v2.0
\@emptytoks=\toks15
\ex@=\dimen107
))
(/usr/local/texlive/2011/texmf-dist/tex/latex/amsmath/amsbsy.sty
Package: amsbsy 1999/11/29 v1.2d
\pmbraise@=\dimen108
)
(/usr/local/texlive/2011/texmf-dist/tex/latex/amsmath/amsopn.sty
Package: amsopn 1999/12/14 v2.01 operator names
)
\inf@bad=\count200
LaTeX Info: Redefining \frac on input line 211.
\uproot@=\count201
\leftroot@=\count202
LaTeX Info: Redefining \overline on input line 307.
\classnum@=\count203
\DOTSCASE@=\count204
LaTeX Info: Redefining \ldots on input line 379.
LaTeX Info: Redefining \dots on input line 382.
LaTeX Info: Redefining \cdots on input line 467.
\Mathstrutbox@=\box26
\strutbox@=\box27
\big@size=\dimen109
LaTeX Font Info:    Redeclaring font encoding OML on input line 567.
LaTeX Font Info:    Redeclaring font encoding OMS on input line 568.
\macc@depth=\count205
\c@MaxMatrixCols=\count206
\dotsspace@=\muskip11
\c@parentequation=\count207
\dspbrk@lvl=\count208
\tag@help=\toks16
\row@=\count209
\column@=\count210
\maxfields@=\count211
\andhelp@=\toks17
\eqnshift@=\dimen110
\alignsep@=\dimen111
\tagshift@=\dimen112
\tagwidth@=\dimen113
\totwidth@=\dimen114
\lineht@=\dimen115
\@envbody=\toks18
\multlinegap=\skip54
\multlinetaggap=\skip55
\mathdisplay@stack=\toks19
LaTeX Info: Redefining \[ on input line 2666.
LaTeX Info: Redefining \] on input line 2667.
)
(/usr/local/texlive/2011/texmf-dist/tex/latex/amsfonts/amsfonts.sty
Package: amsfonts 2009/06/22 v3.00 Basic AMSFonts support
\symAMSa=\mathgroup4
\symAMSb=\mathgroup5
LaTeX Font Info:    Overwriting math alphabet `\mathfrak' in version `bold'
(Font)                  U/euf/m/n --> U/euf/b/n on input line 96.
)
(/usr/local/texlive/2011/texmf-dist/tex/latex/amsfonts/amssymb.sty
Package: amssymb 2009/06/22 v3.00
)
(/usr/local/texlive/2011/texmf-dist/tex/latex/graphics/graphicx.sty
Package: graphicx 1999/02/16 v1.0f Enhanced LaTeX Graphics (DPC,SPQR)

(/usr/local/texlive/2011/texmf-dist/tex/latex/graphics/graphics.sty
Package: graphics 2009/02/05 v1.0o Standard LaTeX Graphics (DPC,SPQR)

(/usr/local/texlive/2011/texmf-dist/tex/latex/graphics/trig.sty
Package: trig 1999/03/16 v1.09 sin cos tan (DPC)
)
(/usr/local/texlive/2011/texmf-dist/tex/latex/latexconfig/graphics.cfg
File: graphics.cfg 2010/04/23 v1.9 graphics configuration of TeX Live
)
Package graphics Info: Driver file: pdftex.def on input line 91.

(/usr/local/texlive/2011/texmf-dist/tex/latex/pdftex-def/pdftex.def
File: pdftex.def 2011/05/27 v0.06d Graphics/color for pdfTeX
\Gread@gobject=\count212
))
\Gin@req@height=\dimen116
\Gin@req@width=\dimen117
)
(/usr/local/texlive/2011/texmf-dist/tex/latex/booktabs/booktabs.sty
Package: booktabs 2005/04/14 v1.61803 publication quality tables
\heavyrulewidth=\dimen118
\lightrulewidth=\dimen119
\cmidrulewidth=\dimen120
\belowrulesep=\dimen121
\belowbottomsep=\dimen122
\aboverulesep=\dimen123
\abovetopsep=\dimen124
\cmidrulesep=\dimen125
\cmidrulekern=\dimen126
\defaultaddspace=\dimen127
\@cmidla=\count213
\@cmidlb=\count214
\@aboverulesep=\dimen128
\@belowrulesep=\dimen129
\@thisruleclass=\count215
\@lastruleclass=\count216
\@thisrulewidth=\dimen130
)
(/usr/local/texlive/2011/texmf-dist/tex/latex/tools/enumerate.sty
Package: enumerate 1999/03/05 v3.00 enumerate extensions (DPC)
\@enLab=\toks20
)
(/Users/micha/Library/texmf/tex/latex/lipsum/lipsum.sty
Package: lipsum 2005/01/26 v1.0 150 paragraphs of Lorem Ipsum dummy text
File: lipsum.dtx 2005/01/26 v1.0 150 paragraphs of Lorem Ipsum dummy text
\c@lips@count=\count217
)
(/usr/local/texlive/2011/texmf-dist/tex/latex/txfonts/txfonts.sty
Package: txfonts 2008/01/22 v3.2.1
LaTeX Font Info:    Redeclaring symbol font `operators' on input line 21.
LaTeX Font Info:    Overwriting symbol font `operators' in version `normal'
(Font)                  OT1/cmr/m/n --> OT1/txr/m/n on input line 21.
LaTeX Font Info:    Overwriting symbol font `operators' in version `bold'
(Font)                  OT1/cmr/bx/n --> OT1/txr/m/n on input line 21.
LaTeX Font Info:    Overwriting symbol font `operators' in version `bold'
(Font)                  OT1/txr/m/n --> OT1/txr/bx/n on input line 22.
\symitalic=\mathgroup6
LaTeX Font Info:    Overwriting symbol font `italic' in version `bold'
(Font)                  OT1/txr/m/it --> OT1/txr/bx/it on input line 26.
LaTeX Font Info:    Redeclaring math alphabet \mathbf on input line 29.
LaTeX Font Info:    Overwriting math alphabet `\mathbf' in version `normal'
(Font)                  OT1/cmr/bx/n --> OT1/txr/bx/n on input line 29.
LaTeX Font Info:    Overwriting math alphabet `\mathbf' in version `bold'
(Font)                  OT1/cmr/bx/n --> OT1/txr/bx/n on input line 29.
LaTeX Font Info:    Redeclaring math alphabet \mathit on input line 30.
LaTeX Font Info:    Overwriting math alphabet `\mathit' in version `normal'
(Font)                  OT1/cmr/m/it --> OT1/txr/m/it on input line 30.
LaTeX Font Info:    Overwriting math alphabet `\mathit' in version `bold'
(Font)                  OT1/cmr/bx/it --> OT1/txr/m/it on input line 30.
LaTeX Font Info:    Overwriting math alphabet `\mathit' in version `bold'
(Font)                  OT1/txr/m/it --> OT1/txr/bx/it on input line 31.
LaTeX Font Info:    Redeclaring math alphabet \mathsf on input line 40.
LaTeX Font Info:    Overwriting math alphabet `\mathsf' in version `normal'
(Font)                  OT1/cmss/m/n --> OT1/txss/m/n on input line 40.
LaTeX Font Info:    Overwriting math alphabet `\mathsf' in version `bold'
(Font)                  OT1/cmss/bx/n --> OT1/txss/m/n on input line 40.
LaTeX Font Info:    Overwriting math alphabet `\mathsf' in version `bold'
(Font)                  OT1/txss/m/n --> OT1/txss/b/n on input line 41.
LaTeX Font Info:    Redeclaring math alphabet \mathtt on input line 50.
LaTeX Font Info:    Overwriting math alphabet `\mathtt' in version `normal'
(Font)                  OT1/cmtt/m/n --> OT1/txtt/m/n on input line 50.
LaTeX Font Info:    Overwriting math alphabet `\mathtt' in version `bold'
(Font)                  OT1/cmtt/m/n --> OT1/txtt/m/n on input line 50.
LaTeX Font Info:    Overwriting math alphabet `\mathtt' in version `bold'
(Font)                  OT1/txtt/m/n --> OT1/txtt/b/n on input line 51.
LaTeX Font Info:    Redeclaring symbol font `letters' on input line 58.
LaTeX Font Info:    Overwriting symbol font `letters' in version `normal'
(Font)                  OML/cmm/m/it --> OML/txmi/m/it on input line 58.
LaTeX Font Info:    Overwriting symbol font `letters' in version `bold'
(Font)                  OML/cmm/b/it --> OML/txmi/m/it on input line 58.
LaTeX Font Info:    Overwriting symbol font `letters' in version `bold'
(Font)                  OML/txmi/m/it --> OML/txmi/bx/it on input line 59.
\symlettersA=\mathgroup7
LaTeX Font Info:    Overwriting symbol font `lettersA' in version `bold'
(Font)                  U/txmia/m/it --> U/txmia/bx/it on input line 67.
LaTeX Font Info:    Redeclaring math alphabet \mathfrak on input line 70.
LaTeX Font Info:    Redeclaring symbol font `symbols' on input line 77.
LaTeX Font Info:    Overwriting symbol font `symbols' in version `normal'
(Font)                  OMS/cmsy/m/n --> OMS/txsy/m/n on input line 77.
LaTeX Font Info:    Overwriting symbol font `symbols' in version `bold'
(Font)                  OMS/cmsy/b/n --> OMS/txsy/m/n on input line 77.
LaTeX Font Info:    Overwriting symbol font `symbols' in version `bold'
(Font)                  OMS/txsy/m/n --> OMS/txsy/bx/n on input line 78.
LaTeX Font Info:    Redeclaring symbol font `AMSa' on input line 93.
LaTeX Font Info:    Overwriting symbol font `AMSa' in version `normal'
(Font)                  U/msa/m/n --> U/txsya/m/n on input line 93.
LaTeX Font Info:    Overwriting symbol font `AMSa' in version `bold'
(Font)                  U/msa/m/n --> U/txsya/m/n on input line 93.
LaTeX Font Info:    Overwriting symbol font `AMSa' in version `bold'
(Font)                  U/txsya/m/n --> U/txsya/bx/n on input line 94.
LaTeX Font Info:    Redeclaring symbol font `AMSb' on input line 102.
LaTeX Font Info:    Overwriting symbol font `AMSb' in version `normal'
(Font)                  U/msb/m/n --> U/txsyb/m/n on input line 102.
LaTeX Font Info:    Overwriting symbol font `AMSb' in version `bold'
(Font)                  U/msb/m/n --> U/txsyb/m/n on input line 102.
LaTeX Font Info:    Overwriting symbol font `AMSb' in version `bold'
(Font)                  U/txsyb/m/n --> U/txsyb/bx/n on input line 103.
\symsymbolsC=\mathgroup8
LaTeX Font Info:    Overwriting symbol font `symbolsC' in version `bold'
(Font)                  U/txsyc/m/n --> U/txsyc/bx/n on input line 113.
LaTeX Font Info:    Redeclaring symbol font `largesymbols' on input line 120.
LaTeX Font Info:    Overwriting symbol font `largesymbols' in version `normal'
(Font)                  OMX/cmex/m/n --> OMX/txex/m/n on input line 120.
LaTeX Font Info:    Overwriting symbol font `largesymbols' in version `bold'
(Font)                  OMX/cmex/m/n --> OMX/txex/m/n on input line 120.
LaTeX Font Info:    Overwriting symbol font `largesymbols' in version `bold'
(Font)                  OMX/txex/m/n --> OMX/txex/bx/n on input line 121.
\symlargesymbolsA=\mathgroup9
LaTeX Font Info:    Overwriting symbol font `largesymbolsA' in version `bold'
(Font)                  U/txexa/m/n --> U/txexa/bx/n on input line 129.
LaTeX Info: Redefining \not on input line 1043.
)
(/usr/local/texlive/2011/texmf-dist/tex/latex/soul/soul.sty
Package: soul 2003/11/17 v2.4 letterspacing/underlining (mf)
\SOUL@word=\toks21
\SOUL@lasttoken=\toks22
\SOUL@cmds=\toks23
\SOUL@buffer=\toks24
\SOUL@token=\toks25
\SOUL@spaceskip=\skip56
\SOUL@ttwidth=\dimen131
\SOUL@uldp=\dimen132
\SOUL@ulht=\dimen133
)
(/usr/local/texlive/2011/texmf-dist/tex/latex/relsize/relsize.sty
Package: relsize 2011/09/21 ver 4.0

Examine \normalsize starts \@setfontsize size may be \@xpt. 
Examine \small starts \@setfontsize size may be \@ixpt. 
Examine \footnotesize starts \@setfontsize size may be \@viiipt. 
Examine \large starts \@setfontsize size may be \@xiipt. 
Examine \Large starts \@setfontsize size may be \@xivpt. 
Examine \LARGE starts \@setfontsize size may be \@xviipt. 
Examine \scriptsize starts \@setfontsize size may be \@viipt. 
Examine \tiny starts \@setfontsize size may be \@vpt. 
Examine \huge starts \@setfontsize size may be \@xxpt. 
Examine \Huge starts \@setfontsize size may be \@xxvpt. )
(/usr/local/texlive/2011/texmf-dist/tex/generic/babel/babel.sty
Package: babel 2008/07/08 v3.8m The Babel package

(/usr/local/texlive/2011/texmf-dist/tex/generic/babel/germanb.ldf
Language: germanb 2008/06/01 v2.6m German support from the babel system

(/usr/local/texlive/2011/texmf-dist/tex/generic/babel/babel.def
File: babel.def 2008/07/08 v3.8m Babel common definitions
\babel@savecnt=\count218
\U@D=\dimen134
)
\l@austrian = a dialect from \language\l@german 
Package babel Info: Making " an active character on input line 102.
)
(/usr/local/texlive/2011/texmf-dist/tex/generic/babel/english.ldf
Language: english 2005/03/30 v3.3o English support from the babel system
\l@canadian = a dialect from \language\l@american 
\l@australian = a dialect from \language\l@british 
\l@newzealand = a dialect from \language\l@british 
))
(/usr/local/texlive/2011/texmf-dist/tex/latex/base/inputenc.sty
Package: inputenc 2008/03/30 v1.1d Input encoding file
\inpenc@prehook=\toks26
\inpenc@posthook=\toks27

(/usr/local/texlive/2011/texmf-dist/tex/latex/base/utf8.def
File: utf8.def 2008/04/05 v1.1m UTF-8 support for inputenc
Now handling font encoding OML ...
... no UTF-8 mapping file for font encoding OML
Now handling font encoding T1 ...
... processing UTF-8 mapping file for font encoding T1

(/usr/local/texlive/2011/texmf-dist/tex/latex/base/t1enc.dfu
File: t1enc.dfu 2008/04/05 v1.1m UTF-8 support for inputenc
   defining Unicode char U+00A1 (decimal 161)
   defining Unicode char U+00A3 (decimal 163)
   defining Unicode char U+00AB (decimal 171)
   defining Unicode char U+00BB (decimal 187)
   defining Unicode char U+00BF (decimal 191)
   defining Unicode char U+00C0 (decimal 192)
   defining Unicode char U+00C1 (decimal 193)
   defining Unicode char U+00C2 (decimal 194)
   defining Unicode char U+00C3 (decimal 195)
   defining Unicode char U+00C4 (decimal 196)
   defining Unicode char U+00C5 (decimal 197)
   defining Unicode char U+00C6 (decimal 198)
   defining Unicode char U+00C7 (decimal 199)
   defining Unicode char U+00C8 (decimal 200)
   defining Unicode char U+00C9 (decimal 201)
   defining Unicode char U+00CA (decimal 202)
   defining Unicode char U+00CB (decimal 203)
   defining Unicode char U+00CC (decimal 204)
   defining Unicode char U+00CD (decimal 205)
   defining Unicode char U+00CE (decimal 206)
   defining Unicode char U+00CF (decimal 207)
   defining Unicode char U+00D0 (decimal 208)
   defining Unicode char U+00D1 (decimal 209)
   defining Unicode char U+00D2 (decimal 210)
   defining Unicode char U+00D3 (decimal 211)
   defining Unicode char U+00D4 (decimal 212)
   defining Unicode char U+00D5 (decimal 213)
   defining Unicode char U+00D6 (decimal 214)
   defining Unicode char U+00D8 (decimal 216)
   defining Unicode char U+00D9 (decimal 217)
   defining Unicode char U+00DA (decimal 218)
   defining Unicode char U+00DB (decimal 219)
   defining Unicode char U+00DC (decimal 220)
   defining Unicode char U+00DD (decimal 221)
   defining Unicode char U+00DE (decimal 222)
   defining Unicode char U+00DF (decimal 223)
   defining Unicode char U+00E0 (decimal 224)
   defining Unicode char U+00E1 (decimal 225)
   defining Unicode char U+00E2 (decimal 226)
   defining Unicode char U+00E3 (decimal 227)
   defining Unicode char U+00E4 (decimal 228)
   defining Unicode char U+00E5 (decimal 229)
   defining Unicode char U+00E6 (decimal 230)
   defining Unicode char U+00E7 (decimal 231)
   defining Unicode char U+00E8 (decimal 232)
   defining Unicode char U+00E9 (decimal 233)
   defining Unicode char U+00EA (decimal 234)
   defining Unicode char U+00EB (decimal 235)
   defining Unicode char U+00EC (decimal 236)
   defining Unicode char U+00ED (decimal 237)
   defining Unicode char U+00EE (decimal 238)
   defining Unicode char U+00EF (decimal 239)
   defining Unicode char U+00F0 (decimal 240)
   defining Unicode char U+00F1 (decimal 241)
   defining Unicode char U+00F2 (decimal 242)
   defining Unicode char U+00F3 (decimal 243)
   defining Unicode char U+00F4 (decimal 244)
   defining Unicode char U+00F5 (decimal 245)
   defining Unicode char U+00F6 (decimal 246)
   defining Unicode char U+00F8 (decimal 248)
   defining Unicode char U+00F9 (decimal 249)
   defining Unicode char U+00FA (decimal 250)
   defining Unicode char U+00FB (decimal 251)
   defining Unicode char U+00FC (decimal 252)
   defining Unicode char U+00FD (decimal 253)
   defining Unicode char U+00FE (decimal 254)
   defining Unicode char U+00FF (decimal 255)
   defining Unicode char U+0102 (decimal 258)
   defining Unicode char U+0103 (decimal 259)
   defining Unicode char U+0104 (decimal 260)
   defining Unicode char U+0105 (decimal 261)
   defining Unicode char U+0106 (decimal 262)
   defining Unicode char U+0107 (decimal 263)
   defining Unicode char U+010C (decimal 268)
   defining Unicode char U+010D (decimal 269)
   defining Unicode char U+010E (decimal 270)
   defining Unicode char U+010F (decimal 271)
   defining Unicode char U+0110 (decimal 272)
   defining Unicode char U+0111 (decimal 273)
   defining Unicode char U+0118 (decimal 280)
   defining Unicode char U+0119 (decimal 281)
   defining Unicode char U+011A (decimal 282)
   defining Unicode char U+011B (decimal 283)
   defining Unicode char U+011E (decimal 286)
   defining Unicode char U+011F (decimal 287)
   defining Unicode char U+0130 (decimal 304)
   defining Unicode char U+0131 (decimal 305)
   defining Unicode char U+0132 (decimal 306)
   defining Unicode char U+0133 (decimal 307)
   defining Unicode char U+0139 (decimal 313)
   defining Unicode char U+013A (decimal 314)
   defining Unicode char U+013D (decimal 317)
   defining Unicode char U+013E (decimal 318)
   defining Unicode char U+0141 (decimal 321)
   defining Unicode char U+0142 (decimal 322)
   defining Unicode char U+0143 (decimal 323)
   defining Unicode char U+0144 (decimal 324)
   defining Unicode char U+0147 (decimal 327)
   defining Unicode char U+0148 (decimal 328)
   defining Unicode char U+014A (decimal 330)
   defining Unicode char U+014B (decimal 331)
   defining Unicode char U+0150 (decimal 336)
   defining Unicode char U+0151 (decimal 337)
   defining Unicode char U+0152 (decimal 338)
   defining Unicode char U+0153 (decimal 339)
   defining Unicode char U+0154 (decimal 340)
   defining Unicode char U+0155 (decimal 341)
   defining Unicode char U+0158 (decimal 344)
   defining Unicode char U+0159 (decimal 345)
   defining Unicode char U+015A (decimal 346)
   defining Unicode char U+015B (decimal 347)
   defining Unicode char U+015E (decimal 350)
   defining Unicode char U+015F (decimal 351)
   defining Unicode char U+0160 (decimal 352)
   defining Unicode char U+0161 (decimal 353)
   defining Unicode char U+0162 (decimal 354)
   defining Unicode char U+0163 (decimal 355)
   defining Unicode char U+0164 (decimal 356)
   defining Unicode char U+0165 (decimal 357)
   defining Unicode char U+016E (decimal 366)
   defining Unicode char U+016F (decimal 367)
   defining Unicode char U+0170 (decimal 368)
   defining Unicode char U+0171 (decimal 369)
   defining Unicode char U+0178 (decimal 376)
   defining Unicode char U+0179 (decimal 377)
   defining Unicode char U+017A (decimal 378)
   defining Unicode char U+017B (decimal 379)
   defining Unicode char U+017C (decimal 380)
   defining Unicode char U+017D (decimal 381)
   defining Unicode char U+017E (decimal 382)
   defining Unicode char U+200C (decimal 8204)
   defining Unicode char U+2013 (decimal 8211)
   defining Unicode char U+2014 (decimal 8212)
   defining Unicode char U+2018 (decimal 8216)
   defining Unicode char U+2019 (decimal 8217)
   defining Unicode char U+201A (decimal 8218)
   defining Unicode char U+201C (decimal 8220)
   defining Unicode char U+201D (decimal 8221)
   defining Unicode char U+201E (decimal 8222)
   defining Unicode char U+2030 (decimal 8240)
   defining Unicode char U+2031 (decimal 8241)
   defining Unicode char U+2039 (decimal 8249)
   defining Unicode char U+203A (decimal 8250)
   defining Unicode char U+2423 (decimal 9251)
)
Now handling font encoding OT1 ...
... processing UTF-8 mapping file for font encoding OT1

(/usr/local/texlive/2011/texmf-dist/tex/latex/base/ot1enc.dfu
File: ot1enc.dfu 2008/04/05 v1.1m UTF-8 support for inputenc
   defining Unicode char U+00A1 (decimal 161)
   defining Unicode char U+00A3 (decimal 163)
   defining Unicode char U+00B8 (decimal 184)
   defining Unicode char U+00BF (decimal 191)
   defining Unicode char U+00C5 (decimal 197)
   defining Unicode char U+00C6 (decimal 198)
   defining Unicode char U+00D8 (decimal 216)
   defining Unicode char U+00DF (decimal 223)
   defining Unicode char U+00E6 (decimal 230)
   defining Unicode char U+00EC (decimal 236)
   defining Unicode char U+00ED (decimal 237)
   defining Unicode char U+00EE (decimal 238)
   defining Unicode char U+00EF (decimal 239)
   defining Unicode char U+00F8 (decimal 248)
   defining Unicode char U+0131 (decimal 305)
   defining Unicode char U+0141 (decimal 321)
   defining Unicode char U+0142 (decimal 322)
   defining Unicode char U+0152 (decimal 338)
   defining Unicode char U+0153 (decimal 339)
   defining Unicode char U+2013 (decimal 8211)
   defining Unicode char U+2014 (decimal 8212)
   defining Unicode char U+2018 (decimal 8216)
   defining Unicode char U+2019 (decimal 8217)
   defining Unicode char U+201C (decimal 8220)
   defining Unicode char U+201D (decimal 8221)
)
Now handling font encoding OMS ...
... processing UTF-8 mapping file for font encoding OMS

(/usr/local/texlive/2011/texmf-dist/tex/latex/base/omsenc.dfu
File: omsenc.dfu 2008/04/05 v1.1m UTF-8 support for inputenc
   defining Unicode char U+00A7 (decimal 167)
   defining Unicode char U+00B6 (decimal 182)
   defining Unicode char U+00B7 (decimal 183)
   defining Unicode char U+2020 (decimal 8224)
   defining Unicode char U+2021 (decimal 8225)
   defining Unicode char U+2022 (decimal 8226)
)
Now handling font encoding OMX ...
... no UTF-8 mapping file for font encoding OMX
Now handling font encoding U ...
... no UTF-8 mapping file for font encoding U
Now handling font encoding PD1 ...
... no UTF-8 mapping file for font encoding PD1
   defining Unicode char U+00A9 (decimal 169)
   defining Unicode char U+00AA (decimal 170)
   defining Unicode char U+00AE (decimal 174)
   defining Unicode char U+00BA (decimal 186)
   defining Unicode char U+02C6 (decimal 710)
   defining Unicode char U+02DC (decimal 732)
   defining Unicode char U+200C (decimal 8204)
   defining Unicode char U+2026 (decimal 8230)
   defining Unicode char U+2122 (decimal 8482)
   defining Unicode char U+2423 (decimal 9251)
))
(/usr/local/texlive/2011/texmf-dist/tex/latex/base/fontenc.sty
Package: fontenc 2005/09/27 v1.99g Standard LaTeX package

(/usr/local/texlive/2011/texmf-dist/tex/latex/base/t1enc.def
File: t1enc.def 2005/09/27 v1.99g Standard LaTeX file
LaTeX Font Info:    Redeclaring font encoding T1 on input line 43.
))
(/usr/local/texlive/2011/texmf-dist/tex/latex/subfig/subfig.sty
Package: subfig 2005/06/28 ver: 1.3 subfig package

(/usr/local/texlive/2011/texmf-dist/tex/latex/caption/caption.sty
Package: caption 2012/02/19 v3.2f Customizing captions (AR)

(/usr/local/texlive/2011/texmf-dist/tex/latex/caption/caption3.sty
Package: caption3 2012/01/12 v1.4b caption3 kernel (AR)
\captionmargin=\dimen135
\captionmargin@=\dimen136
\captionwidth=\dimen137
\caption@indent=\dimen138
\caption@parindent=\dimen139
\caption@hangindent=\dimen140
)
\c@ContinuedFloat=\count219
Package caption Info: hyperref package is loaded.
)
\c@KVtest=\count220
\sf@farskip=\skip57
\sf@captopadj=\dimen141
\sf@capskip=\skip58
\sf@nearskip=\skip59
\c@subfigure=\count221
\c@subfigure@save=\count222
\c@lofdepth=\count223
\c@subtable=\count224
\c@subtable@save=\count225
\c@lotdepth=\count226
\sf@top=\skip60
\sf@bottom=\skip61
)
(/usr/local/texlive/2011/texmf-dist/tex/generic/xypic/xypic.sty
(/usr/local/texlive/2011/texmf-dist/tex/generic/xypic/xy.sty
(/usr/local/texlive/2011/texmf-dist/tex/generic/xypic/xy.tex Bootstrap'ing:
catcodes, docmode,
(/usr/local/texlive/2011/texmf-dist/tex/generic/xypic/xyrecat.tex)
(/usr/local/texlive/2011/texmf-dist/tex/generic/xypic/xyidioms.tex)

 Xy-pic version 3.8.6 <2011/05/27>
 Copyright (c) 1991-2011 by Kristoffer H. Rose <krisrose@tug.org>
 Xy-pic is free software: see the User's Guide for details.

Loading kernel: messages; fonts; allocations: state,
\X@c=\dimen142
\Y@c=\dimen143
\U@c=\dimen144
\D@c=\dimen145
\L@c=\dimen146
\R@c=\dimen147
\Edge@c=\toks28
\X@p=\dimen148
\Y@p=\dimen149
\U@p=\dimen150
\D@p=\dimen151
\L@p=\dimen152
\R@p=\dimen153
\Edge@p=\toks29
\X@origin=\dimen154
\Y@origin=\dimen155
\X@xbase=\dimen156
\Y@xbase=\dimen157
\X@ybase=\dimen158
\Y@ybase=\dimen159
\X@min=\dimen160
\Y@min=\dimen161
\X@max=\dimen162
\Y@max=\dimen163
\lastobjectbox@=\box28
\zerodotbox@=\box29
\almostz@=\dimen164
 direction,
\d@X=\dimen165
\d@Y=\dimen166
\K@=\count227
\KK@=\count228
\Direction=\count229
\K@dXdY=\dimen167
\K@dYdX=\dimen168
\xyread@=\read2
\xywrite@=\write4
\csp@=\count230
\quotPTK@=\dimen169

utility macros; pictures: \xy, positions,
\swaptoks@@=\toks30
\connectobjectbox@@=\box30
 objects,
\styletoks@=\toks31
 decorations;
kernel objects: directionals, circles, text; options; algorithms: directions,
edges, connections;  Xy-pic loaded)

LaTeX Warning: You have requested package `xypic',
               but the package provides `xy'.

Package: xy 2011/05/27 Xy-pic version 3.8.6
(/usr/local/texlive/2011/texmf-dist/tex/generic/xypic/xypdf.tex
 Xy-pic option: PDF driver v.1.7 loaded))
(/usr/local/texlive/2011/texmf-dist/tex/generic/xypic/xyv2.tex
 Xy-pic option: Version 2 Compatibility v.3.8

Xy-pic Warning: `\stop' redefined.

(/usr/local/texlive/2011/texmf-dist/tex/generic/xypic/xyframe.tex
 Xy-pic option: Frame and Bracket extension v.3.13 loaded)
Xy-pic pdf driver: `frame' extension support
(/usr/local/texlive/2011/texmf-dist/tex/generic/xypic/xypdf-fr.tex
(/usr/local/texlive/2011/texmf-dist/tex/generic/xypic/xycurve.tex
 Xy-pic option: Curve and Spline extension v.3.12 curve,
\crv@cnt@=\count231
\crvpts@=\toks32
\splinebox@=\box31
\splineval@=\dimen170
\splinedepth@=\dimen171
\splinetol@=\dimen172
\splinelength@=\dimen173
 circles,
\L@=\dimen174
 loaded)
Xy-pic pdf driver: `curve' extension support
(/usr/local/texlive/2011/texmf-dist/tex/generic/xypic/xypdf-cu.tex loaded)
loaded) (/usr/local/texlive/2011/texmf-dist/tex/generic/xypic/xymatrix.tex
 Xy-pic option: Matrix feature v.3.14
\Row=\count232
\Col=\count233
\queue@=\toks33
\queue@@=\toks34
Normal \count register pool exhausted, switching to extended pool.
\qcount@=\count277
\qcount@@=\count278
\matrixsize@=\count279
 loaded)
(/usr/local/texlive/2011/texmf-dist/tex/generic/xypic/xyarrow.tex
 Xy-pic option: Arrow and Path feature v.3.9 path, \ar, loaded) loaded))
(/Users/micha/Library/texmf/tex/latex/pgf-2.00/latex/pgf/frontendlayer/tikz.sty
(/Users/micha/Library/texmf/tex/latex/pgf-2.00/latex/pgf/basiclayer/pgf.sty
(/Users/micha/Library/texmf/tex/latex/pgf-2.00/latex/pgf/utilities/pgfrcs.sty
(/Users/micha/Library/texmf/tex/latex/pgf-2.00/generic/pgf/utilities/pgfutil-co
mmon.tex
\pgfutil@everybye=\toks35
)
(/Users/micha/Library/texmf/tex/latex/pgf-2.00/generic/pgf/utilities/pgfutil-la
tex.def)
(/Users/micha/Library/texmf/tex/latex/pgf-2.00/generic/pgf/utilities/pgfrcs.cod
e.tex
Package: pgfrcs 2008/02/20 v2.00 (rcs-revision 1.21)
))
Package: pgf 2008/01/15 v2.00 (rcs-revision 1.12)

(/Users/micha/Library/texmf/tex/latex/pgf-2.00/latex/pgf/basiclayer/pgfcore.sty

(/Users/micha/Library/texmf/tex/latex/pgf-2.00/latex/pgf/systemlayer/pgfsys.sty

(/Users/micha/Library/texmf/tex/latex/pgf-2.00/generic/pgf/systemlayer/pgfsys.c
ode.tex
Package: pgfsys 2008/02/07 v2.00 (rcs-revision 1.31)

(/Users/micha/Library/texmf/tex/latex/pgf-2.00/generic/pgf/utilities/pgfkeys.co
de.tex
\pgfkeys@pathtoks=\toks36
\pgfkeys@temptoks=\toks37
)
\pgf@x=\dimen175
\pgf@y=\dimen176
\pgf@xa=\dimen177
\pgf@ya=\dimen178
\pgf@xb=\dimen179
\pgf@yb=\dimen180
\pgf@xc=\dimen181
\pgf@yc=\dimen182
\c@pgf@counta=\count280
\c@pgf@countb=\count281
\c@pgf@countc=\count282
\c@pgf@countd=\count283

(/Users/micha/Library/texmf/tex/latex/pgf-2.00/generic/pgf/systemlayer/pgf.cfg
File: pgf.cfg 2008/01/13  (rcs-revision 1.6)
)
Package pgfsys Info: Driver file for pgf: pgfsys-pdftex.def on input line 885.

(/Users/micha/Library/texmf/tex/latex/pgf-2.00/generic/pgf/systemlayer/pgfsys-p
dftex.def
File: pgfsys-pdftex.def 2007/12/20  (rcs-revision 1.20)

(/Users/micha/Library/texmf/tex/latex/pgf-2.00/generic/pgf/systemlayer/pgfsys-c
ommon-pdf.def
File: pgfsys-common-pdf.def 2007/12/17  (rcs-revision 1.8)
)))
(/Users/micha/Library/texmf/tex/latex/pgf-2.00/generic/pgf/systemlayer/pgfsysso
ftpath.code.tex
File: pgfsyssoftpath.code.tex 2008/01/23  (rcs-revision 1.6)
\pgfsyssoftpath@smallbuffer@items=\count284
\pgfsyssoftpath@bigbuffer@items=\count285
)
(/Users/micha/Library/texmf/tex/latex/pgf-2.00/generic/pgf/systemlayer/pgfsyspr
otocol.code.tex
File: pgfsysprotocol.code.tex 2006/10/16  (rcs-revision 1.4)
))
(/usr/local/texlive/2011/texmf-dist/tex/latex/xcolor/xcolor.sty
Package: xcolor 2007/01/21 v2.11 LaTeX color extensions (UK)

(/usr/local/texlive/2011/texmf-dist/tex/latex/latexconfig/color.cfg
File: color.cfg 2007/01/18 v1.5 color configuration of teTeX/TeXLive
)
Package xcolor Info: Driver file: pdftex.def on input line 225.
Package xcolor Info: Model `cmy' substituted by `cmy0' on input line 1337.
Package xcolor Info: Model `hsb' substituted by `rgb' on input line 1341.
Package xcolor Info: Model `RGB' extended on input line 1353.
Package xcolor Info: Model `HTML' substituted by `rgb' on input line 1355.
Package xcolor Info: Model `Hsb' substituted by `hsb' on input line 1356.
Package xcolor Info: Model `tHsb' substituted by `hsb' on input line 1357.
Package xcolor Info: Model `HSB' substituted by `hsb' on input line 1358.
Package xcolor Info: Model `Gray' substituted by `gray' on input line 1359.
Package xcolor Info: Model `wave' substituted by `hsb' on input line 1360.
)
(/Users/micha/Library/texmf/tex/latex/pgf-2.00/generic/pgf/basiclayer/pgfcore.c
ode.tex
Package: pgfcore 2008/01/15 v2.00 (rcs-revision 1.6)

(/Users/micha/Library/texmf/tex/latex/pgf-2.00/generic/pgf/math/pgfmath.code.te
x
(/Users/micha/Library/texmf/tex/latex/pgf-2.00/generic/pgf/math/pgfmathcalc.cod
e.tex
(/Users/micha/Library/texmf/tex/latex/pgf-2.00/generic/pgf/math/pgfmathutil.cod
e.tex
\pgfmath@box=\box32
)
(/Users/micha/Library/texmf/tex/latex/pgf-2.00/generic/pgf/math/pgfmathparser.c
ode.tex
\pgfmath@stack=\toks38
\c@pgfmath@parsecounta=\count286
\c@pgfmath@parsecountb=\count287
\c@pgfmath@parsecountc=\count288
\pgfmath@parsex=\dimen183
)
(/Users/micha/Library/texmf/tex/latex/pgf-2.00/generic/pgf/math/pgfmathoperatio
ns.code.tex
(/Users/micha/Library/texmf/tex/latex/pgf-2.00/generic/pgf/math/pgfmathtrig.cod
e.tex)
(/Users/micha/Library/texmf/tex/latex/pgf-2.00/generic/pgf/math/pgfmathrnd.code
.tex))
(/Users/micha/Library/texmf/tex/latex/pgf-2.00/generic/pgf/math/pgfmathbase.cod
e.tex)))
(/Users/micha/Library/texmf/tex/latex/pgf-2.00/generic/pgf/basiclayer/pgfcorepo
ints.code.tex
File: pgfcorepoints.code.tex 2008/02/03  (rcs-revision 1.13)
\pgf@picminx=\dimen184
\pgf@picmaxx=\dimen185
\pgf@picminy=\dimen186
\pgf@picmaxy=\dimen187
\pgf@pathminx=\dimen188
\pgf@pathmaxx=\dimen189
\pgf@pathminy=\dimen190
\pgf@pathmaxy=\dimen191
\pgf@xx=\dimen192
\pgf@xy=\dimen193
\pgf@yx=\dimen194
\pgf@yy=\dimen195
\pgf@zx=\dimen196
\pgf@zy=\dimen197
)
(/Users/micha/Library/texmf/tex/latex/pgf-2.00/generic/pgf/basiclayer/pgfcorepa
thconstruct.code.tex
File: pgfcorepathconstruct.code.tex 2008/02/13  (rcs-revision 1.14)
\pgf@path@lastx=\dimen198
\pgf@path@lasty=\dimen199
)
(/Users/micha/Library/texmf/tex/latex/pgf-2.00/generic/pgf/basiclayer/pgfcorepa
thusage.code.tex
File: pgfcorepathusage.code.tex 2008/01/23  (rcs-revision 1.11)
\pgf@shorten@end@additional=\dimen200
\pgf@shorten@start@additional=\dimen201
)
(/Users/micha/Library/texmf/tex/latex/pgf-2.00/generic/pgf/basiclayer/pgfcoresc
opes.code.tex
File: pgfcorescopes.code.tex 2008/01/15  (rcs-revision 1.26)
\pgfpic=\box33
\pgf@hbox=\box34
\pgf@layerbox@main=\box35
\pgf@picture@serial@count=\count289
)
(/Users/micha/Library/texmf/tex/latex/pgf-2.00/generic/pgf/basiclayer/pgfcoregr
aphicstate.code.tex
File: pgfcoregraphicstate.code.tex 2007/12/12  (rcs-revision 1.8)
\pgflinewidth=\dimen202
)
(/Users/micha/Library/texmf/tex/latex/pgf-2.00/generic/pgf/basiclayer/pgfcoretr
ansformations.code.tex
File: pgfcoretransformations.code.tex 2008/02/04  (rcs-revision 1.10)
\pgf@pt@x=\dimen203
\pgf@pt@y=\dimen204
\pgf@pt@temp=\dimen205
)
(/Users/micha/Library/texmf/tex/latex/pgf-2.00/generic/pgf/basiclayer/pgfcorequ
ick.code.tex
File: pgfcorequick.code.tex 2006/10/11  (rcs-revision 1.2)
)
(/Users/micha/Library/texmf/tex/latex/pgf-2.00/generic/pgf/basiclayer/pgfcoreob
jects.code.tex
File: pgfcoreobjects.code.tex 2006/10/11  (rcs-revision 1.2)
)
(/Users/micha/Library/texmf/tex/latex/pgf-2.00/generic/pgf/basiclayer/pgfcorepa
thprocessing.code.tex
File: pgfcorepathprocessing.code.tex 2008/01/23  (rcs-revision 1.7)
)
(/Users/micha/Library/texmf/tex/latex/pgf-2.00/generic/pgf/basiclayer/pgfcorear
rows.code.tex
File: pgfcorearrows.code.tex 2007/06/07  (rcs-revision 1.8)
)
(/Users/micha/Library/texmf/tex/latex/pgf-2.00/generic/pgf/basiclayer/pgfcoresh
ade.code.tex
File: pgfcoreshade.code.tex 2007/12/10  (rcs-revision 1.9)
\pgf@max=\dimen206
\pgf@sys@shading@range@num=\count290
)
(/Users/micha/Library/texmf/tex/latex/pgf-2.00/generic/pgf/basiclayer/pgfcoreim
age.code.tex
File: pgfcoreimage.code.tex 2008/01/15  (rcs-revision 1.1)
\pgfexternal@startupbox=\box36
)
(/Users/micha/Library/texmf/tex/latex/pgf-2.00/generic/pgf/basiclayer/pgfcorela
yers.code.tex
File: pgfcorelayers.code.tex 2008/01/15  (rcs-revision 1.1)
)
(/Users/micha/Library/texmf/tex/latex/pgf-2.00/generic/pgf/basiclayer/pgfcoretr
ansparency.code.tex
File: pgfcoretransparency.code.tex 2008/01/17  (rcs-revision 1.2)
)
(/Users/micha/Library/texmf/tex/latex/pgf-2.00/generic/pgf/basiclayer/pgfcorepa
tterns.code.tex
File: pgfcorepatterns.code.tex 2008/01/15  (rcs-revision 1.1)
)))
(/Users/micha/Library/texmf/tex/latex/pgf-2.00/generic/pgf/modules/pgfmodulesha
pes.code.tex
File: pgfmoduleshapes.code.tex 2008/02/13  (rcs-revision 1.4)
\pgfnodeparttextbox=\box37
\toks@savedmacro=\toks39
)
(/Users/micha/Library/texmf/tex/latex/pgf-2.00/generic/pgf/modules/pgfmoduleplo
t.code.tex
File: pgfmoduleplot.code.tex 2008/01/15  (rcs-revision 1.1)
\pgf@plotwrite=\write5
)
(/Users/micha/Library/texmf/tex/latex/pgf-2.00/latex/pgf/compatibility/pgfcomp-
version-0-65.sty
Package: pgfcomp-version-0-65 2007/07/03 v2.00 (rcs-revision 1.7)
\pgf@nodesepstart=\dimen207
\pgf@nodesepend=\dimen208
)
(/Users/micha/Library/texmf/tex/latex/pgf-2.00/latex/pgf/compatibility/pgfcomp-
version-1-18.sty
Package: pgfcomp-version-1-18 2007/07/23 v2.00 (rcs-revision 1.1)
))
(/Users/micha/Library/texmf/tex/latex/pgf-2.00/latex/pgf/utilities/pgffor.sty
(/Users/micha/Library/texmf/tex/latex/pgf-2.00/generic/pgf/utilities/pgffor.cod
e.tex
Package: pgffor 2007/11/07 v2.00 (rcs-revision 1.8)
\pgffor@iter=\dimen209
\pgffor@skip=\dimen210
))
(/Users/micha/Library/texmf/tex/latex/pgf-2.00/generic/pgf/frontendlayer/tikz/t
ikz.code.tex
Package: tikz 2008/02/13 v2.00 (rcs-revision 1.27)

(/Users/micha/Library/texmf/tex/latex/pgf-2.00/generic/pgf/libraries/pgflibrary
plothandlers.code.tex
File: pgflibraryplothandlers.code.tex 2007/03/09 v2.00 (rcs-revision 1.9)
\pgf@plot@mark@count=\count291
\pgfplotmarksize=\dimen211
)
\tikz@lastx=\dimen212
\tikz@lasty=\dimen213
\tikz@lastxsaved=\dimen214
\tikz@lastysaved=\dimen215
\tikzleveldistance=\dimen216
\tikzsiblingdistance=\dimen217
\tikz@figbox=\box38
\tikz@tempbox=\box39
\tikztreelevel=\count292
\tikznumberofchildren=\count293
\tikznumberofcurrentchild=\count294
\tikz@fig@count=\count295

(/Users/micha/Library/texmf/tex/latex/pgf-2.00/generic/pgf/modules/pgfmodulemat
rix.code.tex
File: pgfmodulematrix.code.tex 2008/01/15  (rcs-revision 1.1)
\pgfmatrixcurrentrow=\count296
\pgfmatrixcurrentcolumn=\count297
\pgf@matrix@numberofcolumns=\count298
)
\tikz@expandcount=\count299

(/Users/micha/Library/texmf/tex/latex/pgf-2.00/generic/pgf/frontendlayer/tikz/l
ibraries/tikzlibrarytopaths.code.tex
File: tikzlibrarytopaths.code.tex 2008/01/09 v2.00 (rcs-revision 1.1)
)))
(/Users/micha/Library/texmf/tex/latex/pgf-2.00/generic/pgf/frontendlayer/tikz/l
ibraries/tikzlibraryarrows.code.tex
File: tikzlibraryarrows.code.tex 2008/01/09 v2.00 (rcs-revision 1.1)

(/Users/micha/Library/texmf/tex/latex/pgf-2.00/generic/pgf/libraries/pgflibrary
arrows.code.tex
File: pgflibraryarrows.code.tex 2007/06/07 v2.00 (rcs-revision 1.7)
))
(/Users/micha/Library/texmf/tex/latex/pgf-2.00/generic/pgf/frontendlayer/tikz/l
ibraries/tikzlibraryshapes.code.tex
File: tikzlibraryshapes.code.tex 2008/01/09 v2.00 (rcs-revision 1.1)

(/Users/micha/Library/texmf/tex/latex/pgf-2.00/generic/pgf/frontendlayer/tikz/l
ibraries/tikzlibraryshapes.geometric.code.tex
File: tikzlibraryshapes.geometric.code.tex 2008/01/09 v2.00 (rcs-revision 1.1)

(/Users/micha/Library/texmf/tex/latex/pgf-2.00/generic/pgf/libraries/pgflibrary
shapes.geometric.code.tex
File: pgflibraryshapes.geometric.code.tex 2008/02/01 v2.00 (rcs-revision 1.22)
))
(/Users/micha/Library/texmf/tex/latex/pgf-2.00/generic/pgf/frontendlayer/tikz/l
ibraries/tikzlibraryshapes.misc.code.tex
File: tikzlibraryshapes.misc.code.tex 2008/01/09 v2.00 (rcs-revision 1.1)

(/Users/micha/Library/texmf/tex/latex/pgf-2.00/generic/pgf/libraries/pgflibrary
shapes.misc.code.tex
File: pgflibraryshapes.misc.code.tex 2008/02/12 v2.00 (rcs-revision 1.10)
))
(/Users/micha/Library/texmf/tex/latex/pgf-2.00/generic/pgf/frontendlayer/tikz/l
ibraries/tikzlibraryshapes.symbols.code.tex
File: tikzlibraryshapes.symbols.code.tex 2008/01/09 v2.00 (rcs-revision 1.1)

(/Users/micha/Library/texmf/tex/latex/pgf-2.00/generic/pgf/libraries/pgflibrary
shapes.symbols.code.tex
File: pgflibraryshapes.symbols.code.tex 2008/01/30 v2.00 (rcs-revision 1.13)
))
(/Users/micha/Library/texmf/tex/latex/pgf-2.00/generic/pgf/frontendlayer/tikz/l
ibraries/tikzlibraryshapes.arrows.code.tex
File: tikzlibraryshapes.arrows.code.tex 2008/01/09 v2.00 (rcs-revision 1.1)

(/Users/micha/Library/texmf/tex/latex/pgf-2.00/generic/pgf/libraries/pgflibrary
shapes.arrows.code.tex
File: pgflibraryshapes.arrows.code.tex 2007/11/10 v2.00 (rcs-revision 1.3)
))
(/Users/micha/Library/texmf/tex/latex/pgf-2.00/generic/pgf/frontendlayer/tikz/l
ibraries/tikzlibraryshapes.callouts.code.tex
(/Users/micha/Library/texmf/tex/latex/pgf-2.00/generic/pgf/libraries/pgflibrary
shapes.callouts.code.tex))
(/Users/micha/Library/texmf/tex/latex/pgf-2.00/generic/pgf/frontendlayer/tikz/l
ibraries/tikzlibraryshapes.multipart.code.tex
File: tikzlibraryshapes.multipart.code.tex 2008/01/09 v2.00 (rcs-revision 1.1)

(/Users/micha/Library/texmf/tex/latex/pgf-2.00/generic/pgf/libraries/pgflibrary
shapes.multipart.code.tex
File: pgflibraryshapes.multipart.code.tex 2008/01/15 v2.00 (rcs-revision 1.7)
\pgfnodepartlowerbox=\box40
\pgfnodepartsecondbox=\box41
\pgfnodepartthirdbox=\box42
\pgfnodepartfourthbox=\box43
)))
(/Users/micha/Library/texmf/tex/latex/pgf-2.00/generic/pgf/frontendlayer/tikz/l
ibraries/tikzlibraryautomata.code.tex
File: tikzlibraryautomata.code.tex 2008/02/14 v2.00 (rcs-revision 1.2)
)
(/Users/micha/Library/texmf/tex/latex/pgf-2.00/generic/pgf/frontendlayer/tikz/l
ibraries/tikzlibrarybackgrounds.code.tex
File: tikzlibrarybackgrounds.code.tex 2008/01/09 v2.00 (rcs-revision 1.1)
\pgf@layerbox@background=\box44
\pgf@layerboxsaved@background=\box45
)
(/Users/micha/Library/texmf/tex/latex/pgf-2.00/generic/pgf/frontendlayer/tikz/l
ibraries/tikzlibrarypetri.code.tex
File: tikzlibrarypetri.code.tex 2008/01/09 v2.00 (rcs-revision 1.1)
)
(/Users/micha/Library/texmf/tex/latex/pgf-2.00/generic/pgf/frontendlayer/tikz/l
ibraries/tikzlibraryfit.code.tex
File: tikzlibraryfit.code.tex 2008/02/06 v2.00 (rcs-revision 1.2)
)
(/Users/micha/Library/texmf/tex/latex/pgf-2.00/generic/pgf/frontendlayer/tikz/l
ibraries/tikzlibrarydecorations.pathmorphing.code.tex
(/Users/micha/Library/texmf/tex/latex/pgf-2.00/generic/pgf/frontendlayer/tikz/l
ibraries/tikzlibrarydecorations.code.tex
(/Users/micha/Library/texmf/tex/latex/pgf-2.00/generic/pgf/modules/pgfmoduledec
orations.code.tex
\pgfdecoratedcompleteddistance=\dimen218
\pgfdecoratedremainingdistance=\dimen219
\pgfdecoratedinputsegmentcompleteddistance=\dimen220
\pgfdecoratedinputsegmentremainingdistance=\dimen221
\pgf@decorate@distancetomove=\dimen222
\pgf@decorate@repeatstate=\count300
\pgfdecorationsegmentamplitude=\dimen223
\pgfdecorationsegmentlength=\dimen224
))
(/Users/micha/Library/texmf/tex/latex/pgf-2.00/generic/pgf/libraries/pgflibrary
decorations.pathmorphing.code.tex))
(/usr/local/texlive/2011/texmf-dist/tex/latex/tools/xspace.sty
Package: xspace 2009/10/20 v1.13 Space after command names (DPC,MH)
)
(/Users/micha/Library/texmf/tex/latex/frankenstein/attrib.sty
Package: attrib 2001/08/31 v1.3 attribution of block elements (Frankenstein's h
at)

(/Users/micha/Library/texmf/tex/latex/frankenstein/moredefs.sty
Package: moredefs 2001/08/31 v1.8 more defining commands (Frankenstein's brain)

\sc@toks@a=\toks40
\sc@toks@b=\toks41
)
\AttribMinSkip=\skip62
)
(/usr/local/texlive/2011/texmf-dist/tex/latex/eurosym/eurosym.sty
Package: eurosym 1998/08/06 v1.1 European currency symbol ``Euro''
\@eurobox=\box46
)
(/Users/micha/Library/texmf/tex/latex/pgfplots/tex/latex/pgfplots/pgfplots.sty
(/Users/micha/Library/texmf/tex/latex/pgfplots/tex/generic/pgfplots/pgfplots.re
vision.tex)
Package: pgfplots 2011/07/29 v1.5 (git show 1.5-1-gcc2f2d2 )

(/Users/micha/Library/texmf/tex/latex/pgfplots/tex/generic/pgfplots/pgfplots.co
de.tex
(/Users/micha/Library/texmf/tex/latex/pgfplots/tex/generic/pgfplots/pgfplotscor
e.code.tex
\t@pgfplots@toka=\toks42
\t@pgfplots@tokb=\toks43
\t@pgfplots@tokc=\toks44
\pgfplots@tmpa=\dimen225
\c@pgfplots@coordindex=\count301
\c@pgfplots@scanlineindex=\count302
\r@pgfplots@reada=\read3

(/Users/micha/Library/texmf/tex/latex/pgfplots/tex/generic/pgfplots/sys/pgfplot
ssysgeneric.code.tex))
(/Users/micha/Library/texmf/tex/latex/pgfplots/tex/generic/pgfplots/libs/pgfplo
tslibrary.code.tex)
(/Users/micha/Library/texmf/tex/latex/pgfplots/tex/generic/pgfplots/oldpgfcompa
tib/pgfplotsoldpgfsupp_loader.code.tex
Package pgfplots: loading complementary code for your PGF version...

(/Users/micha/Library/texmf/tex/latex/pgfplots/tex/generic/pgfplots/oldpgfcompa
tib/pgfplotsoldpgfsupp_misc.code.tex
\w@pgf@writea=\write6
\r@pgf@reada=\read4
)
(/Users/micha/Library/texmf/tex/latex/pgfplots/tex/generic/pgfplots/oldpgfcompa
tib/pgfplotsoldpgfsupp_pgfkeys.code.tex
\pgfkeys@pathtoks=\toks45
\pgfkeys@temptoks=\toks46

(/Users/micha/Library/texmf/tex/latex/pgfplots/tex/generic/pgfplots/oldpgfcompa
tib/pgfplotsoldpgfsupp_pgfkeysfiltered.code.tex
\pgfkeys@tmptoks=\toks47
))
(/Users/micha/Library/texmf/tex/latex/pgfplots/tex/generic/pgfplots/oldpgfcompa
tib/pgfplotsoldpgfsupp_pgfmathfloat.code.tex
\c@pgfmathroundto@lastzeros=\count303
)
(/Users/micha/Library/texmf/tex/latex/pgfplots/tex/generic/pgfplots/oldpgfcompa
tib/pgfplotsoldpgfsupp_pgflibraryplothandlers.code.tex
File: pgflibraryplothandlers.code.tex 2010/05/31 v2.00 (rcs-revision 1.15)
\pgf@plot@mark@count=\count304
\pgfplotmarksize=\dimen226
)
(/Users/micha/Library/texmf/tex/latex/pgfplots/tex/generic/pgfplots/oldpgfcompa
tib/pgfplotsoldpgfsupp_pgflibraryfpu.code.tex))
(/Users/micha/Library/texmf/tex/latex/pgfplots/tex/generic/pgfplots/util/pgfplo
tsutil.code.tex
(/Users/micha/Library/texmf/tex/latex/pgfplots/tex/generic/pgfplots/liststructu
re/pgfplotsliststructure.code.tex)
(/Users/micha/Library/texmf/tex/latex/pgfplots/tex/generic/pgfplots/liststructu
re/pgfplotsliststructureext.code.tex)
(/Users/micha/Library/texmf/tex/latex/pgfplots/tex/generic/pgfplots/liststructu
re/pgfplotsarray.code.tex
\c@pgfplotsarray@tmp=\count305
)
(/Users/micha/Library/texmf/tex/latex/pgfplots/tex/generic/pgfplots/liststructu
re/pgfplotsmatrix.code.tex)
(/Users/micha/Library/texmf/tex/latex/pgfplots/tex/generic/pgfplots/numtable/pg
fplotstableshared.code.tex
\c@pgfplotstable@counta=\count306
\t@pgfplotstable@a=\toks48
)
(/Users/micha/Library/texmf/tex/latex/pgfplots/tex/generic/pgfplots/liststructu
re/pgfplotsdeque.code.tex)
(/Users/micha/Library/texmf/tex/latex/pgfplots/tex/generic/pgfplots/util/pgfplo
tsbinary.code.tex)
(/Users/micha/Library/texmf/tex/latex/pgfplots/tex/generic/pgfplots/util/pgfplo
tsutil.verb.code.tex)
(/Users/micha/Library/texmf/tex/latex/pgfplots/tex/generic/pgfplots/libs/pgflib
rarypgfplots.surfshading.code.tex
\c@pgfplotslibrarysurf@no=\count307

(/Users/micha/Library/texmf/tex/latex/pgfplots/tex/generic/pgfplots/sys/pgflibr
arypgfplots.surfshading.pgfsys-pdftex.def)))
(/Users/micha/Library/texmf/tex/latex/pgfplots/tex/generic/pgfplots/util/pgfplo
tscolormap.code.tex)
(/Users/micha/Library/texmf/tex/latex/pgfplots/tex/generic/pgfplots/pgfplotssta
ckedplots.code.tex)
(/Users/micha/Library/texmf/tex/latex/pgfplots/tex/generic/pgfplots/pgfplotsplo
thandlers.code.tex
(/Users/micha/Library/texmf/tex/latex/pgfplots/tex/generic/pgfplots/pgfplotsmes
hplothandler.code.tex))
(/Users/micha/Library/texmf/tex/latex/pgfplots/tex/generic/pgfplots/pgfplotscoo
rdprocessing.code.tex)
(/Users/micha/Library/texmf/tex/latex/pgfplots/tex/generic/pgfplots/pgfplotstic
ks.code.tex)
(/Users/micha/Library/texmf/tex/latex/pgf-2.00/generic/pgf/frontendlayer/tikz/l
ibraries/tikzlibrarydecorations.pathreplacing.code.tex
(/Users/micha/Library/texmf/tex/latex/pgf-2.00/generic/pgf/libraries/pgflibrary
decorations.pathreplacing.code.tex))
\pgfplots@numplots=\count308
\pgfplots@xmin@reg=\dimen227
\pgfplots@xmax@reg=\dimen228
\pgfplots@ymin@reg=\dimen229
\pgfplots@ymax@reg=\dimen230
\pgfplots@zmin@reg=\dimen231
\pgfplots@zmax@reg=\dimen232
)
(/Users/micha/Library/texmf/tex/latex/pgf-2.00/generic/pgf/frontendlayer/tikz/l
ibraries/tikzlibraryplotmarks.code.tex
File: tikzlibraryplotmarks.code.tex 2008/01/09 v2.00 (rcs-revision 1.1)

(/Users/micha/Library/texmf/tex/latex/pgf-2.00/generic/pgf/libraries/pgflibrary
plotmarks.code.tex
File: pgflibraryplotmarks.code.tex 2007/03/09 v2.00 (rcs-revision 1.5)
))) (../helpers/gb4e_micha.sty
(/Users/micha/Library/texmf/tex/latex/gb4e/cgloss4e.sty
\lineone=\box47
\linetwo=\box48
\linethree=\box49
\wordone=\box50
\wordtwo=\box51
\wordthree=\box52
\gline=\box53
\glossglue=\skip63
)
\c@fnx=\count309
\@xnumdepth=\count310
\c@xnumi=\count311
\c@xnumii=\count312
\c@xnumiii=\count313
\c@xnumiv=\count314
\c@exx=\count315
\c@rxnumi=\count316
\c@rxnumii=\count317
\c@rxnumiii=\count318
\c@rxnumiv=\count319
\lcommentsep=\skip64
)
(../helpers/proofing.sty

LaTeX Warning: You have requested package `../helpers/proofing',
               but the package provides `proofing'.

Package: proofing 2006/10/20 v1.7 Proofreading macros
(/usr/local/texlive/2011/texmf-dist/tex/latex/tools/calc.sty
Package: calc 2007/08/22 v4.3 Infix arithmetic (KKT,FJ)
\calc@Acount=\count320
\calc@Bcount=\count321
\calc@Adimen=\dimen233
Normal \dimen register pool exhausted, switching to extended pool.
\calc@Bdimen=\dimen256
\calc@Askip=\skip65
\calc@Bskip=\skip66
LaTeX Info: Redefining \setlength on input line 76.
LaTeX Info: Redefining \addtolength on input line 77.
\calc@Ccount=\count322
\calc@Cskip=\skip67
)
\c@draftmpar=\count323
\d@n@t@a=\toks49
\d@n@t@b=\toks50

(/Users/micha/Library/texmf/tex/latex/tikitu/proofing.cfg))
(../helpers/mycommands.sty

LaTeX Warning: You have requested package `../helpers/mycommands',
               but the package provides `mycommands'.

Package: mycommands 
\c@myexememory=\count324
) (/Users/micha/Library/texmf/tex/latex/svninfo/svninfo.sty
Package: svninfo 2010/03/22 v0.7.4
\@svnInfoDay=\count325
\@svnInfoMonth=\count326
\@svnInfoYear=\count327

(/Users/micha/Library/texmf/tex/latex/svninfo/svninfo.cfg)
(/usr/local/texlive/2011/texmf-dist/tex/latex/fancyhdr/fancyhdr.sty
\fancy@headwidth=\skip68
\f@ncyO@elh=\skip69
\f@ncyO@erh=\skip70
\f@ncyO@olh=\skip71
\f@ncyO@orh=\skip72
\f@ncyO@elf=\skip73
\f@ncyO@erf=\skip74
\f@ncyO@olf=\skip75
\f@ncyO@orf=\skip76
))
Package biblatex Info: Trying to load language 'english'...
Package biblatex Info: ... file 'english.lbx' found.

(/Users/micha/Library/texmf/tex/latex/biblatex/lbx/english.lbx
File: english.lbx 2011/04/12 v1.4b biblatex localization
)

Package biblatex Warning: 'babel' detected but 'csquotes' missing.
(biblatex)                Loading 'csquotes' recommended.

\@quotelevel=\count328
\@quotereset=\count329
(./paper1.aux

LaTeX Warning: Label `bsp:Plain-SI-Target' multiply defined.


LaTeX Warning: Label `bsp:Plain-SI-Implicature' multiply defined.


LaTeX Warning: Label `bsp:Plain-SI-Alternative' multiply defined.


LaTeX Warning: Label `fig:subfig1' multiply defined.


LaTeX Warning: Label `sub@fig:subfig1' multiply defined.


LaTeX Warning: Label `fig:exec' multiply defined.


LaTeX Warning: Label `fig:ReadingsAE' multiply defined.


LaTeX Warning: Label `sub@fig:ReadingsAE' multiply defined.


LaTeX Warning: Label `fig:ReadingsGE' multiply defined.


LaTeX Warning: Label `sub@fig:ReadingsGE' multiply defined.


LaTeX Warning: Label `fig:ReadingsAE' multiply defined.


LaTeX Warning: Label `sub@fig:ReadingsAE' multiply defined.


LaTeX Warning: Label `fig:ReadingsGE' multiply defined.


LaTeX Warning: Label `sub@fig:ReadingsGE' multiply defined.


LaTeX Warning: Label `fig:ReadingsAE' multiply defined.


LaTeX Warning: Label `sub@fig:ReadingsAE' multiply defined.


LaTeX Warning: Label `fig:ReadingsGE' multiply defined.


LaTeX Warning: Label `sub@fig:ReadingsGE' multiply defined.

)
\openout1 = `paper1.aux'.

LaTeX Font Info:    Checking defaults for OML/txmi/m/it on input line 92.
LaTeX Font Info:    Try loading font information for OML+txmi on input line 92.

 (/usr/local/texlive/2011/texmf-dist/tex/latex/txfonts/omltxmi.fd
File: omltxmi.fd 2000/12/15 v3.1
)
LaTeX Font Info:    ... okay on input line 92.
LaTeX Font Info:    Checking defaults for T1/cmr/m/n on input line 92.
LaTeX Font Info:    ... okay on input line 92.
LaTeX Font Info:    Checking defaults for OT1/cmr/m/n on input line 92.
LaTeX Font Info:    ... okay on input line 92.
LaTeX Font Info:    Checking defaults for OMS/txsy/m/n on input line 92.
LaTeX Font Info:    Try loading font information for OMS+txsy on input line 92.


(/usr/local/texlive/2011/texmf-dist/tex/latex/txfonts/omstxsy.fd
File: omstxsy.fd 2000/12/15 v3.1
)
LaTeX Font Info:    ... okay on input line 92.
LaTeX Font Info:    Checking defaults for OMX/txex/m/n on input line 92.
LaTeX Font Info:    Try loading font information for OMX+txex on input line 92.


(/usr/local/texlive/2011/texmf-dist/tex/latex/txfonts/omxtxex.fd
File: omxtxex.fd 2000/12/15 v3.1
)
LaTeX Font Info:    ... okay on input line 92.
LaTeX Font Info:    Checking defaults for U/txexa/m/n on input line 92.
LaTeX Font Info:    Try loading font information for U+txexa on input line 92.

(/usr/local/texlive/2011/texmf-dist/tex/latex/txfonts/utxexa.fd
File: utxexa.fd 2000/12/15 v3.1
)
LaTeX Font Info:    ... okay on input line 92.
LaTeX Font Info:    Checking defaults for PD1/pdf/m/n on input line 92.
LaTeX Font Info:    ... okay on input line 92.
LaTeX Font Info:    Try loading font information for T1+txr on input line 92.

(/usr/local/texlive/2011/texmf-dist/tex/latex/txfonts/t1txr.fd
File: t1txr.fd 2000/12/15 v3.1
)
Package biblatex Info: Input encoding 'utf8' detected.
Package biblatex Info: Automatic encoding selection.
(biblatex)             Assuming data encoding 'utf8'.


Package biblatex Warning: Data encoding is 'utf8'.
(biblatex)                Use backend=biber.

\openout3 = `paper1-blx.bib'.

Package biblatex Info: Trying to load bibliographic data...
Package biblatex Info: ... file 'paper1.bbl' found.
(./paper1.bbl

Package biblatex Warning: BibTeX reported the following issues
(biblatex)                with 'FoxSpector:Economy-and-Emb':
(biblatex)                - Invalid format of field 'month'.

)
Package biblatex Info: Reference section=0 on input line 92.
Package biblatex Info: Reference segment=0 on input line 92.
\AtBeginShipoutBox=\box54
Package hyperref Info: Link coloring ON on input line 92.
 (/usr/local/texlive/2011/texmf-dist/tex/latex/hyperref/nameref.sty
Package: nameref 2010/04/30 v2.40 Cross-referencing by name of section

(/usr/local/texlive/2011/texmf-dist/tex/generic/oberdiek/gettitlestring.sty
Package: gettitlestring 2010/12/03 v1.4 Cleanup title references (HO)
)
\c@section@level=\count330
)
LaTeX Info: Redefining \ref on input line 92.
LaTeX Info: Redefining \pageref on input line 92.
LaTeX Info: Redefining \nameref on input line 92.

(./paper1.out) (./paper1.out)
\@outlinefile=\write7
\openout7 = `paper1.out'.


(/usr/local/texlive/2011/texmf-dist/tex/context/base/supp-pdf.mkii
[Loading MPS to PDF converter (version 2006.09.02).]
\scratchcounter=\count331
\scratchdimen=\dimen257
\scratchbox=\box55
\nofMPsegments=\count332
\nofMParguments=\count333
\everyMPshowfont=\toks51
\MPscratchCnt=\count334
\MPscratchDim=\dimen258
\MPnumerator=\count335
\makeMPintoPDFobject=\count336
\everyMPtoPDFconversion=\toks52
) (/usr/local/texlive/2011/texmf-dist/tex/latex/oberdiek/epstopdf-base.sty
Package: epstopdf-base 2010/02/09 v2.5 Base part for package epstopdf

(/usr/local/texlive/2011/texmf-dist/tex/latex/oberdiek/grfext.sty
Package: grfext 2010/08/19 v1.1 Manage graphics extensions (HO)
)
Package grfext Info: Graphics extension search list:
(grfext)             [.png,.pdf,.jpg,.mps,.jpeg,.jbig2,.jb2,.PNG,.PDF,.JPG,.JPE
G,.JBIG2,.JB2,.eps]
(grfext)             \AppendGraphicsExtensions on input line 452.

(/usr/local/texlive/2011/texmf-dist/tex/latex/latexconfig/epstopdf-sys.cfg
File: epstopdf-sys.cfg 2010/07/13 v1.3 Configuration of (r)epstopdf for TeX Liv
e
))
Package caption Info: Begin \AtBeginDocument code.
Package caption Info: subfig package v1.3 is loaded.
Package caption Info: End \AtBeginDocument code.
LaTeX Font Info:    Try loading font information for OT1+txr on input line 92.

(/usr/local/texlive/2011/texmf-dist/tex/latex/txfonts/ot1txr.fd
File: ot1txr.fd 2000/12/15 v3.1
)
LaTeX Font Info:    Try loading font information for U+txsya on input line 92.

(/usr/local/texlive/2011/texmf-dist/tex/latex/txfonts/utxsya.fd
File: utxsya.fd 2000/12/15 v3.1
)
LaTeX Font Info:    Try loading font information for U+txsyb on input line 92.

(/usr/local/texlive/2011/texmf-dist/tex/latex/txfonts/utxsyb.fd
File: utxsyb.fd 2000/12/15 v3.1
)
LaTeX Font Info:    Try loading font information for U+txmia on input line 92.

(/usr/local/texlive/2011/texmf-dist/tex/latex/txfonts/utxmia.fd
File: utxmia.fd 2000/12/15 v3.1
)
LaTeX Font Info:    Try loading font information for U+txsyc on input line 92.

(/usr/local/texlive/2011/texmf-dist/tex/latex/txfonts/utxsyc.fd
File: utxsyc.fd 2000/12/15 v3.1
)
Package xypdf Info: Line width: 0.56pt on input line 92.
LaTeX Font Info:    Try loading font information for OMS+txr on input line 99.

(/usr/local/texlive/2011/texmf-dist/tex/latex/txfonts/omstxr.fd
File: omstxr.fd 2000/12/15 v3.1
)
LaTeX Font Info:    Font shape `OMS/txr/m/n' in size <9> not available
(Font)              Font shape `OMS/txsy/m/n' tried instead on input line 99.
 (./paper1.toc
[1

{/usr/local/texlive/2011/texmf-var/fonts/map/pdftex/updmap/pdftex.map}])
\tf@toc=\write8
\openout8 = `paper1.toc'.


[2] [3]

LaTeX Warning: No positions in optional float specifier.
               Default added (so using `tbp') on input line 555.


LaTeX Font Warning: Command \Large invalid in math mode on input line 602.


LaTeX Font Warning: Command \Large invalid in math mode on input line 602.


LaTeX Font Warning: Command \Large invalid in math mode on input line 602.


LaTeX Font Warning: Command \Large invalid in math mode on input line 602.


LaTeX Font Warning: Command \Large invalid in math mode on input line 602.


LaTeX Font Warning: Command \Large invalid in math mode on input line 602.


LaTeX Font Warning: Command \Large invalid in math mode on input line 602.


LaTeX Font Warning: Command \Large invalid in math mode on input line 665.


LaTeX Font Warning: Command \Large invalid in math mode on input line 665.


LaTeX Font Warning: Command \Large invalid in math mode on input line 665.


LaTeX Font Warning: Command \Large invalid in math mode on input line 665.


LaTeX Font Warning: Command \Large invalid in math mode on input line 665.


LaTeX Font Warning: Command \Large invalid in math mode on input line 665.


LaTeX Font Warning: Command \Large invalid in math mode on input line 665.


LaTeX Font Warning: Command \Large invalid in math mode on input line 720.


LaTeX Font Warning: Command \Large invalid in math mode on input line 720.


LaTeX Font Warning: Command \Large invalid in math mode on input line 720.


LaTeX Font Warning: Command \Large invalid in math mode on input line 720.


LaTeX Font Warning: Command \Large invalid in math mode on input line 720.


LaTeX Font Warning: Command \Large invalid in math mode on input line 720.


LaTeX Font Warning: Command \Large invalid in math mode on input line 720.


LaTeX Font Warning: Command \Large invalid in math mode on input line 772.


LaTeX Font Warning: Command \Large invalid in math mode on input line 772.


LaTeX Font Warning: Command \Large invalid in math mode on input line 772.


LaTeX Font Warning: Command \Large invalid in math mode on input line 772.


LaTeX Font Warning: Command \Large invalid in math mode on input line 772.


LaTeX Font Warning: Command \Large invalid in math mode on input line 772.


LaTeX Font Warning: Command \Large invalid in math mode on input line 772.

[4] [5]

LaTeX Warning: No positions in optional float specifier.
               Default added (so using `tbp') on input line 833.


LaTeX Font Warning: Command \Large invalid in math mode on input line 882.


LaTeX Font Warning: Command \Large invalid in math mode on input line 882.


LaTeX Font Warning: Command \Large invalid in math mode on input line 882.


LaTeX Font Warning: Command \Large invalid in math mode on input line 882.


LaTeX Font Warning: Command \Large invalid in math mode on input line 882.


LaTeX Font Warning: Command \Large invalid in math mode on input line 882.


LaTeX Font Warning: Command \Large invalid in math mode on input line 882.


LaTeX Font Warning: Command \Large invalid in math mode on input line 926.


LaTeX Font Warning: Command \Large invalid in math mode on input line 926.


LaTeX Font Warning: Command \Large invalid in math mode on input line 926.


LaTeX Font Warning: Command \Large invalid in math mode on input line 926.


LaTeX Font Warning: Command \Large invalid in math mode on input line 926.


LaTeX Font Warning: Command \Large invalid in math mode on input line 926.


LaTeX Font Warning: Command \Large invalid in math mode on input line 926.


LaTeX Font Warning: Command \Large invalid in math mode on input line 988.


LaTeX Font Warning: Command \Large invalid in math mode on input line 988.


LaTeX Font Warning: Command \Large invalid in math mode on input line 988.


LaTeX Font Warning: Command \Large invalid in math mode on input line 988.


LaTeX Font Warning: Command \Large invalid in math mode on input line 988.


LaTeX Font Warning: Command \Large invalid in math mode on input line 988.


LaTeX Font Warning: Command \Large invalid in math mode on input line 988.


LaTeX Font Warning: Command \Large invalid in math mode on input line 1028.


LaTeX Font Warning: Command \Large invalid in math mode on input line 1028.


LaTeX Font Warning: Command \Large invalid in math mode on input line 1028.


LaTeX Font Warning: Command \Large invalid in math mode on input line 1028.


LaTeX Font Warning: Command \Large invalid in math mode on input line 1028.


LaTeX Font Warning: Command \Large invalid in math mode on input line 1028.


LaTeX Font Warning: Command \Large invalid in math mode on input line 1028.

[6] [7] [8]
Overfull \hbox (0.70007pt too wide) in paragraph at lines 1255--1263
[]\T1/txr/m/n/10 Both va-ri-eties of con-ven-tion-al-ism make in-ter-est-ing pr
e-dic-tions about avail-able read-|
 []

[9] [10] [11]

Package hyperref Warning: Token not allowed in a PDF string (PDFDocEncoding):
(hyperref)                removing `\citet' on input line 1601.


Overfull \hbox (0.70012pt too wide) in paragraph at lines 1604--1623
[]  \T1/txr/m/n/10 Geurts   and Pous-coulous (  [][]  2009[][]  ) con-ducted a 
picture-verification task to find out whether|
 []

[12]

Package hyperref Warning: Token not allowed in a PDF string (PDFDocEncoding):
(hyperref)                removing `\citet' on input line 1644.

[13]

Package hyperref Warning: Token not allowed in a PDF string (PDFDocEncoding):
(hyperref)                removing `\citet' on input line 1721.


<../pictures/paper/Chemla_Spector_2010_Critical_AE.png, id=506, 531.9875pt x 42
0.57124pt>
File: ../pictures/paper/Chemla_Spector_2010_Critical_AE.png Graphic file (type 
png)
 <use ../pictures/paper/Chemla_Spector_2010_Critical_AE.png>
Package pdftex.def Info: ../pictures/paper/Chemla_Spector_2010_Critical_AE.png 
used on input line 1762.
(pdftex.def)             Requested size: 132.99655pt x 105.14255pt.

<../pictures/paper/Chemla_Spector_2010_RatingBar.png, id=507, 499.8675pt x 74.2
775pt>
File: ../pictures/paper/Chemla_Spector_2010_RatingBar.png Graphic file (type pn
g)
 <use ../pictures/paper/Chemla_Spector_2010_RatingBar.png>
Package pdftex.def Info: ../pictures/paper/Chemla_Spector_2010_RatingBar.png us
ed on input line 1762.
(pdftex.def)             Requested size: 124.96657pt x 18.56932pt.

<../pictures/paper/Chemla_Spector_2010_Results_AE.png, id=510, 429.605pt x 117.
43875pt>
File: ../pictures/paper/Chemla_Spector_2010_Results_AE.png Graphic file (type p
ng)
 <use ../pictures/paper/Chemla_Spector_2010_Results_AE.png>
Package pdftex.def Info: ../pictures/paper/Chemla_Spector_2010_Results_AE.png u
sed on input line 1767.
(pdftex.def)             Requested size: 156.49014pt x 42.77966pt.

<../pictures/paper/Chemla_Spector_2010_Results_GE.png, id=511, 492.84125pt x 13
8.5175pt>
File: ../pictures/paper/Chemla_Spector_2010_Results_GE.png Graphic file (type p
ng)
 <use ../pictures/paper/Chemla_Spector_2010_Results_GE.png>
Package pdftex.def Info: ../pictures/paper/Chemla_Spector_2010_Results_GE.png u
sed on input line 1772.
(pdftex.def)             Requested size: 156.49014pt x 43.98198pt.
 [14 <../pictures/paper/Chemla_Spector_2010_Critical_AE.png> <../pictures/paper
/Chemla_Spector_2010_RatingBar.png> <../pictures/paper/Chemla_Spector_2010_Resu
lts_AE.png> <../pictures/paper/Chemla_Spector_2010_Results_GE.png>] [15]
Overfull \hbox (0.20013pt too wide) in paragraph at lines 1921--1931
[]\T1/txr/m/n/10 To con-clude, al-though con-sid-er-able progress has been made
 in un-der-stand-ing which|
 []

[16]
Underfull \hbox (badness 10000) in paragraph at lines 1992--1993

 []


LaTeX Warning: Reference `fig:EA-LIT' on page 17 undefined on input line 1995.


LaTeX Warning: Reference `fig:EA-LITGLB' on page 17 undefined on input line 199
5.


LaTeX Warning: Reference `fig:EA-FALSE1' on page 17 undefined on input line 199
5.


LaTeX Warning: Reference `fig:EA-FALSE2' on page 17 undefined on input line 199
5.


LaTeX Warning: Reference `fig:EA-FALSE1' on page 17 undefined on input line 199
5.


LaTeX Warning: Reference `fig:EA-FALSE2' on page 17 undefined on input line 199
5.

[17] [18]

LaTeX Warning: Reference `fig:AEBars' on page 19 undefined on input line 2061.


LaTeX Warning: Reference `fig:GEBars' on page 19 undefined on input line 2083.


LaTeX Warning: Reference `' on page 19 undefined on input line 2085.

[19]

LaTeX Warning: Reference `fig:EA-LIT' on page 20 undefined on input line 2104.


LaTeX Warning: Reference `fig:EA-LITGLB' on page 20 undefined on input line 210
4.


LaTeX Warning: Reference `bsp:EA' on page 20 undefined on input line 2107.


LaTeX Warning: Reference `bsp:EA' on page 20 undefined on input line 2107.


LaTeX Warning: Reference `bsp:EA' on page 20 undefined on input line 2107.


LaTeX Warning: Reference `fig:EA-LITGLB' on page 20 undefined on input line 210
8.


LaTeX Warning: Reference `fig:EA-LIT' on page 20 undefined on input line 2108.

[20] <../pictures/paper/ae_01_1.pdf, id=618, 640.34631pt x 640.34631pt>
File: ../pictures/paper/ae_01_1.pdf Graphic file (type pdf)

<use ../pictures/paper/ae_01_1.pdf>
Package pdftex.def Info: ../pictures/paper/ae_01_1.pdf used on input line 2159.

(pdftex.def)             Requested size: 142.26378pt x 142.25432pt.
 [21 <../pictures/paper/ae_01_1.pdf>]
<../pictures/paper/ae_3_v_l.pdf, id=643, 640.34631pt x 640.34631pt>
File: ../pictures/paper/ae_3_v_l.pdf Graphic file (type pdf)

<use ../pictures/paper/ae_3_v_l.pdf>
Package pdftex.def Info: ../pictures/paper/ae_3_v_l.pdf used on input line 2218
.
(pdftex.def)             Requested size: 99.58464pt x 99.57509pt.

<../pictures/paper/ae_5_v_l.pdf, id=644, 640.34631pt x 640.34631pt>
File: ../pictures/paper/ae_5_v_l.pdf Graphic file (type pdf)

<use ../pictures/paper/ae_5_v_l.pdf>
Package pdftex.def Info: ../pictures/paper/ae_5_v_l.pdf used on input line 2222
.
(pdftex.def)             Requested size: 99.58464pt x 99.57509pt.

<../pictures/paper/ae_7_v_l.pdf, id=645, 640.34631pt x 640.34631pt>
File: ../pictures/paper/ae_7_v_l.pdf Graphic file (type pdf)

<use ../pictures/paper/ae_7_v_l.pdf>
Package pdftex.def Info: ../pictures/paper/ae_7_v_l.pdf used on input line 2226
.
(pdftex.def)             Requested size: 99.58464pt x 99.57509pt.

<../pictures/paper/ge_3_v_l.pdf, id=647, 640.34631pt x 640.34631pt>
File: ../pictures/paper/ge_3_v_l.pdf Graphic file (type pdf)

<use ../pictures/paper/ge_3_v_l.pdf>
Package pdftex.def Info: ../pictures/paper/ge_3_v_l.pdf used on input line 2270
.
(pdftex.def)             Requested size: 85.35826pt x 85.34868pt.

<../pictures/paper/ge_4_v_l.pdf, id=648, 640.34631pt x 640.34631pt>
File: ../pictures/paper/ge_4_v_l.pdf Graphic file (type pdf)

<use ../pictures/paper/ge_4_v_l.pdf>
Package pdftex.def Info: ../pictures/paper/ge_4_v_l.pdf used on input line 2274
.
(pdftex.def)             Requested size: 85.35826pt x 85.34868pt.

<../pictures/paper/ge_6_v_l.pdf, id=649, 640.34631pt x 640.34631pt>
File: ../pictures/paper/ge_6_v_l.pdf Graphic file (type pdf)

<use ../pictures/paper/ge_6_v_l.pdf>
Package pdftex.def Info: ../pictures/paper/ge_6_v_l.pdf used on input line 2278
.
(pdftex.def)             Requested size: 85.35826pt x 85.34868pt.
 [22 <../pictures/paper/ae_3_v_l.pdf> <../pictures/paper/ae_5_v_l.pdf> <../pict
ures/paper/ae_7_v_l.pdf>] [23 <../pictures/paper/ge_3_v_l.pdf> <../pictures/pap
er/ge_4_v_l.pdf> <../pictures/paper/ge_6_v_l.pdf>] [24]
<../pictures/paper/ec_01_3.pdf, id=803, 640.34631pt x 640.34631pt>
File: ../pictures/paper/ec_01_3.pdf Graphic file (type pdf)

<use ../pictures/paper/ec_01_3.pdf>
Package pdftex.def Info: ../pictures/paper/ec_01_3.pdf used on input line 2428.

(pdftex.def)             Requested size: 156.49014pt x 156.48073pt.

<../pictures/paper/ec_01_5.pdf, id=804, 640.34631pt x 640.34631pt>
File: ../pictures/paper/ec_01_5.pdf Graphic file (type pdf)

<use ../pictures/paper/ec_01_5.pdf>
Package pdftex.def Info: ../pictures/paper/ec_01_5.pdf used on input line 2432.

(pdftex.def)             Requested size: 156.49014pt x 156.48073pt.

<../pictures/paper/lc_01_3.pdf, id=819, 640.34631pt x 640.34631pt>
File: ../pictures/paper/lc_01_3.pdf Graphic file (type pdf)

<use ../pictures/paper/lc_01_3.pdf>
Package pdftex.def Info: ../pictures/paper/lc_01_3.pdf used on input line 2462.

(pdftex.def)             Requested size: 156.49014pt x 156.48073pt.

<../pictures/paper/lc_01_6.pdf, id=820, 640.34631pt x 640.34631pt>
File: ../pictures/paper/lc_01_6.pdf Graphic file (type pdf)

<use ../pictures/paper/lc_01_6.pdf>
Package pdftex.def Info: ../pictures/paper/lc_01_6.pdf used on input line 2466.

(pdftex.def)             Requested size: 156.49014pt x 156.48073pt.
 [25 <../pictures/paper/ec_01_3.pdf> <../pictures/paper/ec_01_5.pdf>] [26 <../p
ictures/paper/lc_01_3.pdf> <../pictures/paper/lc_01_6.pdf>] [27]
LaTeX Font Info:    Try loading font information for T1+txtt on input line 2693
.

(/usr/local/texlive/2011/texmf-dist/tex/latex/txfonts/t1txtt.fd
File: t1txtt.fd 2000/12/15 v3.1
) [28] [29]
Overfull \hbox (2.0201pt too wide) in paragraph at lines 2765--2773
 []\T1/txr/bx/n/10 Lists.[] \T1/txr/m/n/10 Ex-per-i-men-tal items and preferenc
e-related fillers were evenly dis-tributed across|
 []

LaTeX Font Info:    Font shape `OMS/txr/m/n' in size <10> not available
(Font)              Font shape `OMS/txsy/m/n' tried instead on input line 2784.


LaTeX Warning: No positions in optional float specifier.
               Default added (so using `tbp') on input line 2802.

<../pictures/paper/graph_AE_AKZ.jpg, id=1002, 1003.75pt x 803.0pt>
File: ../pictures/paper/graph_AE_AKZ.jpg Graphic file (type jpg)

<use ../pictures/paper/graph_AE_AKZ.jpg>
Package pdftex.def Info: ../pictures/paper/graph_AE_AKZ.jpg used on input line 
2807.
(pdftex.def)             Requested size: 142.26378pt x 113.80379pt.

<../pictures/paper/graph_AE_NTR.jpg, id=1003, 1003.75pt x 803.0pt>
File: ../pictures/paper/graph_AE_NTR.jpg Graphic file (type jpg)

<use ../pictures/paper/graph_AE_NTR.jpg>
Package pdftex.def Info: ../pictures/paper/graph_AE_NTR.jpg used on input line 
2811.
(pdftex.def)             Requested size: 142.26378pt x 113.80379pt.

<../pictures/paper/graph_GE_AKZ.jpg, id=1004, 1003.75pt x 803.0pt>
File: ../pictures/paper/graph_GE_AKZ.jpg Graphic file (type jpg)

<use ../pictures/paper/graph_GE_AKZ.jpg>
Package pdftex.def Info: ../pictures/paper/graph_GE_AKZ.jpg used on input line 
2816.
(pdftex.def)             Requested size: 142.26378pt x 113.80379pt.

<../pictures/paper/graph_GE_NTR.jpg, id=1005, 1003.75pt x 803.0pt>
File: ../pictures/paper/graph_GE_NTR.jpg Graphic file (type jpg)

<use ../pictures/paper/graph_GE_NTR.jpg>
Package pdftex.def Info: ../pictures/paper/graph_GE_NTR.jpg used on input line 
2820.
(pdftex.def)             Requested size: 142.26378pt x 113.80379pt.


LaTeX Warning: No positions in optional float specifier.
               Default added (so using `tbp') on input line 2842.

[30] [31 <../pictures/paper/graph_AE_AKZ.jpg> <../pictures/paper/graph_AE_NTR.j
pg> <../pictures/paper/graph_GE_AKZ.jpg> <../pictures/paper/graph_GE_NTR.jpg>]
[32]

Package caption Warning: \label without proper \caption on input line 3083.
See the caption package documentation for explanation.


LaTeX Warning: Reference `fig:HistogramLocalReadingsK2' on page 33 undefined on
 input line 3047.

[33]
<../pictures/paper/histLocalReadingAE_AKZ.jpg, id=1041, 1003.75pt x 803.0pt>
File: ../pictures/paper/histLocalReadingAE_AKZ.jpg Graphic file (type jpg)

<use ../pictures/paper/histLocalReadingAE_AKZ.jpg>
Package pdftex.def Info: ../pictures/paper/histLocalReadingAE_AKZ.jpg used on i
nput line 3069.
(pdftex.def)             Requested size: 142.26378pt x 113.80379pt.

<../pictures/paper/histLocalReadingAE_NTR.jpg, id=1042, 1003.75pt x 803.0pt>
File: ../pictures/paper/histLocalReadingAE_NTR.jpg Graphic file (type jpg)

<use ../pictures/paper/histLocalReadingAE_NTR.jpg>
Package pdftex.def Info: ../pictures/paper/histLocalReadingAE_NTR.jpg used on i
nput line 3073.
(pdftex.def)             Requested size: 142.26378pt x 113.80379pt.

<../pictures/paper/histLocalReadingGE_AKZ.jpg, id=1043, 1003.75pt x 803.0pt>
File: ../pictures/paper/histLocalReadingGE_AKZ.jpg Graphic file (type jpg)

<use ../pictures/paper/histLocalReadingGE_AKZ.jpg>
Package pdftex.def Info: ../pictures/paper/histLocalReadingGE_AKZ.jpg used on i
nput line 3078.
(pdftex.def)             Requested size: 142.26378pt x 113.80379pt.

<../pictures/paper/histLocalReadingGE_NTR.jpg, id=1044, 1003.75pt x 803.0pt>
File: ../pictures/paper/histLocalReadingGE_NTR.jpg Graphic file (type jpg)

<use ../pictures/paper/histLocalReadingGE_NTR.jpg>
Package pdftex.def Info: ../pictures/paper/histLocalReadingGE_NTR.jpg used on i
nput line 3082.
(pdftex.def)             Requested size: 142.26378pt x 113.80379pt.


LaTeX Warning: Reference `' on page 34 undefined on input line 3092.

[34 <../pictures/paper/histLocalReadingAE_AKZ.jpg> <../pictures/paper/histLocal
ReadingAE_NTR.jpg> <../pictures/paper/histLocalReadingGE_AKZ.jpg> <../pictures/
paper/histLocalReadingGE_NTR.jpg>] [35] [36] [37]
<../pictures/Acoustics/Table-A.png, id=1090, 767.86874pt x 807.015pt>
File: ../pictures/Acoustics/Table-A.png Graphic file (type png)

<use ../pictures/Acoustics/Table-A.png>
Package pdftex.def Info: ../pictures/Acoustics/Table-A.png used on input line 3
397.
(pdftex.def)             Requested size: 345.0pt x 362.58694pt.

<../pictures/Acoustics/Table-B.png, id=1091, 765.86125pt x 808.01875pt>
File: ../pictures/Acoustics/Table-B.png Graphic file (type png)

<use ../pictures/Acoustics/Table-B.png>
Package pdftex.def Info: ../pictures/Acoustics/Table-B.png used on input line 3
406.
(pdftex.def)             Requested size: 345.0pt x 363.98729pt.

<../pictures/Acoustics/Table-C.png, id=1093, 692.5875pt x 1001.7425pt>
File: ../pictures/Acoustics/Table-C.png Graphic file (type png)

<use ../pictures/Acoustics/Table-C.png>
Package pdftex.def Info: ../pictures/Acoustics/Table-C.png used on input line 3
427.
(pdftex.def)             Requested size: 345.0pt x 499.0052pt.

<../pictures/Acoustics/Table-D.png, id=1094, 694.595pt x 858.20625pt>
File: ../pictures/Acoustics/Table-D.png Graphic file (type png)

<use ../pictures/Acoustics/Table-D.png>
Package pdftex.def Info: ../pictures/Acoustics/Table-D.png used on input line 3
439.
(pdftex.def)             Requested size: 345.0pt x 426.27351pt.
 [38] [39 <../pictures/Acoustics/Table-A.png>] [40 <../pictures/Acoustics/Table
-B.png>] [41 <../pictures/Acoustics/Table-C.png>] [42 <../pictures/Acoustics/Ta
ble-D.png>]
Overfull \hbox (0.38388pt too wide) in paragraph at lines 3445--3445
[][]  \T1/txr/m/n/10 Grice, Paul Her-bert   (  1975).   ``  Logic and Con-ver-s
a-tion''.     In:     \T1/txr/m/it/10 Syn-tax and Se-man-tics, Vol. 3,|
 []


Overfull \hbox (2.58328pt too wide) in paragraph at lines 3445--3445
[][][]  \T1/txr/m/n/10 (  2006).   ``  The Bor-der Wars: A Neo-Gricean Per-spec
-tive''.     In:     \T1/txr/m/it/10 Where Se-man-tics Meets|
 []

[43]
Overfull \hbox (0.39548pt too wide) in paragraph at lines 3445--3445
[][]  \T1/txr/m/n/10 Rus-sell, Ben-jamin   (  2006).   ``  Against Gram-mat-i-c
al Com-pu-ta-tion of Scalar Im-pli-ca-tures''.|
 []


Overfull \hbox (9.2463pt too wide) in paragraph at lines 3445--3445
[][]  \T1/txr/m/n/10 Stern-berg, S.   (  1966).   ``  High-speed scan-ning in h
u-man mem-ory''.     In:     \T1/txr/m/it/10 Sci-ence   \T1/txr/m/n/10 153,    
 pp. 652^^U|
 []

Package atveryend Info: Empty hook `BeforeClearDocument' on input line 3447.
[44]
Package atveryend Info: Empty hook `AfterLastShipout' on input line 3447.
 (./paper1.aux)
Package atveryend Info: Executing hook `AtVeryEndDocument' on input line 3447.
Package atveryend Info: Executing hook `AtEndAfterFileList' on input line 3447.

Package rerunfilecheck Info: File `paper1.out' has not changed.
(rerunfilecheck)             Checksum: DD4309BA6D65BF90125C85582F703604;1779.


LaTeX Warning: There were undefined references.


LaTeX Warning: There were multiply-defined labels.


Package biblatex Warning: Please rerun LaTeX.
(biblatex)                Page breaks have changed.

Package logreq Info: Writing requests to 'paper1.run.xml'.
\openout1 = `paper1.run.xml'.

 ) 
Here is how much of TeX's memory you used:
 32985 strings out of 493610
 648987 string characters out of 3142405
 1044775 words of memory out of 3000000
 35316 multiletter control sequences out of 15000+200000
 112221 words of font info for 155 fonts, out of 3000000 for 9000
 831 hyphenation exceptions out of 8191
 50i,22n,87p,1450b,2003s stack positions out of 5000i,500n,10000p,200000b,50000s
pdfTeX warning (dest): name{Hfootnote.172} has been referenced but does not e
xist, replaced by a fixed one

pdfTeX warning (dest): name{Hfootnote.99} has been referenced but does not exis
t, replaced by a fixed one

pdfTeX warning (dest): name{Hfootnote.95} has been referenced but does not exis
t, replaced by a fixed one

pdfTeX warning (dest): name{Hfootnote.81} has been referenced but does not exis
t, replaced by a fixed one

pdfTeX warning (dest): name{Hfootnote.75} has been referenced but does not exis
t, replaced by a fixed one

pdfTeX warning (dest): name{Hfootnote.61} has been referenced but does not exis
t, replaced by a fixed one

pdfTeX warning (dest): name{Hfootnote.59} has been referenced but does not exis
t, replaced by a fixed one

pdfTeX warning (dest): name{Hfootnote.58} has been referenced but does not exis
t, replaced by a fixed one

pdfTeX warning (dest): name{Hfootnote.53} has been referenced but does not exis
t, replaced by a fixed one

pdfTeX warning (dest): name{Hfootnote.48} has been referenced but does not exis
t, replaced by a fixed one

pdfTeX warning (dest): name{Hfootnote.19} has been referenced but does not exis
t, replaced by a fixed one

{/usr/local/texlive/2011/texmf-dist/fonts/enc/dvips/base/8r.enc}</usr/local/tex
live/2011/texmf-dist/fonts/type1/public/eurosym/feymr10.pfb></usr/local/texlive
/2011/texmf-dist/fonts/type1/public/txfonts/rtxb.pfb></usr/local/texlive/2011/t
exmf-dist/fonts/type1/public/txfonts/rtxbsc.pfb></usr/local/texlive/2011/texmf-
dist/fonts/type1/public/txfonts/rtxi.pfb></usr/local/texlive/2011/texmf-dist/fo
nts/type1/public/txfonts/rtxmi.pfb></usr/local/texlive/2011/texmf-dist/fonts/ty
pe1/public/txfonts/rtxr.pfb></usr/local/texlive/2011/texmf-dist/fonts/type1/pub
lic/txfonts/rtxsc.pfb></usr/local/texlive/2011/texmf-dist/fonts/type1/public/tx
fonts/t1xtt.pfb></usr/local/texlive/2011/texmf-dist/fonts/type1/public/txfonts/
txex.pfb></usr/local/texlive/2011/texmf-dist/fonts/type1/public/txfonts/txsy.pf
b></usr/local/texlive/2011/texmf-dist/fonts/type1/public/txfonts/txsyc.pfb></us
r/local/texlive/2011/texmf-dist/fonts/type1/urw/times/utmb8a.pfb></usr/local/te
xlive/2011/texmf-dist/fonts/type1/urw/times/utmr8a.pfb></usr/local/texlive/2011
/texmf-dist/fonts/type1/urw/times/utmri8a.pfb>
Output written on paper1.pdf (44 pages, 1005675 bytes).
PDF statistics:
 1236 PDF objects out of 1440 (max. 8388607)
 1083 compressed objects within 11 object streams
 270 named destinations out of 1000 (max. 500000)
 372 words of extra memory for PDF output out of 10000 (max. 10000000)

