\BOOKMARK [1][-]{section.2}{Introduction}{}% 1
\BOOKMARK [1][-]{section.23}{Get to know your readings}{}% 2
\BOOKMARK [1][-]{section.49}{Theories and predictions}{}% 3
\BOOKMARK [2][-]{subsection.50}{Traditionalism}{section.49}% 4
\BOOKMARK [2][-]{subsection.60}{Conventionalism}{section.49}% 5
\BOOKMARK [2][-]{subsection.63}{Grammaticalism}{section.49}% 6
\BOOKMARK [1][-]{section.82}{Previous studies}{}% 7
\BOOKMARK [2][-]{subsection.83}{GeurtsPouscoulous2009:Embedded-Implic}{section.82}% 8
\BOOKMARK [2][-]{subsection.85}{CliftonDube2010:Embedded-Implic}{section.82}% 9
\BOOKMARK [2][-]{subsection.86}{ChemlaSpector2010:Experimental-Ev}{section.82}% 10
\BOOKMARK [2][-]{subsection.91}{Reflection: Categorical Judgements \046 Typicality}{section.82}% 11
\BOOKMARK [1][-]{section.103}{An Incremental Verification Task}{}% 12
\BOOKMARK [2][-]{subsection.104}{Design}{section.103}% 13
\BOOKMARK [2][-]{subsection.141}{Procedure}{section.103}% 14
\BOOKMARK [2][-]{subsection.142}{Materials}{section.103}% 15
\BOOKMARK [2][-]{subsection.143}{Participants}{section.103}% 16
\BOOKMARK [2][-]{subsection.144}{Results}{section.103}% 17
\BOOKMARK [2][-]{subsection.158}{Discussion}{section.103}% 18
\BOOKMARK [3][-]{subsubsection.159}{Bits and Pieces}{subsection.158}% 19
\BOOKMARK [1][-]{section.160}{Conclusions}{}% 20
\BOOKMARK [1][-]{appendix.161}{The auditory sentence material}{}% 21
\BOOKMARK [1][-]{section*.172}{References}{}% 22
