This is pdfTeX, Version 3.1415926-1.40.10 (MiKTeX 2.8) (preloaded format=pdflatex 2011.2.21)  22 FEB 2011 16:26
entering extended mode
**E:/obxfs01/svn/implicat_experim/text/data_survey.tex
(E:/obxfs01/svn/implicat_experim/text/data_survey.tex
LaTeX2e <2009/09/24>
Babel <v3.8l> and hyphenation patterns for english, dumylang, nohyphenation, ge
rman, ngerman, german-x-2009-06-19, ngerman-x-2009-06-19, french, loaded.
("C:\Program Files (x86)\MiKTeX 2.8\tex\latex\base\article.cls"
Document Class: article 2007/10/19 v1.4h Standard LaTeX document class
("C:\Program Files (x86)\MiKTeX 2.8\tex\latex\base\fleqn.clo"
File: fleqn.clo 1998/08/17 v1.1c Standard LaTeX option (flush left equations)
\mathindent=\dimen102
)
("C:\Program Files (x86)\MiKTeX 2.8\tex\latex\base\size10.clo"
File: size10.clo 2007/10/19 v1.4h Standard LaTeX file (size option)
)
\c@part=\count79
\c@section=\count80
\c@subsection=\count81
\c@subsubsection=\count82
\c@paragraph=\count83
\c@subparagraph=\count84
\c@figure=\count85
\c@table=\count86
\abovecaptionskip=\skip41
\belowcaptionskip=\skip42
\bibindent=\dimen103
)
(E:\obxfs01\svn\implicat_experim\text\helpers/mypackages.sty

LaTeX Warning: You have requested package `helpers/mypackages',
               but the package provides `mypackages'.

Package: mypackages 2010/03/29 Personal Packages
("C:\Program Files (x86)\MiKTeX 2.8\tex\latex\ams\math\amsmath.sty"
Package: amsmath 2000/07/18 v2.13 AMS math features
\@mathmargin=\skip43

For additional information on amsmath, use the `?' option.
("C:\Program Files (x86)\MiKTeX 2.8\tex\latex\ams\math\amstext.sty"
Package: amstext 2000/06/29 v2.01

("C:\Program Files (x86)\MiKTeX 2.8\tex\latex\ams\math\amsgen.sty"
File: amsgen.sty 1999/11/30 v2.0
\@emptytoks=\toks14
\ex@=\dimen104
))
("C:\Program Files (x86)\MiKTeX 2.8\tex\latex\ams\math\amsbsy.sty"
Package: amsbsy 1999/11/29 v1.2d
\pmbraise@=\dimen105
)
("C:\Program Files (x86)\MiKTeX 2.8\tex\latex\ams\math\amsopn.sty"
Package: amsopn 1999/12/14 v2.01 operator names
)
\inf@bad=\count87
LaTeX Info: Redefining \frac on input line 211.
\uproot@=\count88
\leftroot@=\count89
LaTeX Info: Redefining \overline on input line 307.
\classnum@=\count90
\DOTSCASE@=\count91
LaTeX Info: Redefining \ldots on input line 379.
LaTeX Info: Redefining \dots on input line 382.
LaTeX Info: Redefining \cdots on input line 467.
\Mathstrutbox@=\box26
\strutbox@=\box27
\big@size=\dimen106
LaTeX Font Info:    Redeclaring font encoding OML on input line 567.
LaTeX Font Info:    Redeclaring font encoding OMS on input line 568.
\macc@depth=\count92
\c@MaxMatrixCols=\count93
\dotsspace@=\muskip10
\c@parentequation=\count94
\dspbrk@lvl=\count95
\tag@help=\toks15
\row@=\count96
\column@=\count97
\maxfields@=\count98
\andhelp@=\toks16
\eqnshift@=\dimen107
\alignsep@=\dimen108
\tagshift@=\dimen109
\tagwidth@=\dimen110
\totwidth@=\dimen111
\lineht@=\dimen112
\@envbody=\toks17
\multlinegap=\skip44
\multlinetaggap=\skip45
\mathdisplay@stack=\toks18
LaTeX Info: Redefining \[ on input line 2666.
LaTeX Info: Redefining \] on input line 2667.
)
("C:\Program Files (x86)\MiKTeX 2.8\tex\latex\amsfonts\amsfonts.sty"
Package: amsfonts 2009/06/22 v3.00 Basic AMSFonts support
\symAMSa=\mathgroup4
\symAMSb=\mathgroup5
LaTeX Font Info:    Overwriting math alphabet `\mathfrak' in version `bold'
(Font)                  U/euf/m/n --> U/euf/b/n on input line 96.
)
("C:\Program Files (x86)\MiKTeX 2.8\tex\latex\amsfonts\amssymb.sty"
Package: amssymb 2009/06/22 v3.00
)
("C:\Program Files (x86)\MiKTeX 2.8\tex\latex\ams\classes\amsthm.sty"
Package: amsthm 2004/08/06 v2.20
\thm@style=\toks19
\thm@bodyfont=\toks20
\thm@headfont=\toks21
\thm@notefont=\toks22
\thm@headpunct=\toks23
\thm@preskip=\skip46
\thm@postskip=\skip47
\thm@headsep=\skip48
\dth@everypar=\toks24
)
(C:\Users\obxfs01\AppData\Roaming\MiKTeX\2.8\tex\latex\dstroke\dsfont.sty
Package: dsfont 1995/08/01 v0.1 Double stroke roman fonts
)
(C:\Users\obxfs01\AppData\Roaming\MiKTeX\2.8\tex\latex\booktabs\booktabs.sty
Package: booktabs 2005/04/14 v1.61803 publication quality tables
\heavyrulewidth=\dimen113
\lightrulewidth=\dimen114
\cmidrulewidth=\dimen115
\belowrulesep=\dimen116
\belowbottomsep=\dimen117
\aboverulesep=\dimen118
\abovetopsep=\dimen119
\cmidrulesep=\dimen120
\cmidrulekern=\dimen121
\defaultaddspace=\dimen122
\@cmidla=\count99
\@cmidlb=\count100
\@aboverulesep=\dimen123
\@belowrulesep=\dimen124
\@thisruleclass=\count101
\@lastruleclass=\count102
\@thisrulewidth=\dimen125
)
("C:\Program Files (x86)\MiKTeX 2.8\tex\latex\tools\enumerate.sty"
Package: enumerate 1999/03/05 v3.00 enumerate extensions (DPC)
\@enLab=\toks25
)
(C:\Users\obxfs01\AppData\Roaming\MiKTeX\2.8\tex\latex\paralist\paralist.sty
Package: paralist 2002/03/18 v2.3b Extended list environments (BS)
\pltopsep=\skip49
\plpartopsep=\skip50
\plitemsep=\skip51
\plparsep=\skip52
\pl@lab=\toks26
)
("C:\Program Files (x86)\MiKTeX 2.8\tex\generic\xypic\xy.sty"
("C:\Program Files (x86)\MiKTeX 2.8\tex\generic\xypic\xy.tex" Bootstrap'ing:
catcodes, docmode,
("C:\Program Files (x86)\MiKTeX 2.8\tex\generic\xypic\xyrecat.tex")
("C:\Program Files (x86)\MiKTeX 2.8\tex\generic\xypic\xyidioms.tex")

 Xy-pic version 3.7 <1999/02/16>
 Copyright (c) 1991-1998 by Kristoffer H. Rose <krisrose@ens-lyon.fr>
 Xy-pic is free software: see the User's Guide for details.

Loading kernel: messages; fonts; allocations: state,
\X@c=\dimen126
\Y@c=\dimen127
\U@c=\dimen128
\D@c=\dimen129
\L@c=\dimen130
\R@c=\dimen131
\Edge@c=\toks27
\X@p=\dimen132
\Y@p=\dimen133
\U@p=\dimen134
\D@p=\dimen135
\L@p=\dimen136
\R@p=\dimen137
\Edge@p=\toks28
\X@origin=\dimen138
\Y@origin=\dimen139
\X@xbase=\dimen140
\Y@xbase=\dimen141
\X@ybase=\dimen142
\Y@ybase=\dimen143
\X@min=\dimen144
\Y@min=\dimen145
\X@max=\dimen146
\Y@max=\dimen147
\lastobjectbox@=\box28
\zerodotbox@=\box29
\almostz@=\dimen148
 direction,
\d@X=\dimen149
\d@Y=\dimen150
\K@=\count103
\KK@=\count104
\Direction=\count105
\K@dXdY=\dimen151
\K@dYdX=\dimen152
\xyread@=\read1
\xywrite@=\write3
\csp@=\count106
\quotPTK@=\dimen153

utility macros; pictures: \xy, positions,
\swaptoks@@=\toks29
\connectobjectbox@@=\box30
 objects,
\styletoks@=\toks30
 decorations;
kernel objects: directionals, circles, text; options; algorithms: directions,
edges, connections;  Xy-pic loaded)
Package: xy 1999/02/16 Xy-pic version 3.7

("C:\Program Files (x86)\MiKTeX 2.8\tex\generic\xypic\xyall.tex"
 Xy-pic option: All features v.3.3
("C:\Program Files (x86)\MiKTeX 2.8\tex\generic\xypic\xycurve.tex"
 Xy-pic option: Curve and Spline extension v.3.7 curve,
\crv@cnt@=\count107
\crvpts@=\toks31
\splinebox@=\box31
\splineval@=\dimen154
\splinedepth@=\dimen155
\splinetol@=\dimen156
\splinelength@=\dimen157
 circles,
\L@=\dimen158
 loaded)
("C:\Program Files (x86)\MiKTeX 2.8\tex\generic\xypic\xyframe.tex"
 Xy-pic option: Frame and Bracket extension v.3.7 loaded)
("C:\Program Files (x86)\MiKTeX 2.8\tex\generic\xypic\xycmtip.tex"
 Xy-pic option: Computer Modern tip extension v.3.3
("C:\Program Files (x86)\MiKTeX 2.8\tex\generic\xypic\xytips.tex"
 Xy-pic option: More Tips extension v.3.3 loaded) loaded)
("C:\Program Files (x86)\MiKTeX 2.8\tex\generic\xypic\xyline.tex"
 Xy-pic option: Line styles extension v.3.6
\xylinethick@=\dimen159
 loaded)
("C:\Program Files (x86)\MiKTeX 2.8\tex\generic\xypic\xyrotate.tex"
 Xy-pic option: Rotate and Scale extension v.3.3 loaded)
("C:\Program Files (x86)\MiKTeX 2.8\tex\generic\xypic\xycolor.tex"
 Xy-pic option: Colour extension v.3.3 loaded)
("C:\Program Files (x86)\MiKTeX 2.8\tex\generic\xypic\xymatrix.tex"
 Xy-pic option: Matrix feature v.3.4
\Row=\count108
\Col=\count109
\queue@=\toks32
\queue@@=\toks33
\qcount@=\count110
\qcount@@=\count111
\matrixsize@=\count112
 loaded)
("C:\Program Files (x86)\MiKTeX 2.8\tex\generic\xypic\xyarrow.tex"
 Xy-pic option: Arrow and Path feature v.3.5 path, \ar, loaded)
("C:\Program Files (x86)\MiKTeX 2.8\tex\generic\xypic\xygraph.tex"
 Xy-pic option: Graph feature v.3.7 loaded) loaded))
("C:\Program Files (x86)\MiKTeX 2.8\tex\latex\ltxmisc\url.sty"
\Urlmuskip=\muskip11
Package: url 2006/04/12  ver 3.3  Verb mode for urls, etc.
)

! LaTeX Error: File `gb4e_micha.sty' not found.

Type X to quit or <RETURN> to proceed,
or enter new name. (Default extension: sty)

Enter file name: 

! LaTeX Error: File `lipsum.sty' not found.

Type X to quit or <RETURN> to proceed,
or enter new name. (Default extension: sty)

Enter file name: 

! LaTeX Error: File `proofing.sty' not found.

Type X to quit or <RETURN> to proceed,
or enter new name. (Default extension: sty)

Enter file name: 

! LaTeX Error: File `txfonts.sty' not found.

Type X to quit or <RETURN> to proceed,
or enter new name. (Default extension: sty)

Enter file name: 

! LaTeX Error: File `soul.sty' not found.

Type X to quit or <RETURN> to proceed,
or enter new name. (Default extension: sty)

Enter file name: 
("C:\Program Files (x86)\MiKTeX 2.8\tex\latex\ltxmisc\relsize.sty"
Package: relsize 2003/07/04 ver 3.1
)
("C:\Program Files (x86)\MiKTeX 2.8\tex\generic\babel\babel.sty"
Package: babel 2008/07/06 v3.8l The Babel package

*************************************
* Local config file bblopts.cfg used
*
("C:\Program Files (x86)\MiKTeX 2.8\tex\latex\00miktex\bblopts.cfg"
File: bblopts.cfg 2006/07/31 v1.0 MiKTeX 'babel' configuration
)
("C:\Program Files (x86)\MiKTeX 2.8\tex\generic\babel\germanb.ldf"
Language: germanb 2008/06/01 v2.6m German support from the babel system

("C:\Program Files (x86)\MiKTeX 2.8\tex\generic\babel\babel.def"
File: babel.def 2008/07/06 v3.8l Babel common definitions
\babel@savecnt=\count113
\U@D=\dimen160
)
\l@austrian = a dialect from \language\l@german 
Package babel Info: Making " an active character on input line 102.
)
("C:\Program Files (x86)\MiKTeX 2.8\tex\generic\babel\english.ldf"
Language: english 2005/03/30 v3.3o English support from the babel system
\l@canadian = a dialect from \language\l@american 
\l@australian = a dialect from \language\l@british 
\l@newzealand = a dialect from \language\l@british 
))
("C:\Program Files (x86)\MiKTeX 2.8\tex\latex\base\inputenc.sty"
Package: inputenc 2008/03/30 v1.1d Input encoding file
\inpenc@prehook=\toks34
\inpenc@posthook=\toks35

("C:\Program Files (x86)\MiKTeX 2.8\tex\latex\base\utf8.def"
File: utf8.def 2008/04/05 v1.1m UTF-8 support for inputenc
Now handling font encoding OML ...
... no UTF-8 mapping file for font encoding OML
Now handling font encoding T1 ...
... processing UTF-8 mapping file for font encoding T1

("C:\Program Files (x86)\MiKTeX 2.8\tex\latex\base\t1enc.dfu"
File: t1enc.dfu 2008/04/05 v1.1m UTF-8 support for inputenc
   defining Unicode char U+00A1 (decimal 161)
   defining Unicode char U+00A3 (decimal 163)
   defining Unicode char U+00AB (decimal 171)
   defining Unicode char U+00BB (decimal 187)
   defining Unicode char U+00BF (decimal 191)
   defining Unicode char U+00C0 (decimal 192)
   defining Unicode char U+00C1 (decimal 193)
   defining Unicode char U+00C2 (decimal 194)
   defining Unicode char U+00C3 (decimal 195)
   defining Unicode char U+00C4 (decimal 196)
   defining Unicode char U+00C5 (decimal 197)
   defining Unicode char U+00C6 (decimal 198)
   defining Unicode char U+00C7 (decimal 199)
   defining Unicode char U+00C8 (decimal 200)
   defining Unicode char U+00C9 (decimal 201)
   defining Unicode char U+00CA (decimal 202)
   defining Unicode char U+00CB (decimal 203)
   defining Unicode char U+00CC (decimal 204)
   defining Unicode char U+00CD (decimal 205)
   defining Unicode char U+00CE (decimal 206)
   defining Unicode char U+00CF (decimal 207)
   defining Unicode char U+00D0 (decimal 208)
   defining Unicode char U+00D1 (decimal 209)
   defining Unicode char U+00D2 (decimal 210)
   defining Unicode char U+00D3 (decimal 211)
   defining Unicode char U+00D4 (decimal 212)
   defining Unicode char U+00D5 (decimal 213)
   defining Unicode char U+00D6 (decimal 214)
   defining Unicode char U+00D8 (decimal 216)
   defining Unicode char U+00D9 (decimal 217)
   defining Unicode char U+00DA (decimal 218)
   defining Unicode char U+00DB (decimal 219)
   defining Unicode char U+00DC (decimal 220)
   defining Unicode char U+00DD (decimal 221)
   defining Unicode char U+00DE (decimal 222)
   defining Unicode char U+00DF (decimal 223)
   defining Unicode char U+00E0 (decimal 224)
   defining Unicode char U+00E1 (decimal 225)
   defining Unicode char U+00E2 (decimal 226)
   defining Unicode char U+00E3 (decimal 227)
   defining Unicode char U+00E4 (decimal 228)
   defining Unicode char U+00E5 (decimal 229)
   defining Unicode char U+00E6 (decimal 230)
   defining Unicode char U+00E7 (decimal 231)
   defining Unicode char U+00E8 (decimal 232)
   defining Unicode char U+00E9 (decimal 233)
   defining Unicode char U+00EA (decimal 234)
   defining Unicode char U+00EB (decimal 235)
   defining Unicode char U+00EC (decimal 236)
   defining Unicode char U+00ED (decimal 237)
   defining Unicode char U+00EE (decimal 238)
   defining Unicode char U+00EF (decimal 239)
   defining Unicode char U+00F0 (decimal 240)
   defining Unicode char U+00F1 (decimal 241)
   defining Unicode char U+00F2 (decimal 242)
   defining Unicode char U+00F3 (decimal 243)
   defining Unicode char U+00F4 (decimal 244)
   defining Unicode char U+00F5 (decimal 245)
   defining Unicode char U+00F6 (decimal 246)
   defining Unicode char U+00F8 (decimal 248)
   defining Unicode char U+00F9 (decimal 249)
   defining Unicode char U+00FA (decimal 250)
   defining Unicode char U+00FB (decimal 251)
   defining Unicode char U+00FC (decimal 252)
   defining Unicode char U+00FD (decimal 253)
   defining Unicode char U+00FE (decimal 254)
   defining Unicode char U+00FF (decimal 255)
   defining Unicode char U+0102 (decimal 258)
   defining Unicode char U+0103 (decimal 259)
   defining Unicode char U+0104 (decimal 260)
   defining Unicode char U+0105 (decimal 261)
   defining Unicode char U+0106 (decimal 262)
   defining Unicode char U+0107 (decimal 263)
   defining Unicode char U+010C (decimal 268)
   defining Unicode char U+010D (decimal 269)
   defining Unicode char U+010E (decimal 270)
   defining Unicode char U+010F (decimal 271)
   defining Unicode char U+0110 (decimal 272)
   defining Unicode char U+0111 (decimal 273)
   defining Unicode char U+0118 (decimal 280)
   defining Unicode char U+0119 (decimal 281)
   defining Unicode char U+011A (decimal 282)
   defining Unicode char U+011B (decimal 283)
   defining Unicode char U+011E (decimal 286)
   defining Unicode char U+011F (decimal 287)
   defining Unicode char U+0130 (decimal 304)
   defining Unicode char U+0131 (decimal 305)
   defining Unicode char U+0132 (decimal 306)
   defining Unicode char U+0133 (decimal 307)
   defining Unicode char U+0139 (decimal 313)
   defining Unicode char U+013A (decimal 314)
   defining Unicode char U+013D (decimal 317)
   defining Unicode char U+013E (decimal 318)
   defining Unicode char U+0141 (decimal 321)
   defining Unicode char U+0142 (decimal 322)
   defining Unicode char U+0143 (decimal 323)
   defining Unicode char U+0144 (decimal 324)
   defining Unicode char U+0147 (decimal 327)
   defining Unicode char U+0148 (decimal 328)
   defining Unicode char U+014A (decimal 330)
   defining Unicode char U+014B (decimal 331)
   defining Unicode char U+0150 (decimal 336)
   defining Unicode char U+0151 (decimal 337)
   defining Unicode char U+0152 (decimal 338)
   defining Unicode char U+0153 (decimal 339)
   defining Unicode char U+0154 (decimal 340)
   defining Unicode char U+0155 (decimal 341)
   defining Unicode char U+0158 (decimal 344)
   defining Unicode char U+0159 (decimal 345)
   defining Unicode char U+015A (decimal 346)
   defining Unicode char U+015B (decimal 347)
   defining Unicode char U+015E (decimal 350)
   defining Unicode char U+015F (decimal 351)
   defining Unicode char U+0160 (decimal 352)
   defining Unicode char U+0161 (decimal 353)
   defining Unicode char U+0162 (decimal 354)
   defining Unicode char U+0163 (decimal 355)
   defining Unicode char U+0164 (decimal 356)
   defining Unicode char U+0165 (decimal 357)
   defining Unicode char U+016E (decimal 366)
   defining Unicode char U+016F (decimal 367)
   defining Unicode char U+0170 (decimal 368)
   defining Unicode char U+0171 (decimal 369)
   defining Unicode char U+0178 (decimal 376)
   defining Unicode char U+0179 (decimal 377)
   defining Unicode char U+017A (decimal 378)
   defining Unicode char U+017B (decimal 379)
   defining Unicode char U+017C (decimal 380)
   defining Unicode char U+017D (decimal 381)
   defining Unicode char U+017E (decimal 382)
   defining Unicode char U+200C (decimal 8204)
   defining Unicode char U+2013 (decimal 8211)
   defining Unicode char U+2014 (decimal 8212)
   defining Unicode char U+2018 (decimal 8216)
   defining Unicode char U+2019 (decimal 8217)
   defining Unicode char U+201A (decimal 8218)
   defining Unicode char U+201C (decimal 8220)
   defining Unicode char U+201D (decimal 8221)
   defining Unicode char U+201E (decimal 8222)
   defining Unicode char U+2030 (decimal 8240)
   defining Unicode char U+2031 (decimal 8241)
   defining Unicode char U+2039 (decimal 8249)
   defining Unicode char U+203A (decimal 8250)
   defining Unicode char U+2423 (decimal 9251)
)
Now handling font encoding OT1 ...
... processing UTF-8 mapping file for font encoding OT1

("C:\Program Files (x86)\MiKTeX 2.8\tex\latex\base\ot1enc.dfu"
File: ot1enc.dfu 2008/04/05 v1.1m UTF-8 support for inputenc
   defining Unicode char U+00A1 (decimal 161)
   defining Unicode char U+00A3 (decimal 163)
   defining Unicode char U+00B8 (decimal 184)
   defining Unicode char U+00BF (decimal 191)
   defining Unicode char U+00C5 (decimal 197)
   defining Unicode char U+00C6 (decimal 198)
   defining Unicode char U+00D8 (decimal 216)
   defining Unicode char U+00DF (decimal 223)
   defining Unicode char U+00E6 (decimal 230)
   defining Unicode char U+00EC (decimal 236)
   defining Unicode char U+00ED (decimal 237)
   defining Unicode char U+00EE (decimal 238)
   defining Unicode char U+00EF (decimal 239)
   defining Unicode char U+00F8 (decimal 248)
   defining Unicode char U+0131 (decimal 305)
   defining Unicode char U+0141 (decimal 321)
   defining Unicode char U+0142 (decimal 322)
   defining Unicode char U+0152 (decimal 338)
   defining Unicode char U+0153 (decimal 339)
   defining Unicode char U+2013 (decimal 8211)
   defining Unicode char U+2014 (decimal 8212)
   defining Unicode char U+2018 (decimal 8216)
   defining Unicode char U+2019 (decimal 8217)
   defining Unicode char U+201C (decimal 8220)
   defining Unicode char U+201D (decimal 8221)
)
Now handling font encoding OMS ...
... processing UTF-8 mapping file for font encoding OMS

("C:\Program Files (x86)\MiKTeX 2.8\tex\latex\base\omsenc.dfu"
File: omsenc.dfu 2008/04/05 v1.1m UTF-8 support for inputenc
   defining Unicode char U+00A7 (decimal 167)
   defining Unicode char U+00B6 (decimal 182)
   defining Unicode char U+00B7 (decimal 183)
   defining Unicode char U+2020 (decimal 8224)
   defining Unicode char U+2021 (decimal 8225)
   defining Unicode char U+2022 (decimal 8226)
)
Now handling font encoding OMX ...
... no UTF-8 mapping file for font encoding OMX
Now handling font encoding U ...
... no UTF-8 mapping file for font encoding U
   defining Unicode char U+00A9 (decimal 169)
   defining Unicode char U+00AA (decimal 170)
   defining Unicode char U+00AE (decimal 174)
   defining Unicode char U+00BA (decimal 186)
   defining Unicode char U+02C6 (decimal 710)
   defining Unicode char U+02DC (decimal 732)
   defining Unicode char U+200C (decimal 8204)
   defining Unicode char U+2026 (decimal 8230)
   defining Unicode char U+2122 (decimal 8482)
   defining Unicode char U+2423 (decimal 9251)
))
("C:\Program Files (x86)\MiKTeX 2.8\tex\latex\base\fontenc.sty"
Package: fontenc 2005/09/27 v1.99g Standard LaTeX package

("C:\Program Files (x86)\MiKTeX 2.8\tex\latex\base\t1enc.def"
File: t1enc.def 2005/09/27 v1.99g Standard LaTeX file
LaTeX Font Info:    Redeclaring font encoding T1 on input line 43.
))

! LaTeX Error: File `subfig.sty' not found.

Type X to quit or <RETURN> to proceed,
or enter new name. (Default extension: sty)

Enter file name: 
("C:\Program Files (x86)\MiKTeX 2.8\tex\generic\xypic\xypic.sty"
("C:\Program Files (x86)\MiKTeX 2.8\tex\generic\xypic\xy.sty"
("C:\Program Files (x86)\MiKTeX 2.8\tex\generic\xypic\xy.tex" not reloaded)

LaTeX Warning: You have requested package `xypic',
               but the package provides `xy'.

Package: xy 1999/02/16 Xy-pic version 3.7
) ("C:\Program Files (x86)\MiKTeX 2.8\tex\generic\xypic\xyv2.tex"
 Xy-pic option: Version 2 Compatibility v.3.4

Xy-pic Warning: `\stop' redefined.

loaded))
(C:\Users\obxfs01\AppData\Roaming\MiKTeX\2.8\tex\latex\pgf\frontendlayer\tikz.s
ty
(C:\Users\obxfs01\AppData\Roaming\MiKTeX\2.8\tex\latex\pgf\basiclayer\pgf.sty
(C:\Users\obxfs01\AppData\Roaming\MiKTeX\2.8\tex\latex\pgf\utilities\pgfrcs.sty

(C:\Users\obxfs01\AppData\Roaming\MiKTeX\2.8\tex\generic\pgf\utilities\pgfutil-
common.tex
\pgfutil@everybye=\toks36
)
(C:\Users\obxfs01\AppData\Roaming\MiKTeX\2.8\tex\generic\pgf\utilities\pgfutil-
latex.def)
(C:\Users\obxfs01\AppData\Roaming\MiKTeX\2.8\tex\generic\pgf\utilities\pgfrcs.c
ode.tex
Package: pgfrcs 2008/02/20 v2.00 (rcs-revision 1.21)
))
Package: pgf 2008/01/15 v2.00 (rcs-revision 1.12)

(C:\Users\obxfs01\AppData\Roaming\MiKTeX\2.8\tex\latex\pgf\basiclayer\pgfcore.s
ty ("C:\Program Files (x86)\MiKTeX 2.8\tex\latex\graphics\graphicx.sty"
Package: graphicx 1999/02/16 v1.0f Enhanced LaTeX Graphics (DPC,SPQR)

("C:\Program Files (x86)\MiKTeX 2.8\tex\latex\graphics\keyval.sty"
Package: keyval 1999/03/16 v1.13 key=value parser (DPC)
\KV@toks@=\toks37
)
("C:\Program Files (x86)\MiKTeX 2.8\tex\latex\graphics\graphics.sty"
Package: graphics 2009/02/05 v1.0o Standard LaTeX Graphics (DPC,SPQR)

("C:\Program Files (x86)\MiKTeX 2.8\tex\latex\graphics\trig.sty"
Package: trig 1999/03/16 v1.09 sin cos tan (DPC)
)
("C:\Program Files (x86)\MiKTeX 2.8\tex\latex\00miktex\graphics.cfg"
File: graphics.cfg 2007/01/18 v1.5 graphics configuration of teTeX/TeXLive
)
Package graphics Info: Driver file: pdftex.def on input line 91.

("C:\Program Files (x86)\MiKTeX 2.8\tex\latex\pdftex-def\pdftex.def"
File: pdftex.def 2009/08/25 v0.04m Graphics/color for pdfTeX
\Gread@gobject=\count114
))
\Gin@req@height=\dimen161
\Gin@req@width=\dimen162
)
(C:\Users\obxfs01\AppData\Roaming\MiKTeX\2.8\tex\latex\pgf\systemlayer\pgfsys.s
ty
(C:\Users\obxfs01\AppData\Roaming\MiKTeX\2.8\tex\generic\pgf\systemlayer\pgfsys
.code.tex
Package: pgfsys 2008/02/07 v2.00 (rcs-revision 1.31)

(C:\Users\obxfs01\AppData\Roaming\MiKTeX\2.8\tex\generic\pgf\utilities\pgfkeys.
code.tex
\pgfkeys@pathtoks=\toks38
\pgfkeys@temptoks=\toks39
)
\pgf@x=\dimen163
\pgf@y=\dimen164
\pgf@xa=\dimen165
\pgf@ya=\dimen166
\pgf@xb=\dimen167
\pgf@yb=\dimen168
\pgf@xc=\dimen169
\pgf@yc=\dimen170
\c@pgf@counta=\count115
\c@pgf@countb=\count116
\c@pgf@countc=\count117
\c@pgf@countd=\count118

(C:\Users\obxfs01\AppData\Roaming\MiKTeX\2.8\tex\generic\pgf\systemlayer\pgf.cf
g
File: pgf.cfg 2008/01/13  (rcs-revision 1.6)
)
Package pgfsys Info: Driver file for pgf: pgfsys-pdftex.def on input line 885.

(C:\Users\obxfs01\AppData\Roaming\MiKTeX\2.8\tex\generic\pgf\systemlayer\pgfsys
-pdftex.def
File: pgfsys-pdftex.def 2007/12/20  (rcs-revision 1.20)

(C:\Users\obxfs01\AppData\Roaming\MiKTeX\2.8\tex\generic\pgf\systemlayer\pgfsys
-common-pdf.def
File: pgfsys-common-pdf.def 2007/12/17  (rcs-revision 1.8)
)))
(C:\Users\obxfs01\AppData\Roaming\MiKTeX\2.8\tex\generic\pgf\systemlayer\pgfsys
softpath.code.tex
File: pgfsyssoftpath.code.tex 2008/01/23  (rcs-revision 1.6)
\pgfsyssoftpath@smallbuffer@items=\count119
\pgfsyssoftpath@bigbuffer@items=\count120
)
(C:\Users\obxfs01\AppData\Roaming\MiKTeX\2.8\tex\generic\pgf\systemlayer\pgfsys
protocol.code.tex
File: pgfsysprotocol.code.tex 2006/10/16  (rcs-revision 1.4)
))
(C:\Users\obxfs01\AppData\Roaming\MiKTeX\2.8\tex\latex\xcolor\xcolor.sty
Package: xcolor 2007/01/21 v2.11 LaTeX color extensions (UK)

("C:\Program Files (x86)\MiKTeX 2.8\tex\latex\00miktex\color.cfg"
File: color.cfg 2007/01/18 v1.5 color configuration of teTeX/TeXLive
)
Package xcolor Info: Driver file: pdftex.def on input line 225.
Package xcolor Info: Model `cmy' substituted by `cmy0' on input line 1337.
Package xcolor Info: Model `hsb' substituted by `rgb' on input line 1341.
Package xcolor Info: Model `RGB' extended on input line 1353.
Package xcolor Info: Model `HTML' substituted by `rgb' on input line 1355.
Package xcolor Info: Model `Hsb' substituted by `hsb' on input line 1356.
Package xcolor Info: Model `tHsb' substituted by `hsb' on input line 1357.
Package xcolor Info: Model `HSB' substituted by `hsb' on input line 1358.
Package xcolor Info: Model `Gray' substituted by `gray' on input line 1359.
Package xcolor Info: Model `wave' substituted by `hsb' on input line 1360.
)
(C:\Users\obxfs01\AppData\Roaming\MiKTeX\2.8\tex\generic\pgf\basiclayer\pgfcore
.code.tex
Package: pgfcore 2008/01/15 v2.00 (rcs-revision 1.6)

(C:\Users\obxfs01\AppData\Roaming\MiKTeX\2.8\tex\generic\pgf\math\pgfmath.code.
tex
(C:\Users\obxfs01\AppData\Roaming\MiKTeX\2.8\tex\generic\pgf\math\pgfmathcalc.c
ode.tex
(C:\Users\obxfs01\AppData\Roaming\MiKTeX\2.8\tex\generic\pgf\math\pgfmathutil.c
ode.tex
\pgfmath@box=\box32
)
(C:\Users\obxfs01\AppData\Roaming\MiKTeX\2.8\tex\generic\pgf\math\pgfmathparser
.code.tex
\pgfmath@stack=\toks40
\c@pgfmath@parsecounta=\count121
\c@pgfmath@parsecountb=\count122
\c@pgfmath@parsecountc=\count123
\pgfmath@parsex=\dimen171
)
(C:\Users\obxfs01\AppData\Roaming\MiKTeX\2.8\tex\generic\pgf\math\pgfmathoperat
ions.code.tex
(C:\Users\obxfs01\AppData\Roaming\MiKTeX\2.8\tex\generic\pgf\math\pgfmathtrig.c
ode.tex)
(C:\Users\obxfs01\AppData\Roaming\MiKTeX\2.8\tex\generic\pgf\math\pgfmathrnd.co
de.tex))
(C:\Users\obxfs01\AppData\Roaming\MiKTeX\2.8\tex\generic\pgf\math\pgfmathbase.c
ode.tex)))
(C:\Users\obxfs01\AppData\Roaming\MiKTeX\2.8\tex\generic\pgf\basiclayer\pgfcore
points.code.tex
File: pgfcorepoints.code.tex 2008/02/03  (rcs-revision 1.13)
\pgf@picminx=\dimen172
\pgf@picmaxx=\dimen173
\pgf@picminy=\dimen174
\pgf@picmaxy=\dimen175
\pgf@pathminx=\dimen176
\pgf@pathmaxx=\dimen177
\pgf@pathminy=\dimen178
\pgf@pathmaxy=\dimen179
\pgf@xx=\dimen180
\pgf@xy=\dimen181
\pgf@yx=\dimen182
\pgf@yy=\dimen183
\pgf@zx=\dimen184
\pgf@zy=\dimen185
)
(C:\Users\obxfs01\AppData\Roaming\MiKTeX\2.8\tex\generic\pgf\basiclayer\pgfcore
pathconstruct.code.tex
File: pgfcorepathconstruct.code.tex 2008/02/13  (rcs-revision 1.14)
\pgf@path@lastx=\dimen186
\pgf@path@lasty=\dimen187
)
(C:\Users\obxfs01\AppData\Roaming\MiKTeX\2.8\tex\generic\pgf\basiclayer\pgfcore
pathusage.code.tex
File: pgfcorepathusage.code.tex 2008/01/23  (rcs-revision 1.11)
\pgf@shorten@end@additional=\dimen188
\pgf@shorten@start@additional=\dimen189
)
(C:\Users\obxfs01\AppData\Roaming\MiKTeX\2.8\tex\generic\pgf\basiclayer\pgfcore
scopes.code.tex
File: pgfcorescopes.code.tex 2008/01/15  (rcs-revision 1.26)
\pgfpic=\box33
\pgf@hbox=\box34
\pgf@layerbox@main=\box35
\pgf@picture@serial@count=\count124
)
(C:\Users\obxfs01\AppData\Roaming\MiKTeX\2.8\tex\generic\pgf\basiclayer\pgfcore
graphicstate.code.tex
File: pgfcoregraphicstate.code.tex 2007/12/12  (rcs-revision 1.8)
\pgflinewidth=\dimen190
)
(C:\Users\obxfs01\AppData\Roaming\MiKTeX\2.8\tex\generic\pgf\basiclayer\pgfcore
transformations.code.tex
File: pgfcoretransformations.code.tex 2008/02/04  (rcs-revision 1.10)
\pgf@pt@x=\dimen191
\pgf@pt@y=\dimen192
\pgf@pt@temp=\dimen193
)
(C:\Users\obxfs01\AppData\Roaming\MiKTeX\2.8\tex\generic\pgf\basiclayer\pgfcore
quick.code.tex
File: pgfcorequick.code.tex 2006/10/11  (rcs-revision 1.2)
)
(C:\Users\obxfs01\AppData\Roaming\MiKTeX\2.8\tex\generic\pgf\basiclayer\pgfcore
objects.code.tex
File: pgfcoreobjects.code.tex 2006/10/11  (rcs-revision 1.2)
)
(C:\Users\obxfs01\AppData\Roaming\MiKTeX\2.8\tex\generic\pgf\basiclayer\pgfcore
pathprocessing.code.tex
File: pgfcorepathprocessing.code.tex 2008/01/23  (rcs-revision 1.7)
)
(C:\Users\obxfs01\AppData\Roaming\MiKTeX\2.8\tex\generic\pgf\basiclayer\pgfcore
arrows.code.tex
File: pgfcorearrows.code.tex 2007/06/07  (rcs-revision 1.8)
)
(C:\Users\obxfs01\AppData\Roaming\MiKTeX\2.8\tex\generic\pgf\basiclayer\pgfcore
shade.code.tex
File: pgfcoreshade.code.tex 2007/12/10  (rcs-revision 1.9)
\pgf@max=\dimen194
\pgf@sys@shading@range@num=\count125
)
(C:\Users\obxfs01\AppData\Roaming\MiKTeX\2.8\tex\generic\pgf\basiclayer\pgfcore
image.code.tex
File: pgfcoreimage.code.tex 2008/01/15  (rcs-revision 1.1)
\pgfexternal@startupbox=\box36
)
(C:\Users\obxfs01\AppData\Roaming\MiKTeX\2.8\tex\generic\pgf\basiclayer\pgfcore
layers.code.tex
File: pgfcorelayers.code.tex 2008/01/15  (rcs-revision 1.1)
)
(C:\Users\obxfs01\AppData\Roaming\MiKTeX\2.8\tex\generic\pgf\basiclayer\pgfcore
transparency.code.tex
File: pgfcoretransparency.code.tex 2008/01/17  (rcs-revision 1.2)
)
(C:\Users\obxfs01\AppData\Roaming\MiKTeX\2.8\tex\generic\pgf\basiclayer\pgfcore
patterns.code.tex
File: pgfcorepatterns.code.tex 2008/01/15  (rcs-revision 1.1)
)))
(C:\Users\obxfs01\AppData\Roaming\MiKTeX\2.8\tex\generic\pgf\modules\pgfmodules
hapes.code.tex
File: pgfmoduleshapes.code.tex 2008/02/13  (rcs-revision 1.4)
\pgfnodeparttextbox=\box37
\toks@savedmacro=\toks41
)
(C:\Users\obxfs01\AppData\Roaming\MiKTeX\2.8\tex\generic\pgf\modules\pgfmodulep
lot.code.tex
File: pgfmoduleplot.code.tex 2008/01/15  (rcs-revision 1.1)
\pgf@plotwrite=\write4
)
(C:\Users\obxfs01\AppData\Roaming\MiKTeX\2.8\tex\latex\pgf\compatibility\pgfcom
p-version-0-65.sty
Package: pgfcomp-version-0-65 2007/07/03 v2.00 (rcs-revision 1.7)
\pgf@nodesepstart=\dimen195
\pgf@nodesepend=\dimen196
)
(C:\Users\obxfs01\AppData\Roaming\MiKTeX\2.8\tex\latex\pgf\compatibility\pgfcom
p-version-1-18.sty
Package: pgfcomp-version-1-18 2007/07/23 v2.00 (rcs-revision 1.1)
))
(C:\Users\obxfs01\AppData\Roaming\MiKTeX\2.8\tex\latex\pgf\utilities\pgffor.sty

(C:\Users\obxfs01\AppData\Roaming\MiKTeX\2.8\tex\generic\pgf\utilities\pgffor.c
ode.tex
Package: pgffor 2007/11/07 v2.00 (rcs-revision 1.8)
\pgffor@iter=\dimen197
\pgffor@skip=\dimen198
))
(C:\Users\obxfs01\AppData\Roaming\MiKTeX\2.8\tex\generic\pgf\frontendlayer\tikz
\tikz.code.tex
Package: tikz 2008/02/13 v2.00 (rcs-revision 1.27)

(C:\Users\obxfs01\AppData\Roaming\MiKTeX\2.8\tex\generic\pgf\libraries\pgflibra
ryplothandlers.code.tex
File: pgflibraryplothandlers.code.tex 2007/03/09 v2.00 (rcs-revision 1.9)
\pgf@plot@mark@count=\count126
\pgfplotmarksize=\dimen199
)
\tikz@lastx=\dimen200
\tikz@lasty=\dimen201
\tikz@lastxsaved=\dimen202
\tikz@lastysaved=\dimen203
\tikzleveldistance=\dimen204
\tikzsiblingdistance=\dimen205
\tikz@figbox=\box38
\tikz@tempbox=\box39
\tikztreelevel=\count127
\tikznumberofchildren=\count128
\tikznumberofcurrentchild=\count129
\tikz@fig@count=\count130

(C:\Users\obxfs01\AppData\Roaming\MiKTeX\2.8\tex\generic\pgf\modules\pgfmodulem
atrix.code.tex
File: pgfmodulematrix.code.tex 2008/01/15  (rcs-revision 1.1)
\pgfmatrixcurrentrow=\count131
\pgfmatrixcurrentcolumn=\count132
\pgf@matrix@numberofcolumns=\count133
)
\tikz@expandcount=\count134

(C:\Users\obxfs01\AppData\Roaming\MiKTeX\2.8\tex\generic\pgf\frontendlayer\tikz
\libraries\tikzlibrarytopaths.code.tex
File: tikzlibrarytopaths.code.tex 2008/01/09 v2.00 (rcs-revision 1.1)
)))
(C:\Users\obxfs01\AppData\Roaming\MiKTeX\2.8\tex\generic\pgf\frontendlayer\tikz
\libraries\tikzlibraryarrows.code.tex
File: tikzlibraryarrows.code.tex 2008/01/09 v2.00 (rcs-revision 1.1)

(C:\Users\obxfs01\AppData\Roaming\MiKTeX\2.8\tex\generic\pgf\libraries\pgflibra
ryarrows.code.tex
File: pgflibraryarrows.code.tex 2007/06/07 v2.00 (rcs-revision 1.7)
))
(C:\Users\obxfs01\AppData\Roaming\MiKTeX\2.8\tex\generic\pgf\frontendlayer\tikz
\libraries\tikzlibraryshapes.code.tex
File: tikzlibraryshapes.code.tex 2008/01/09 v2.00 (rcs-revision 1.1)

(C:\Users\obxfs01\AppData\Roaming\MiKTeX\2.8\tex\generic\pgf\frontendlayer\tikz
\libraries\tikzlibraryshapes.geometric.code.tex
File: tikzlibraryshapes.geometric.code.tex 2008/01/09 v2.00 (rcs-revision 1.1)

(C:\Users\obxfs01\AppData\Roaming\MiKTeX\2.8\tex\generic\pgf\libraries\pgflibra
ryshapes.geometric.code.tex
File: pgflibraryshapes.geometric.code.tex 2008/02/01 v2.00 (rcs-revision 1.22)
))
(C:\Users\obxfs01\AppData\Roaming\MiKTeX\2.8\tex\generic\pgf\frontendlayer\tikz
\libraries\tikzlibraryshapes.misc.code.tex
File: tikzlibraryshapes.misc.code.tex 2008/01/09 v2.00 (rcs-revision 1.1)

(C:\Users\obxfs01\AppData\Roaming\MiKTeX\2.8\tex\generic\pgf\libraries\pgflibra
ryshapes.misc.code.tex
File: pgflibraryshapes.misc.code.tex 2008/02/12 v2.00 (rcs-revision 1.10)
))
(C:\Users\obxfs01\AppData\Roaming\MiKTeX\2.8\tex\generic\pgf\frontendlayer\tikz
\libraries\tikzlibraryshapes.symbols.code.tex
File: tikzlibraryshapes.symbols.code.tex 2008/01/09 v2.00 (rcs-revision 1.1)

(C:\Users\obxfs01\AppData\Roaming\MiKTeX\2.8\tex\generic\pgf\libraries\pgflibra
ryshapes.symbols.code.tex
File: pgflibraryshapes.symbols.code.tex 2008/01/30 v2.00 (rcs-revision 1.13)
))
(C:\Users\obxfs01\AppData\Roaming\MiKTeX\2.8\tex\generic\pgf\frontendlayer\tikz
\libraries\tikzlibraryshapes.arrows.code.tex
File: tikzlibraryshapes.arrows.code.tex 2008/01/09 v2.00 (rcs-revision 1.1)

(C:\Users\obxfs01\AppData\Roaming\MiKTeX\2.8\tex\generic\pgf\libraries\pgflibra
ryshapes.arrows.code.tex
File: pgflibraryshapes.arrows.code.tex 2007/11/10 v2.00 (rcs-revision 1.3)
))
(C:\Users\obxfs01\AppData\Roaming\MiKTeX\2.8\tex\generic\pgf\frontendlayer\tikz
\libraries\tikzlibraryshapes.callouts.code.tex
(C:\Users\obxfs01\AppData\Roaming\MiKTeX\2.8\tex\generic\pgf\libraries\pgflibra
ryshapes.callouts.code.tex))
(C:\Users\obxfs01\AppData\Roaming\MiKTeX\2.8\tex\generic\pgf\frontendlayer\tikz
\libraries\tikzlibraryshapes.multipart.code.tex
File: tikzlibraryshapes.multipart.code.tex 2008/01/09 v2.00 (rcs-revision 1.1)

(C:\Users\obxfs01\AppData\Roaming\MiKTeX\2.8\tex\generic\pgf\libraries\pgflibra
ryshapes.multipart.code.tex
File: pgflibraryshapes.multipart.code.tex 2008/01/15 v2.00 (rcs-revision 1.7)
\pgfnodepartlowerbox=\box40
\pgfnodepartsecondbox=\box41
\pgfnodepartthirdbox=\box42
\pgfnodepartfourthbox=\box43
)))
(C:\Users\obxfs01\AppData\Roaming\MiKTeX\2.8\tex\generic\pgf\frontendlayer\tikz
\libraries\tikzlibrarysnakes.code.tex
File: tikzlibrarysnakes.code.tex 2008/02/05 v2.00 (rcs-revision 1.6)


Package tikz Warning: Snakes have been superseded by decorations. Please use th
e decoration libraries instead of the snakes library on input line 14.


(C:\Users\obxfs01\AppData\Roaming\MiKTeX\2.8\tex\generic\pgf\frontendlayer\tikz
\libraries\tikzlibrarydecorations.pathmorphing.code.tex
(C:\Users\obxfs01\AppData\Roaming\MiKTeX\2.8\tex\generic\pgf\frontendlayer\tikz
\libraries\tikzlibrarydecorations.code.tex
(C:\Users\obxfs01\AppData\Roaming\MiKTeX\2.8\tex\generic\pgf\modules\pgfmoduled
ecorations.code.tex
\pgfdecoratedcompleteddistance=\dimen206
\pgfdecoratedremainingdistance=\dimen207
\pgfdecoratedinputsegmentcompleteddistance=\dimen208
\pgfdecoratedinputsegmentremainingdistance=\dimen209
\pgf@decorate@distancetomove=\dimen210
\pgf@decorate@repeatstate=\count135
\pgfdecorationsegmentamplitude=\dimen211
\pgfdecorationsegmentlength=\dimen212
))
(C:\Users\obxfs01\AppData\Roaming\MiKTeX\2.8\tex\generic\pgf\libraries\pgflibra
rydecorations.pathmorphing.code.tex))
(C:\Users\obxfs01\AppData\Roaming\MiKTeX\2.8\tex\generic\pgf\frontendlayer\tikz
\libraries\tikzlibrarydecorations.pathreplacing.code.tex
(C:\Users\obxfs01\AppData\Roaming\MiKTeX\2.8\tex\generic\pgf\libraries\pgflibra
rydecorations.pathreplacing.code.tex))
(C:\Users\obxfs01\AppData\Roaming\MiKTeX\2.8\tex\generic\pgf\frontendlayer\tikz
\libraries\tikzlibrarydecorations.shapes.code.tex
(C:\Users\obxfs01\AppData\Roaming\MiKTeX\2.8\tex\generic\pgf\libraries\pgflibra
rydecorations.shapes.code.tex)))
(C:\Users\obxfs01\AppData\Roaming\MiKTeX\2.8\tex\generic\pgf\frontendlayer\tikz
\libraries\tikzlibraryautomata.code.tex
File: tikzlibraryautomata.code.tex 2008/02/14 v2.00 (rcs-revision 1.2)
)
(C:\Users\obxfs01\AppData\Roaming\MiKTeX\2.8\tex\generic\pgf\frontendlayer\tikz
\libraries\tikzlibrarybackgrounds.code.tex
File: tikzlibrarybackgrounds.code.tex 2008/01/09 v2.00 (rcs-revision 1.1)
\pgf@layerbox@background=\box44
\pgf@layerboxsaved@background=\box45
)
(C:\Users\obxfs01\AppData\Roaming\MiKTeX\2.8\tex\generic\pgf\frontendlayer\tikz
\libraries\tikzlibrarypetri.code.tex
File: tikzlibrarypetri.code.tex 2008/01/09 v2.00 (rcs-revision 1.1)
)
(C:\Users\obxfs01\AppData\Roaming\MiKTeX\2.8\tex\generic\pgf\frontendlayer\tikz
\libraries\tikzlibraryfit.code.tex
File: tikzlibraryfit.code.tex 2008/02/06 v2.00 (rcs-revision 1.2)
)

! LaTeX Error: File `units.sty' not found.

Type X to quit or <RETURN> to proceed,
or enter new name. (Default extension: sty)

Enter file name: 

! LaTeX Error: File `dialogue.sty' not found.

Type X to quit or <RETURN> to proceed,
or enter new name. (Default extension: sty)

Enter file name: 

! LaTeX Error: File `attrib.sty' not found.

Type X to quit or <RETURN> to proceed,
or enter new name. (Default extension: sty)

Enter file name: 

! LaTeX Error: \PreTrib undefined.

See the LaTeX manual or LaTeX Companion for explanation.
Type  H <return>  for immediate help.
 ...                                              
                                                  
l.88 \renewcommand\PreTrib
                           {}   % overwrite these commands, from attrib.sty
? 

! LaTeX Error: \PostTrib undefined.

See the LaTeX manual or LaTeX Companion for explanation.
Type  H <return>  for immediate help.
 ...                                              
                                                  
l.89 \renewcommand\PostTrib
                            {}  % to suppress additional brackets around
? 

! LaTeX Error: File `biblatex.sty' not found.

Type X to quit or <RETURN> to proceed,
or enter new name. (Default extension: sty)

Enter file name: 

! LaTeX Error: Unknown option `style=authoryear-comp' for package `biblatex'.

See the LaTeX manual or LaTeX Companion for explanation.
Type  H <return>  for immediate help.
 ...                                              
                                                  
l.111 \fi
         
? 

! LaTeX Error: Unknown option `natbib=true' for package `biblatex'.

See the LaTeX manual or LaTeX Companion for explanation.
Type  H <return>  for immediate help.
 ...                                              
                                                  
l.111 \fi
         
? 

! LaTeX Error: Unknown option `hyperref=true' for package `biblatex'.

See the LaTeX manual or LaTeX Companion for explanation.
Type  H <return>  for immediate help.
 ...                                              
                                                  
l.111 \fi
         
? 

! LaTeX Error: Unknown option `maxnames=2' for package `biblatex'.

See the LaTeX manual or LaTeX Companion for explanation.
Type  H <return>  for immediate help.
 ...                                              
                                                  
l.111 \fi
         
? 

! LaTeX Error: Unknown option `sortcites=false' for package `biblatex'.

See the LaTeX manual or LaTeX Companion for explanation.
Type  H <return>  for immediate help.
 ...                                              
                                                  
l.111 \fi
         
? 
("C:\Program Files (x86)\MiKTeX 2.8\tex\latex\hyperref\hyperref.sty"
Package: hyperref 2009/10/19 v6.79b Hypertext links for LaTeX

("C:\Program Files (x86)\MiKTeX 2.8\tex\generic\oberdiek\ifpdf.sty"
Package: ifpdf 2009/04/10 v2.0 Provides the ifpdf switch (HO)
Package ifpdf Info: pdfTeX in pdf mode detected.
)
("C:\Program Files (x86)\MiKTeX 2.8\tex\generic\oberdiek\ifvtex.sty"
Package: ifvtex 2008/11/04 v1.4 Switches for detecting VTeX and its modes (HO)
Package ifvtex Info: VTeX not detected.
)
("C:\Program Files (x86)\MiKTeX 2.8\tex\latex\ifxetex\ifxetex.sty"
Package: ifxetex 2009/01/23 v0.5 Provides ifxetex conditional
)
("C:\Program Files (x86)\MiKTeX 2.8\tex\latex\oberdiek\hycolor.sty"
Package: hycolor 2009/10/02 v1.5 Code for color options of hyperref/bookmark (H
O)

("C:\Program Files (x86)\MiKTeX 2.8\tex\latex\oberdiek\xcolor-patch.sty"
Package: xcolor-patch 2009/10/02 xcolor patch
))
\@linkdim=\dimen213
\Hy@linkcounter=\count136
\Hy@pagecounter=\count137

("C:\Program Files (x86)\MiKTeX 2.8\tex\latex\hyperref\pd1enc.def"
File: pd1enc.def 2009/10/19 v6.79b Hyperref: PDFDocEncoding definition (HO)
Now handling font encoding PD1 ...
... no UTF-8 mapping file for font encoding PD1
)
("C:\Program Files (x86)\MiKTeX 2.8\tex\generic\oberdiek\etexcmds.sty"
Package: etexcmds 2007/12/12 v1.2 Prefix for e-TeX command names (HO)

("C:\Program Files (x86)\MiKTeX 2.8\tex\generic\oberdiek\infwarerr.sty"
Package: infwarerr 2007/09/09 v1.2 Providing info/warning/message (HO)
)
Package etexcmds Info: Could not find \expanded.
(etexcmds)             That can mean that you are not using pdfTeX 1.50 or
(etexcmds)             that some package has redefined \expanded.
(etexcmds)             In the latter case, load this package earlier.
)
("C:\Program Files (x86)\MiKTeX 2.8\tex\latex\00miktex\hyperref.cfg"
File: hyperref.cfg 2002/06/06 v1.2 hyperref configuration of TeXLive
)
("C:\Program Files (x86)\MiKTeX 2.8\tex\latex\oberdiek\kvoptions.sty"
Package: kvoptions 2009/08/13 v3.4 Keyval support for LaTeX options (HO)

("C:\Program Files (x86)\MiKTeX 2.8\tex\generic\oberdiek\kvsetkeys.sty"
Package: kvsetkeys 2009/07/30 v1.5 Key value parser with default handler suppor
t (HO)
))
Package hyperref Info: Option `draft' set `true' on input line 2864.
Package hyperref Info: Option `final' set `true' on input line 2864.
Package hyperref Info: Option `colorlinks' set `true' on input line 2864.
Package hyperref Info: Option `plainpages' set `false' on input line 2864.
Package hyperref Info: Option `pdfpagelabels' set `true' on input line 2864.
Package hyperref Info: Option `hypertexnames' set `false' on input line 2864.
Package hyperref Info: Hyper figures OFF on input line 2975.
Package hyperref Info: Link nesting OFF on input line 2980.
Package hyperref Info: Hyper index ON on input line 2983.
Package hyperref Info: Plain pages OFF on input line 2990.
Package hyperref Info: Backreferencing OFF on input line 2995.

Implicit mode ON; LaTeX internals redefined
Package hyperref Info: Bookmarks ON on input line 3191.
LaTeX Info: Redefining \url on input line 3428.
("C:\Program Files (x86)\MiKTeX 2.8\tex\generic\oberdiek\bitset.sty"
Package: bitset 2007/09/28 v1.0 Data type bit set (HO)

("C:\Program Files (x86)\MiKTeX 2.8\tex\generic\oberdiek\intcalc.sty"
Package: intcalc 2007/09/27 v1.1 Expandable integer calculations (HO)
)
("C:\Program Files (x86)\MiKTeX 2.8\tex\generic\oberdiek\bigintcalc.sty"
Package: bigintcalc 2007/11/11 v1.1 Expandable big integer calculations (HO)

("C:\Program Files (x86)\MiKTeX 2.8\tex\generic\oberdiek\pdftexcmds.sty"
Package: pdftexcmds 2009/09/23 v0.6 LuaTeX support for pdfTeX utility functions
 (HO)

("C:\Program Files (x86)\MiKTeX 2.8\tex\generic\oberdiek\ifluatex.sty"
Package: ifluatex 2009/04/17 v1.2 Provides the ifluatex switch (HO)
Package ifluatex Info: LuaTeX not detected.
)
("C:\Program Files (x86)\MiKTeX 2.8\tex\generic\oberdiek\ltxcmds.sty"
Package: ltxcmds 2009/08/05 v1.0 Some LaTeX kernel commands for general use (HO
)
)
Package pdftexcmds Info: LuaTeX not detected.
Package pdftexcmds Info: \pdf@primitive is available.
Package pdftexcmds Info: \pdf@ifprimitive is available.
)))
\Fld@menulength=\count138
\Field@Width=\dimen214
\Fld@charsize=\dimen215
\Field@toks=\toks42
Package hyperref Info: Hyper figures OFF on input line 4377.
Package hyperref Info: Link nesting OFF on input line 4382.
Package hyperref Info: Hyper index ON on input line 4385.
Package hyperref Info: backreferencing OFF on input line 4392.
Package hyperref Info: Link coloring ON on input line 4395.
Package hyperref Info: Link coloring with OCG OFF on input line 4402.
Package hyperref Info: PDF/A mode OFF on input line 4407.

("C:\Program Files (x86)\MiKTeX 2.8\tex\generic\oberdiek\atbegshi.sty"
Package: atbegshi 2008/07/31 v1.9 At begin shipout hook (HO)
)
\Hy@abspage=\count139
\c@Item=\count140
\c@Hfootnote=\count141
)
*hyperref using default driver hpdftex*
("C:\Program Files (x86)\MiKTeX 2.8\tex\latex\hyperref\hpdftex.def"
File: hpdftex.def 2009/10/19 v6.79b Hyperref driver for pdfTeX
\Fld@listcount=\count142
))
\bibdata{MyRefGlobal}
No file data_survey.bbl.
(E:\obxfs01\svn\implicat_experim\text\helpers/myenvironments.sty

LaTeX Warning: You have requested package `helpers/myenvironments',
               but the package provides `myenvironments'.

Package: myenvironments 2010/03/29 Personal Environments
\c@theorem=\count143
\c@lemma=\count144
\c@definition=\count145
\c@proposition=\count146
\c@fact=\count147
\c@claim=\count148
\c@remark=\count149
\c@exercise=\count150
\c@problem=\count151
\c@corollary=\count152
) (E:\obxfs01\svn\implicat_experim\text\helpers/mycommands.sty

LaTeX Warning: You have requested package `helpers/mycommands',
               but the package provides `mycommands'.

Package: mycommands 
) (C:\Users\obxfs01\AppData\Roaming\MiKTeX\2.8\tex\latex\caption\caption.sty
Package: caption 2010/01/09 v3.1m Customizing captions (AR)

(C:\Users\obxfs01\AppData\Roaming\MiKTeX\2.8\tex\latex\caption\caption3.sty
Package: caption3 2010/01/14 v3.1m caption3 kernel (AR)
\captionmargin=\dimen216
\captionmargin@=\dimen217
\captionwidth=\dimen218
\caption@indent=\dimen219
\caption@parindent=\dimen220
\caption@hangindent=\dimen221
)
\c@ContinuedFloat=\count153
Package caption Info: hyperref package is loaded.
)
(E:\obxfs01\svn\implicat_experim\text\data_survey.aux

LaTeX Warning: Label `sec:pictures' multiply defined.


LaTeX Warning: Label `sec:sentence-items' multiply defined.


LaTeX Warning: Label `sec:pictures' multiply defined.


LaTeX Warning: Label `sec:sentence-items' multiply defined.

)
LaTeX Font Info:    Checking defaults for OML/cmm/m/it on input line 94.
LaTeX Font Info:    ... okay on input line 94.
LaTeX Font Info:    Checking defaults for T1/cmr/m/n on input line 94.
LaTeX Font Info:    ... okay on input line 94.
LaTeX Font Info:    Checking defaults for OT1/cmr/m/n on input line 94.
LaTeX Font Info:    ... okay on input line 94.
LaTeX Font Info:    Checking defaults for OMS/cmsy/m/n on input line 94.
LaTeX Font Info:    ... okay on input line 94.
LaTeX Font Info:    Checking defaults for OMX/cmex/m/n on input line 94.
LaTeX Font Info:    ... okay on input line 94.
LaTeX Font Info:    Checking defaults for U/cmr/m/n on input line 94.
LaTeX Font Info:    ... okay on input line 94.
LaTeX Font Info:    Checking defaults for PD1/pdf/m/n on input line 94.
LaTeX Font Info:    ... okay on input line 94.
 ("C:\Program Files (x86)\MiKTeX 2.8\tex\context\base\supp-pdf.tex"
[Loading MPS to PDF converter (version 2006.09.02).]
\scratchcounter=\count154
\scratchdimen=\dimen222
\scratchbox=\box46
\nofMPsegments=\count155
\nofMParguments=\count156
\everyMPshowfont=\toks43
\MPscratchCnt=\count157
\MPscratchDim=\dimen223
\MPnumerator=\count158
\everyMPtoPDFconversion=\toks44
)
Package hyperref Info: Link coloring ON on input line 94.
 ("C:\Program Files (x86)\MiKTeX 2.8\tex\latex\hyperref\nameref.sty"
Package: nameref 2007/05/29 v2.31 Cross-referencing by name of section

("C:\Program Files (x86)\MiKTeX 2.8\tex\latex\oberdiek\refcount.sty"
Package: refcount 2008/08/11 v3.1 Data extraction from references (HO)
)
\c@section@level=\count159
)
LaTeX Info: Redefining \ref on input line 94.
LaTeX Info: Redefining \pageref on input line 94.

(E:\obxfs01\svn\implicat_experim\text\data_survey.out)
(E:\obxfs01\svn\implicat_experim\text\data_survey.out)
\@outlinefile=\write5
\AtBeginShipoutBox=\box47
Package caption Info: Begin \AtBeginDocument code.
Package caption Info: End \AtBeginDocument code.
LaTeX Font Info:    Try loading font information for U+msa on input line 97.

("C:\Program Files (x86)\MiKTeX 2.8\tex\latex\amsfonts\umsa.fd"
File: umsa.fd 2009/06/22 v3.00 AMS symbols A
)
LaTeX Font Info:    Try loading font information for U+msb on input line 97.

("C:\Program Files (x86)\MiKTeX 2.8\tex\latex\amsfonts\umsb.fd"
File: umsb.fd 2009/06/22 v3.00 AMS symbols B
)

! LaTeX Error: Environment exe undefined.

See the LaTeX manual or LaTeX Companion for explanation.
Type  H <return>  for immediate help.
 ...                                              
                                                  
l.103   \begin{exe}
                   
? 
! Undefined control sequence.
l.104     \ex
             
? 

! LaTeX Error: Environment xlist undefined.

See the LaTeX manual or LaTeX Companion for explanation.
Type  H <return>  for immediate help.
 ...                                              
                                                  
l.105       \begin{xlist}
                         
? 
! Undefined control sequence.
l.106         \ex
                  All of the $X$'s are related to some of the $Y$'s.
? 
! Undefined control sequence.
l.107         \ex
                  Exactly one of the $X$'s is related to some of the $Y$'s.
? 
! Undefined control sequence.
l.108         \ex
                  Exactly one of the $Y$'s is related to all of the $Y$'s.
? 

! LaTeX Error: \begin{itemize} on input line 100 ended by \end{xlist}.

See the LaTeX manual or LaTeX Companion for explanation.
Type  H <return>  for immediate help.
 ...                                              
                                                  
l.109       \end{xlist}
                       
? 

! LaTeX Error: \begin{itemize} on input line 100 ended by \end{exe}.

See the LaTeX manual or LaTeX Companion for explanation.
Type  H <return>  for immediate help.
 ...                                              
                                                  
l.110   \end{exe}
                 
? 

! LaTeX Error: Environment exe undefined.

See the LaTeX manual or LaTeX Companion for explanation.
Type  H <return>  for immediate help.
 ...                                              
                                                  
l.120   \begin{exe}
                   
? 
! Undefined control sequence.
l.121     \ex
              \label{bsp:All_Some-Global} All of the $X$'s are related to so...

? 

! LaTeX Error: Environment xlist undefined.

See the LaTeX manual or LaTeX Companion for explanation.
Type  H <return>  for immediate help.
 ...                                              
                                                  
l.122       \begin{xlist}
                         
? 
! Undefined control sequence.
l.123       \ex
                All of the $X$'s are related to some of the $Y$'s and
? 
! Undefined control sequence.
l.125        \ex
                 \dots it's
? 

! LaTeX Error: \begin{itemize} on input line 116 ended by \end{xlist}.

See the LaTeX manual or LaTeX Companion for explanation.
Type  H <return>  for immediate help.
 ...                                              
                                                  
l.127       \end{xlist}
                       
? 
! Undefined control sequence.
l.128     \ex
              \label{bsp:Exactly_1_Some-Global} Exactly one of the $X$'s is ...

? 

! LaTeX Error: Environment xlist undefined.

See the LaTeX manual or LaTeX Companion for explanation.
Type  H <return>  for immediate help.
 ...                                              
                                                  
l.129       \begin{xlist}
                         
? 
! Undefined control sequence.
l.130         \ex
                  Exactly one of the $X$'s is related to some of the $Y$'s
? 
! Undefined control sequence.
l.132         \ex
                   \dots it's not the case that exactly one of the $X$'s is
? 

! LaTeX Error: \begin{itemize} on input line 116 ended by \end{xlist}.

See the LaTeX manual or LaTeX Companion for explanation.
Type  H <return>  for immediate help.
 ...                                              
                                                  
l.134       \end{xlist}
                       
? 
! Undefined control sequence.
l.135     \ex
              \label{bsp:Exactly_1_All-Global} Exactly one of the $Y$'s is r...

? 

! LaTeX Error: Environment xlist undefined.

See the LaTeX manual or LaTeX Companion for explanation.
Type  H <return>  for immediate help.
 ...                                              
                                                  
l.136       \begin{xlist}
                         
? 
! Undefined control sequence.
l.137         \ex
                  Exactly one of the $X$'s is related to all of the $Y$'s
? 
! Undefined control sequence.
l.139         \ex
                   \dots it's not the case that exactly one of the $X$'s is
? 

! LaTeX Error: \begin{itemize} on input line 116 ended by \end{xlist}.

See the LaTeX manual or LaTeX Companion for explanation.
Type  H <return>  for immediate help.
 ...                                              
                                                  
l.141       \end{xlist}
                       
? 

! LaTeX Error: \begin{itemize} on input line 116 ended by \end{exe}.

See the LaTeX manual or LaTeX Companion for explanation.
Type  H <return>  for immediate help.
 ...                                              
                                                  
l.142   \end{exe}
                 
? 
! Undefined control sequence.
l.151   \citep
              [e.g.][]{Sauerland2004:Scalar-Implicat,Fox2007:Free-Choice-and}
? 
! Undefined control sequence.
l.152   and others don't \citep
                               {HornDivisionofLabor1984};\draftnote{need to
? 
! Undefined control sequence.
l.152 ...citep{HornDivisionofLabor1984};\draftnote
                                                  {need to
? 

Overfull \hbox (37.35721pt too wide) in paragraph at lines 148--155
\T1/cmr/m/n/10 Implicat,Fox2007:Free-Choice-and and oth-ers don't Horn-Di-vi-si
onofLa-bor1984;need|
 []

! Undefined control sequence.
l.165 ...to the workings of \emph{only},\draftnote
                                                  {there is some due
? 

! LaTeX Error: Environment exe undefined.

See the LaTeX manual or LaTeX Companion for explanation.
Type  H <return>  for immediate help.
 ...                                              
                                                  
l.169   \begin{exe}
                   
? 
! Undefined control sequence.
l.170     \ex
              \label{bsp:All-some-local} All of the $X$'s are related to som...

? 

! LaTeX Error: Environment xlist undefined.

See the LaTeX manual or LaTeX Companion for explanation.
Type  H <return>  for immediate help.
 ...                                              
                                                  
l.171       \begin{xlist}
                         
? 
! Undefined control sequence.
l.172       \ex
                All of the $X$'s are related to some but not all of the $Y$'s.
? 

! LaTeX Error: \begin{itemize} on input line 162 ended by \end{xlist}.

See the LaTeX manual or LaTeX Companion for explanation.
Type  H <return>  for immediate help.
 ...                                              
                                                  
l.173       \end{xlist}
                       
? 
! Undefined control sequence.
l.174     \ex
              \label{bsp:Exactly-1-some-local} Exactly 1 of the $X$'s is rel...

? 

! LaTeX Error: Environment xlist undefined.

See the LaTeX manual or LaTeX Companion for explanation.
Type  H <return>  for immediate help.
 ...                                              
                                                  
l.175       \begin{xlist}
                         
? 
! Undefined control sequence.
l.176       \ex
                Exactly 1 of the $X$'s is related to some but not all of the...

? 

! LaTeX Error: \begin{itemize} on input line 162 ended by \end{xlist}.

See the LaTeX manual or LaTeX Companion for explanation.
Type  H <return>  for immediate help.
 ...                                              
                                                  
l.177       \end{xlist}
                       
? 

! LaTeX Error: \begin{itemize} on input line 162 ended by \end{exe}.

See the LaTeX manual or LaTeX Companion for explanation.
Type  H <return>  for immediate help.
 ...                                              
                                                  
l.178   \end{exe}
                 
? 
[1

{C:/Users/obxfs01/AppData/Local/MiKTeX/2.8/pdftex/config/pdftex.map}]
! Undefined control sequence.
l.181   this: \citet
                    {GeurtsPouscoulous2009:Embedded-Implic} provide evidence
? 
! Undefined control sequence.
l.182   \emph{against}; \citet
                              {ChemlaSpector2010:Experimental-Ev} provide ev...

? 

Overfull \hbox (51.58984pt too wide) in paragraph at lines 179--184
\T1/cmr/m/n/10 stud-ies have pre-sented di-verg-ing ev-i-dence for this: Geurts
Pouscoulous2009:Embedded-|
 []


Overfull \hbox (3.93987pt too wide) in paragraph at lines 179--184
\T1/cmr/m/n/10 Implic pro-vide ev-i-dence \T1/cmr/m/it/10 against\T1/cmr/m/n/10
 ; ChemlaSpector2010:Experimental-Ev pro-|
 []


Package hyperref Warning: Token not allowed in a PDF string (PDFDocEncoding):
(hyperref)                removing `math shift' on input line 206.


Package hyperref Warning: Token not allowed in a PDF string (PDFDocEncoding):
(hyperref)                removing `math shift' on input line 206.


Package hyperref Warning: Token not allowed in a PDF string (PDFDocEncoding):
(hyperref)                removing `math shift' on input line 206.


Package hyperref Warning: Token not allowed in a PDF string (PDFDocEncoding):
(hyperref)                removing `math shift' on input line 206.


LaTeX Font Warning: Command \Large invalid in math mode on input line 239.


LaTeX Font Warning: Command \Large invalid in math mode on input line 241.


LaTeX Font Warning: Command \Large invalid in math mode on input line 243.


LaTeX Font Warning: Command \Large invalid in math mode on input line 245.


LaTeX Font Warning: Command \Large invalid in math mode on input line 247.


LaTeX Font Warning: Command \Large invalid in math mode on input line 249.


LaTeX Font Warning: Command \Large invalid in math mode on input line 251.

[2]

LaTeX Font Warning: Command \Large invalid in math mode on input line 278.


LaTeX Font Warning: Command \Large invalid in math mode on input line 280.


LaTeX Font Warning: Command \Large invalid in math mode on input line 282.


LaTeX Font Warning: Command \Large invalid in math mode on input line 284.


LaTeX Font Warning: Command \Large invalid in math mode on input line 286.


LaTeX Font Warning: Command \Large invalid in math mode on input line 288.


LaTeX Font Warning: Command \Large invalid in math mode on input line 290.


LaTeX Font Warning: Command \Large invalid in math mode on input line 321.


LaTeX Font Warning: Command \Large invalid in math mode on input line 323.


LaTeX Font Warning: Command \Large invalid in math mode on input line 325.


LaTeX Font Warning: Command \Large invalid in math mode on input line 327.


LaTeX Font Warning: Command \Large invalid in math mode on input line 329.


LaTeX Font Warning: Command \Large invalid in math mode on input line 331.


LaTeX Font Warning: Command \Large invalid in math mode on input line 333.


LaTeX Font Warning: Command \Large invalid in math mode on input line 375.


LaTeX Font Warning: Command \Large invalid in math mode on input line 377.


LaTeX Font Warning: Command \Large invalid in math mode on input line 379.


LaTeX Font Warning: Command \Large invalid in math mode on input line 381.


LaTeX Font Warning: Command \Large invalid in math mode on input line 383.


LaTeX Font Warning: Command \Large invalid in math mode on input line 385.


LaTeX Font Warning: Command \Large invalid in math mode on input line 387.

[3]

! LaTeX Error: Environment exe undefined.

See the LaTeX manual or LaTeX Companion for explanation.
Type  H <return>  for immediate help.
 ...                                              
                                                  
l.411 \begin{exe}
                 
? 
! Undefined control sequence.
l.412   \ex
           
? 

! LaTeX Error: Environment xlist undefined.

See the LaTeX manual or LaTeX Companion for explanation.
Type  H <return>  for immediate help.
 ...                                              
                                                  
l.413     \begin{xlist}
                       
? 
! Undefined control sequence.
l.414     \ex
              Fr jeden dieser Anwlte gilt: er vertritt einige dieser
? 
! Undefined control sequence.
l.416     \ex
              Fr jedes dieser Kinder gilt: es mag einige dieser
? 
! Undefined control sequence.
l.418     \ex
              Fr jeden dieser Kritiker gilt: er lobte einige dieser
? 
! Undefined control sequence.
l.420     \ex
              Fr jede dieser Tennisspielerinnen gilt: sie hat schon
? 
! Undefined control sequence.
l.422     \ex
              Fr jede dieser Knstlerinnen gilt: sie stellt in einigen
? 
! Undefined control sequence.
l.424     \ex
              Fr jeden dieser Jungen gilt: er ist mit einigen dieser
? 
! Undefined control sequence.
l.426     \ex
              Fr jeden dieser Fuballfans gilt: er hat einige dieser
? 
! Undefined control sequence.
l.428     \ex
              Fr jeden dieser Touristen gilt: er hat bereits einige dieser
? 
! Undefined control sequence.
l.430     \ex
              Fr jeden dieser Bergsteiger gilt: er hat bereits einige dieser
? 
! Undefined control sequence.
l.432     \ex
              Fr jeden dieser Musikliebhaber gilt: er mag einige
? 
! Undefined control sequence.
l.434     \ex
              Fr jeden dieser Schauspieler gilt: er hat bereits mit einige...

? 

! LaTeX Error: \begin{document} ended by \end{xlist}.

See the LaTeX manual or LaTeX Companion for explanation.
Type  H <return>  for immediate help.
 ...                                              
                                                  
l.436     \end{xlist}
                     
? 

! LaTeX Error: \begin{document} ended by \end{exe}.

See the LaTeX manual or LaTeX Companion for explanation.
Type  H <return>  for immediate help.
 ...                                              
                                                  
l.437 \end{exe}
               
? 

Package hyperref Warning: Token not allowed in a PDF string (PDFDocEncoding):
(hyperref)                removing `math shift' on input line 440.


Package hyperref Warning: Token not allowed in a PDF string (PDFDocEncoding):
(hyperref)                removing `math shift' on input line 440.


Package hyperref Warning: Token not allowed in a PDF string (PDFDocEncoding):
(hyperref)                removing `math shift' on input line 440.


Package hyperref Warning: Token not allowed in a PDF string (PDFDocEncoding):
(hyperref)                removing `math shift' on input line 440.


LaTeX Font Warning: Command \Large invalid in math mode on input line 478.


LaTeX Font Warning: Command \Large invalid in math mode on input line 480.


LaTeX Font Warning: Command \Large invalid in math mode on input line 482.


LaTeX Font Warning: Command \Large invalid in math mode on input line 484.


LaTeX Font Warning: Command \Large invalid in math mode on input line 486.


LaTeX Font Warning: Command \Large invalid in math mode on input line 488.


LaTeX Font Warning: Command \Large invalid in math mode on input line 490.

[4]

LaTeX Font Warning: Command \Large invalid in math mode on input line 506.


LaTeX Font Warning: Command \Large invalid in math mode on input line 508.


LaTeX Font Warning: Command \Large invalid in math mode on input line 510.


LaTeX Font Warning: Command \Large invalid in math mode on input line 512.


LaTeX Font Warning: Command \Large invalid in math mode on input line 514.


LaTeX Font Warning: Command \Large invalid in math mode on input line 516.


LaTeX Font Warning: Command \Large invalid in math mode on input line 518.


LaTeX Font Warning: Command \Large invalid in math mode on input line 556.


LaTeX Font Warning: Command \Large invalid in math mode on input line 558.


LaTeX Font Warning: Command \Large invalid in math mode on input line 560.


LaTeX Font Warning: Command \Large invalid in math mode on input line 562.


LaTeX Font Warning: Command \Large invalid in math mode on input line 564.


LaTeX Font Warning: Command \Large invalid in math mode on input line 566.


LaTeX Font Warning: Command \Large invalid in math mode on input line 568.


LaTeX Font Warning: Command \Large invalid in math mode on input line 588.


LaTeX Font Warning: Command \Large invalid in math mode on input line 590.


LaTeX Font Warning: Command \Large invalid in math mode on input line 592.


LaTeX Font Warning: Command \Large invalid in math mode on input line 594.


LaTeX Font Warning: Command \Large invalid in math mode on input line 596.


LaTeX Font Warning: Command \Large invalid in math mode on input line 598.


LaTeX Font Warning: Command \Large invalid in math mode on input line 600.

[5]

! LaTeX Error: Environment exe undefined.

See the LaTeX manual or LaTeX Companion for explanation.
Type  H <return>  for immediate help.
 ...                                              
                                                  
l.622 \begin{exe}
                 
? 
! Undefined control sequence.
l.623   \ex
           
? 

! LaTeX Error: Environment xlist undefined.

See the LaTeX manual or LaTeX Companion for explanation.
Type  H <return>  for immediate help.
 ...                                              
                                                  
l.624     \begin{xlist}
                       
? 
! Undefined control sequence.
l.625     \ex
              Fr genau einen dieser Anwlte gilt: er vertritt einige dieser
? 
! Undefined control sequence.
l.627     \ex
              Fr genau eines dieser Kinder gilt: es mag einige dieser
? 
! Undefined control sequence.
l.629     \ex
              Fr genau einen dieser Kritiker gilt: er lobte einige dieser
? 
! Undefined control sequence.
l.631     \ex
              Fr genau eine dieser Tennisspielerinnen gilt: sie hat schon
? 
! Undefined control sequence.
l.633     \ex
              Fr genau eine dieser Knstlerinnen gilt: sie stellt in einigen

? 
! Undefined control sequence.
l.635     \ex
              Fr genau einen dieser Jungen gilt: er ist mit einigen dieser
? 
! Undefined control sequence.
l.637     \ex
              Fr genau einen dieser Fuballfans gilt: er hat einige dieser
? 
! Undefined control sequence.
l.639     \ex
              Fr genau einen dieser Touristen gilt: er hat bereits einige ...

? 
! Undefined control sequence.
l.641     \ex
              Fr genau einen dieser Bergsteiger gilt: er hat bereits einig...

? 
! Undefined control sequence.
l.643     \ex
              Fr genau einen dieser Musikliebhaber gilt: er mag einige
? 
! Undefined control sequence.
l.645     \ex
              Fr genau einen dieser Schauspieler gilt: er hat bereits mit ...

? 

! LaTeX Error: \begin{document} ended by \end{xlist}.

See the LaTeX manual or LaTeX Companion for explanation.
Type  H <return>  for immediate help.
 ...                                              
                                                  
l.647     \end{xlist}
                     
? 

! LaTeX Error: \begin{document} ended by \end{exe}.

See the LaTeX manual or LaTeX Companion for explanation.
Type  H <return>  for immediate help.
 ...                                              
                                                  
l.648 \end{exe}
               
? 

Package hyperref Warning: Token not allowed in a PDF string (PDFDocEncoding):
(hyperref)                removing `math shift' on input line 652.


Package hyperref Warning: Token not allowed in a PDF string (PDFDocEncoding):
(hyperref)                removing `math shift' on input line 652.


Package hyperref Warning: Token not allowed in a PDF string (PDFDocEncoding):
(hyperref)                removing `math shift' on input line 652.


Package hyperref Warning: Token not allowed in a PDF string (PDFDocEncoding):
(hyperref)                removing `math shift' on input line 652.


LaTeX Font Warning: Command \Large invalid in math mode on input line 682.


LaTeX Font Warning: Command \Large invalid in math mode on input line 684.


LaTeX Font Warning: Command \Large invalid in math mode on input line 686.


LaTeX Font Warning: Command \Large invalid in math mode on input line 688.


LaTeX Font Warning: Command \Large invalid in math mode on input line 690.


LaTeX Font Warning: Command \Large invalid in math mode on input line 692.


LaTeX Font Warning: Command \Large invalid in math mode on input line 694.

[6]

LaTeX Font Warning: Command \Large invalid in math mode on input line 719.


LaTeX Font Warning: Command \Large invalid in math mode on input line 721.


LaTeX Font Warning: Command \Large invalid in math mode on input line 723.


LaTeX Font Warning: Command \Large invalid in math mode on input line 725.


LaTeX Font Warning: Command \Large invalid in math mode on input line 727.


LaTeX Font Warning: Command \Large invalid in math mode on input line 729.


LaTeX Font Warning: Command \Large invalid in math mode on input line 731.


LaTeX Font Warning: Command \Large invalid in math mode on input line 752.


LaTeX Font Warning: Command \Large invalid in math mode on input line 754.


LaTeX Font Warning: Command \Large invalid in math mode on input line 756.


LaTeX Font Warning: Command \Large invalid in math mode on input line 758.


LaTeX Font Warning: Command \Large invalid in math mode on input line 760.


LaTeX Font Warning: Command \Large invalid in math mode on input line 762.


LaTeX Font Warning: Command \Large invalid in math mode on input line 764.

! Undefined control sequence.
l.774   \item Case 4 (false-false):\draftnote
                                             {we wanted to use two false
? 

LaTeX Font Warning: Command \Large invalid in math mode on input line 782.


LaTeX Font Warning: Command \Large invalid in math mode on input line 784.


LaTeX Font Warning: Command \Large invalid in math mode on input line 786.


LaTeX Font Warning: Command \Large invalid in math mode on input line 788.


LaTeX Font Warning: Command \Large invalid in math mode on input line 790.


LaTeX Font Warning: Command \Large invalid in math mode on input line 792.


LaTeX Font Warning: Command \Large invalid in math mode on input line 794.

[7]

! LaTeX Error: Environment exe undefined.

See the LaTeX manual or LaTeX Companion for explanation.
Type  H <return>  for immediate help.
 ...                                              
                                                  
l.834 \begin{exe}
                 
? 
! Undefined control sequence.
l.835   \ex
           
? 

! LaTeX Error: Environment xlist undefined.

See the LaTeX manual or LaTeX Companion for explanation.
Type  H <return>  for immediate help.
 ...                                              
                                                  
l.836     \begin{xlist}
                       
? 
! Undefined control sequence.
l.837     \ex
              Fr genau einen dieser Anwlte gilt: er vertritt jeden
? 
! Undefined control sequence.
l.839     \ex
              Fr genau eines dieser Kinder gilt: es mag jede dieser
? 
! Undefined control sequence.
l.841     \ex
              Fr genau einen dieser Kritiker gilt: er lobte jede dieser
? 
! Undefined control sequence.
l.843     \ex
              Fr genau eine dieser Tennisspielerinnen gilt: sie hat schon
? 
! Undefined control sequence.
l.845     \ex
              Fr genau eine dieser Knstlerinnen gilt: sie stellt in jedem
? 
! Undefined control sequence.
l.847     \ex
              Fr genau einen dieser Jungen gilt: er ist mit jedem dieser
? 
! Undefined control sequence.
l.849     \ex
              Fr genau einen dieser Fuballfans gilt: er hat jedes dieser
? 
! Undefined control sequence.
l.851     \ex
              Fr genau einen dieser Touristen gilt: er hat bereits jedes d...

? 
! Undefined control sequence.
l.853     \ex
              Fr genau einen dieser Bergsteiger gilt: er hat bereits jeden...

? 
! Undefined control sequence.
l.855     \ex
              Fr genau einen dieser Musikliebhaber gilt: er mag jeden
? 
! Undefined control sequence.
l.857     \ex
              Fr genau einen dieser Schauspieler gilt: er hat bereits mit ...

? 

! LaTeX Error: \begin{document} ended by \end{xlist}.

See the LaTeX manual or LaTeX Companion for explanation.
Type  H <return>  for immediate help.
 ...                                              
                                                  
l.859     \end{xlist}
                     
? 

! LaTeX Error: \begin{document} ended by \end{exe}.

See the LaTeX manual or LaTeX Companion for explanation.
Type  H <return>  for immediate help.
 ...                                              
                                                  
l.860 \end{exe}
               
? 
[8]

LaTeX Font Warning: Command \Large invalid in math mode on input line 904.


LaTeX Font Warning: Command \Large invalid in math mode on input line 906.


LaTeX Font Warning: Command \Large invalid in math mode on input line 908.


LaTeX Font Warning: Command \Large invalid in math mode on input line 911.


LaTeX Font Warning: Command \Large invalid in math mode on input line 913.


LaTeX Font Warning: Command \Large invalid in math mode on input line 915.


LaTeX Font Warning: Command \Large invalid in math mode on input line 917.

[9]
! Undefined control sequence.
l.947 ...case 3 (as above) for this case\draftnote
                                                  {careful: I
? 
[10] (E:\obxfs01\svn\implicat_experim\text\data_survey.aux)

LaTeX Warning: There were multiply-defined labels.

 ) 
Here is how much of TeX's memory you used:
 18491 strings out of 495285
 321565 string characters out of 3179872
 451314 words of memory out of 3000000
 21183 multiletter control sequences out of 15000+200000
 22617 words of font info for 66 fonts, out of 3000000 for 9000
 14 hyphenation exceptions out of 8191
 54i,6n,71p,428b,618s stack positions out of 5000i,500n,10000p,200000b,50000s
 <C:\Users\obxfs01\AppData\Local\MiKTeX\2.8\fonts\pk\ljfour\jknappen\ec\dpi60
0\ecbx1000.pk> <C:\Users\obxfs01\AppData\Local\MiKTeX\2.8\fonts\pk\ljfour\jknap
pen\ec\dpi600\ecti1000.pk> <C:\Users\obxfs01\AppData\Local\MiKTeX\2.8\fonts\pk\
ljfour\jknappen\ec\dpi600\eccc1000.pk> <C:\Users\obxfs01\AppData\Local\MiKTeX\2
.8\fonts\pk\ljfour\jknappen\ec\dpi600\ecbx1200.pk> <C:\Users\obxfs01\AppData\Lo
cal\MiKTeX\2.8\fonts\pk\ljfour\jknappen\ec\dpi600\ecrm1000.pk> <C:\Users\obxfs0
1\AppData\Local\MiKTeX\2.8\fonts\pk\ljfour\jknappen\ec\dpi600\ecbx1440.pk> <C:\
Users\obxfs01\AppData\Local\MiKTeX\2.8\fonts\pk\ljfour\jknappen\ec\dpi600\ecrm1
200.pk> <C:\Users\obxfs01\AppData\Local\MiKTeX\2.8\fonts\pk\ljfour\jknappen\ec\
dpi600\ecrm1728.pk><C:/Program Files (x86)/MiKTeX 2.8/fonts/type1/public/amsfon
ts/cm/cmmi10.pfb><C:/Program Files (x86)/MiKTeX 2.8/fonts/type1/public/amsfonts
/cm/cmmi12.pfb><C:/Program Files (x86)/MiKTeX 2.8/fonts/type1/public/amsfonts/c
m/cmsy10.pfb>
Output written on data_survey.pdf (10 pages, 126004 bytes).
PDF statistics:
 378 PDF objects out of 1000 (max. 8388607)
 28 named destinations out of 1000 (max. 500000)
 125 words of extra memory for PDF output out of 10000 (max. 10000000)

