This is XeTeX, Version 3.1415926-2.2-0.9995.1 (MiKTeX 2.8) (preloaded format=xelatex 2011.2.22)  7 MAR 2011 18:35
entering extended mode
**E:/obxfs01/svn/implicat_experim/text/exp1.tex
(E:/obxfs01/svn/implicat_experim/text/exp1.tex
LaTeX2e <2009/09/24>
Babel <v3.8l> and hyphenation patterns for english, dumylang, nohyphenation, ge
rman, ngerman, german-x-2009-06-19, ngerman-x-2009-06-19, french, loaded.
("C:\Program Files (x86)\MiKTeX 2.8\tex\latex\base\article.cls"
Document Class: article 2007/10/19 v1.4h Standard LaTeX document class
("C:\Program Files (x86)\MiKTeX 2.8\tex\latex\base\size10.clo"
File: size10.clo 2007/10/19 v1.4h Standard LaTeX file (size option)
)
\c@part=\count79
\c@section=\count80
\c@subsection=\count81
\c@subsubsection=\count82
\c@paragraph=\count83
\c@subparagraph=\count84
\c@figure=\count85
\c@table=\count86
\abovecaptionskip=\skip41
\belowcaptionskip=\skip42
\bibindent=\dimen102
)
("C:\Program Files (x86)\MiKTeX 2.8\tex\latex\base\t1enc.sty"
Package: t1enc 1994/06/01 Standard LaTeX package
Requested font "ecrm1000" at 10.0pt
 -> ecrm1000
)
(C:\Users\obxfs01\AppData\Roaming\MiKTeX\2.8\tex\latex\linguex\linguex.sty
("C:\Program Files (x86)\MiKTeX 2.8\tex\latex\tools\xspace.sty"
Package: xspace 2006/05/08 v1.12 Space after command names (DPC,MH)
)
(C:\Users\obxfs01\AppData\Roaming\MiKTeX\2.8\tex\latex\linguex\cgloss4e.sty
\lineone=\box26
\linetwo=\box27
\linethree=\box28
\wordone=\box29
\wordtwo=\box30
\wordthree=\box31
\gline=\box32
\glossglue=\skip43
)
\c@ExNo=\count87
\c@SubExNo=\count88
\c@SubSubExNo=\count89
\c@FnExNo=\count90
\c@ABC=\count91
\currentlabel=\skip44
\lessthanten=\skip45
\lessthanhundred=\skip46
\lessthanthousand=\skip47
\@Exleftmargin=\skip48
\Exlabelwidth=\skip49
\Extopsep=\skip50
\Exindent=\skip51
\SubExleftmargin=\skip52
\SubSubExleftmargin=\skip53
\Exlabelsep=\skip54
\alignSubExnegindent=\skip55
\Exredux=\skip56
\digitwidth=\skip57
\mindigitwidth=\skip58
\c@ExDepth=\count92
\c@TempExDepth=\count93
\CollectTokens=\toks14
LaTeX Info: Redefining \b on input line 297.
LaTeX Info: Redefining \c on input line 301.
LaTeX Info: Redefining \d on input line 303.
\c@tmpaEx=\count94
)
(C:\Users\obxfs01\AppData\Roaming\MiKTeX\2.8\tex\latex\harvard\harvard.sty
Package: harvard 

("C:\Program Files (x86)\MiKTeX 2.8\tex\latex\base\ifthen.sty"
Package: ifthen 2001/05/26 v1.1c Standard LaTeX ifthen package (DPC)
)
(C:\Users\obxfs01\AppData\Roaming\MiKTeX\2.8\tex\latex\latex2html\html.sty
Package: html 1999/07/19 v1.38 hypertext commands for latex2html (nd, hws, rrm)

\c@lpart=\count95
\c@lchapter=\count96
\c@chapter=\count97
\c@lsection=\count98
\c@lsubsection=\count99
\c@lsubsubsection=\count100
\c@lparagraph=\count101
\c@lsubparagraph=\count102
\c@lsubsubparagraph=\count103
\ptrfile=\write3
))
("C:\Program Files (x86)\MiKTeX 2.8\tex\latex\graphics\graphicx.sty"
Package: graphicx 1999/02/16 v1.0f Enhanced LaTeX Graphics (DPC,SPQR)

("C:\Program Files (x86)\MiKTeX 2.8\tex\latex\graphics\keyval.sty"
Package: keyval 1999/03/16 v1.13 key=value parser (DPC)
\KV@toks@=\toks15
)
("C:\Program Files (x86)\MiKTeX 2.8\tex\latex\graphics\graphics.sty"
Package: graphics 2009/02/05 v1.0o Standard LaTeX Graphics (DPC,SPQR)

("C:\Program Files (x86)\MiKTeX 2.8\tex\latex\graphics\trig.sty"
Package: trig 1999/03/16 v1.09 sin cos tan (DPC)
)
("C:\Program Files (x86)\MiKTeX 2.8\tex\latex\00miktex\graphics.cfg"
File: graphics.cfg 2007/01/18 v1.5 graphics configuration of teTeX/TeXLive
)
Package graphics Info: Driver file: xetex.def on input line 91.

("C:\Program Files (x86)\MiKTeX 2.8\tex\xelatex\xetex-def\xetex.def"
File: xetex.def 2006/08/10 v0.92 LaTeX color/graphics driver for XeTeX (RRM, mo
d. JK)
))
\Gin@req@height=\dimen103
\Gin@req@width=\dimen104
)
("C:\Program Files (x86)\MiKTeX 2.8\tex\latex\ams\math\amsmath.sty"
Package: amsmath 2000/07/18 v2.13 AMS math features
\@mathmargin=\skip59

For additional information on amsmath, use the `?' option.
("C:\Program Files (x86)\MiKTeX 2.8\tex\latex\ams\math\amstext.sty"
Package: amstext 2000/06/29 v2.01

("C:\Program Files (x86)\MiKTeX 2.8\tex\latex\ams\math\amsgen.sty"
File: amsgen.sty 1999/11/30 v2.0
\@emptytoks=\toks16
\ex@=\dimen105
))
("C:\Program Files (x86)\MiKTeX 2.8\tex\latex\ams\math\amsbsy.sty"
Package: amsbsy 1999/11/29 v1.2d
\pmbraise@=\dimen106
)
("C:\Program Files (x86)\MiKTeX 2.8\tex\latex\ams\math\amsopn.sty"
Package: amsopn 1999/12/14 v2.01 operator names
)
\inf@bad=\count104
LaTeX Info: Redefining \frac on input line 211.
\uproot@=\count105
\leftroot@=\count106
LaTeX Info: Redefining \overline on input line 307.
\classnum@=\count107
\DOTSCASE@=\count108
LaTeX Info: Redefining \ldots on input line 379.
LaTeX Info: Redefining \dots on input line 382.
LaTeX Info: Redefining \cdots on input line 467.
\Mathstrutbox@=\box33
\strutbox@=\box34
\big@size=\dimen107
LaTeX Font Info:    Redeclaring font encoding OML on input line 567.
LaTeX Font Info:    Redeclaring font encoding OMS on input line 568.
\macc@depth=\count109
\c@MaxMatrixCols=\count110
\dotsspace@=\muskip10
\c@parentequation=\count111
\dspbrk@lvl=\count112
\tag@help=\toks17
\row@=\count113
\column@=\count114
\maxfields@=\count115
\andhelp@=\toks18
\eqnshift@=\dimen108
\alignsep@=\dimen109
\tagshift@=\dimen110
\tagwidth@=\dimen111
\totwidth@=\dimen112
\lineht@=\dimen113
\@envbody=\toks19
\multlinegap=\skip60
\multlinetaggap=\skip61
\mathdisplay@stack=\toks20
LaTeX Info: Redefining \[ on input line 2666.
LaTeX Info: Redefining \] on input line 2667.
)
("C:\Program Files (x86)\MiKTeX 2.8\tex\latex\amsfonts\amssymb.sty"
Package: amssymb 2009/06/22 v3.00

("C:\Program Files (x86)\MiKTeX 2.8\tex\latex\amsfonts\amsfonts.sty"
Package: amsfonts 2009/06/22 v3.00 Basic AMSFonts support
\symAMSa=\mathgroup4
\symAMSb=\mathgroup5
LaTeX Font Info:    Overwriting math alphabet `\mathfrak' in version `bold'
(Font)                  U/euf/m/n --> U/euf/b/n on input line 96.
))
(C:\Users\obxfs01\AppData\Roaming\MiKTeX\2.8\tex\latex\pgf\frontendlayer\tikz.s
ty
(C:\Users\obxfs01\AppData\Roaming\MiKTeX\2.8\tex\latex\pgf\basiclayer\pgf.sty
(C:\Users\obxfs01\AppData\Roaming\MiKTeX\2.8\tex\latex\pgf\utilities\pgfrcs.sty

(C:\Users\obxfs01\AppData\Roaming\MiKTeX\2.8\tex\generic\pgf\utilities\pgfutil-
common.tex
\pgfutil@everybye=\toks21
)
(C:\Users\obxfs01\AppData\Roaming\MiKTeX\2.8\tex\generic\pgf\utilities\pgfutil-
latex.def)
(C:\Users\obxfs01\AppData\Roaming\MiKTeX\2.8\tex\generic\pgf\utilities\pgfrcs.c
ode.tex
Package: pgfrcs 2008/02/20 v2.00 (rcs-revision 1.21)
))
Package: pgf 2008/01/15 v2.00 (rcs-revision 1.12)

(C:\Users\obxfs01\AppData\Roaming\MiKTeX\2.8\tex\latex\pgf\basiclayer\pgfcore.s
ty
(C:\Users\obxfs01\AppData\Roaming\MiKTeX\2.8\tex\latex\pgf\systemlayer\pgfsys.s
ty
(C:\Users\obxfs01\AppData\Roaming\MiKTeX\2.8\tex\generic\pgf\systemlayer\pgfsys
.code.tex
Package: pgfsys 2008/02/07 v2.00 (rcs-revision 1.31)

(C:\Users\obxfs01\AppData\Roaming\MiKTeX\2.8\tex\generic\pgf\utilities\pgfkeys.
code.tex
\pgfkeys@pathtoks=\toks22
\pgfkeys@temptoks=\toks23
)
\pgf@x=\dimen114
\pgf@y=\dimen115
\pgf@xa=\dimen116
\pgf@ya=\dimen117
\pgf@xb=\dimen118
\pgf@yb=\dimen119
\pgf@xc=\dimen120
\pgf@yc=\dimen121
\c@pgf@counta=\count116
\c@pgf@countb=\count117
\c@pgf@countc=\count118
\c@pgf@countd=\count119

(C:\Users\obxfs01\AppData\Roaming\MiKTeX\2.8\tex\generic\pgf\systemlayer\pgf.cf
g
File: pgf.cfg 2008/01/13  (rcs-revision 1.6)
)
Package pgfsys Info: Driver file for pgf: pgfsys-xetex.def on input line 885.

(C:\Users\obxfs01\AppData\Roaming\MiKTeX\2.8\tex\generic\pgf\systemlayer\pgfsys
-xetex.def
File: pgfsys-xetex.def 2007/12/17  (rcs-revision 1.1)

(C:\Users\obxfs01\AppData\Roaming\MiKTeX\2.8\tex\generic\pgf\systemlayer\pgfsys
-common-pdf.def
File: pgfsys-common-pdf.def 2007/12/17  (rcs-revision 1.8)
)
(C:\Users\obxfs01\AppData\Roaming\MiKTeX\2.8\tex\generic\pgf\systemlayer\pgfsys
-common-pdf-via-dvi.def
File: pgfsys-common-pdf-via-dvi.def 2008/02/05  (rcs-revision 1.4)
)))
(C:\Users\obxfs01\AppData\Roaming\MiKTeX\2.8\tex\generic\pgf\systemlayer\pgfsys
softpath.code.tex
File: pgfsyssoftpath.code.tex 2008/01/23  (rcs-revision 1.6)
\pgfsyssoftpath@smallbuffer@items=\count120
\pgfsyssoftpath@bigbuffer@items=\count121
)
(C:\Users\obxfs01\AppData\Roaming\MiKTeX\2.8\tex\generic\pgf\systemlayer\pgfsys
protocol.code.tex
File: pgfsysprotocol.code.tex 2006/10/16  (rcs-revision 1.4)
))
(C:\Users\obxfs01\AppData\Roaming\MiKTeX\2.8\tex\latex\xcolor\xcolor.sty
Package: xcolor 2007/01/21 v2.11 LaTeX color extensions (UK)

("C:\Program Files (x86)\MiKTeX 2.8\tex\latex\00miktex\color.cfg"
File: color.cfg 2007/01/18 v1.5 color configuration of teTeX/TeXLive
)
Package xcolor Info: Driver file: xetex.def on input line 225.
Package xcolor Info: Model `cmy' substituted by `cmy0' on input line 1337.
Package xcolor Info: Model `RGB' extended on input line 1353.
Package xcolor Info: Model `HTML' substituted by `rgb' on input line 1355.
Package xcolor Info: Model `Hsb' substituted by `hsb' on input line 1356.
Package xcolor Info: Model `tHsb' substituted by `hsb' on input line 1357.
Package xcolor Info: Model `HSB' substituted by `hsb' on input line 1358.
Package xcolor Info: Model `Gray' substituted by `gray' on input line 1359.
Package xcolor Info: Model `wave' substituted by `hsb' on input line 1360.
)
(C:\Users\obxfs01\AppData\Roaming\MiKTeX\2.8\tex\generic\pgf\basiclayer\pgfcore
.code.tex
Package: pgfcore 2008/01/15 v2.00 (rcs-revision 1.6)

(C:\Users\obxfs01\AppData\Roaming\MiKTeX\2.8\tex\generic\pgf\math\pgfmath.code.
tex
(C:\Users\obxfs01\AppData\Roaming\MiKTeX\2.8\tex\generic\pgf\math\pgfmathcalc.c
ode.tex
(C:\Users\obxfs01\AppData\Roaming\MiKTeX\2.8\tex\generic\pgf\math\pgfmathutil.c
ode.tex
\pgfmath@box=\box35
)
(C:\Users\obxfs01\AppData\Roaming\MiKTeX\2.8\tex\generic\pgf\math\pgfmathparser
.code.tex
\pgfmath@stack=\toks24
\c@pgfmath@parsecounta=\count122
\c@pgfmath@parsecountb=\count123
\c@pgfmath@parsecountc=\count124
\pgfmath@parsex=\dimen122
)
(C:\Users\obxfs01\AppData\Roaming\MiKTeX\2.8\tex\generic\pgf\math\pgfmathoperat
ions.code.tex
(C:\Users\obxfs01\AppData\Roaming\MiKTeX\2.8\tex\generic\pgf\math\pgfmathtrig.c
ode.tex)
(C:\Users\obxfs01\AppData\Roaming\MiKTeX\2.8\tex\generic\pgf\math\pgfmathrnd.co
de.tex))
(C:\Users\obxfs01\AppData\Roaming\MiKTeX\2.8\tex\generic\pgf\math\pgfmathbase.c
ode.tex)))
(C:\Users\obxfs01\AppData\Roaming\MiKTeX\2.8\tex\generic\pgf\basiclayer\pgfcore
points.code.tex
File: pgfcorepoints.code.tex 2008/02/03  (rcs-revision 1.13)
\pgf@picminx=\dimen123
\pgf@picmaxx=\dimen124
\pgf@picminy=\dimen125
\pgf@picmaxy=\dimen126
\pgf@pathminx=\dimen127
\pgf@pathmaxx=\dimen128
\pgf@pathminy=\dimen129
\pgf@pathmaxy=\dimen130
\pgf@xx=\dimen131
\pgf@xy=\dimen132
\pgf@yx=\dimen133
\pgf@yy=\dimen134
\pgf@zx=\dimen135
\pgf@zy=\dimen136
)
(C:\Users\obxfs01\AppData\Roaming\MiKTeX\2.8\tex\generic\pgf\basiclayer\pgfcore
pathconstruct.code.tex
File: pgfcorepathconstruct.code.tex 2008/02/13  (rcs-revision 1.14)
\pgf@path@lastx=\dimen137
\pgf@path@lasty=\dimen138
)
(C:\Users\obxfs01\AppData\Roaming\MiKTeX\2.8\tex\generic\pgf\basiclayer\pgfcore
pathusage.code.tex
File: pgfcorepathusage.code.tex 2008/01/23  (rcs-revision 1.11)
\pgf@shorten@end@additional=\dimen139
\pgf@shorten@start@additional=\dimen140
)
(C:\Users\obxfs01\AppData\Roaming\MiKTeX\2.8\tex\generic\pgf\basiclayer\pgfcore
scopes.code.tex
File: pgfcorescopes.code.tex 2008/01/15  (rcs-revision 1.26)
\pgfpic=\box36
\pgf@hbox=\box37
\pgf@layerbox@main=\box38
\pgf@picture@serial@count=\count125
)
(C:\Users\obxfs01\AppData\Roaming\MiKTeX\2.8\tex\generic\pgf\basiclayer\pgfcore
graphicstate.code.tex
File: pgfcoregraphicstate.code.tex 2007/12/12  (rcs-revision 1.8)
\pgflinewidth=\dimen141
)
(C:\Users\obxfs01\AppData\Roaming\MiKTeX\2.8\tex\generic\pgf\basiclayer\pgfcore
transformations.code.tex
File: pgfcoretransformations.code.tex 2008/02/04  (rcs-revision 1.10)
\pgf@pt@x=\dimen142
\pgf@pt@y=\dimen143
\pgf@pt@temp=\dimen144
)
(C:\Users\obxfs01\AppData\Roaming\MiKTeX\2.8\tex\generic\pgf\basiclayer\pgfcore
quick.code.tex
File: pgfcorequick.code.tex 2006/10/11  (rcs-revision 1.2)
)
(C:\Users\obxfs01\AppData\Roaming\MiKTeX\2.8\tex\generic\pgf\basiclayer\pgfcore
objects.code.tex
File: pgfcoreobjects.code.tex 2006/10/11  (rcs-revision 1.2)
)
(C:\Users\obxfs01\AppData\Roaming\MiKTeX\2.8\tex\generic\pgf\basiclayer\pgfcore
pathprocessing.code.tex
File: pgfcorepathprocessing.code.tex 2008/01/23  (rcs-revision 1.7)
)
(C:\Users\obxfs01\AppData\Roaming\MiKTeX\2.8\tex\generic\pgf\basiclayer\pgfcore
arrows.code.tex
File: pgfcorearrows.code.tex 2007/06/07  (rcs-revision 1.8)
)
(C:\Users\obxfs01\AppData\Roaming\MiKTeX\2.8\tex\generic\pgf\basiclayer\pgfcore
shade.code.tex
File: pgfcoreshade.code.tex 2007/12/10  (rcs-revision 1.9)
\pgf@max=\dimen145
\pgf@sys@shading@range@num=\count126
)
(C:\Users\obxfs01\AppData\Roaming\MiKTeX\2.8\tex\generic\pgf\basiclayer\pgfcore
image.code.tex
File: pgfcoreimage.code.tex 2008/01/15  (rcs-revision 1.1)
\pgfexternal@startupbox=\box39
)
(C:\Users\obxfs01\AppData\Roaming\MiKTeX\2.8\tex\generic\pgf\basiclayer\pgfcore
layers.code.tex
File: pgfcorelayers.code.tex 2008/01/15  (rcs-revision 1.1)
)
(C:\Users\obxfs01\AppData\Roaming\MiKTeX\2.8\tex\generic\pgf\basiclayer\pgfcore
transparency.code.tex
File: pgfcoretransparency.code.tex 2008/01/17  (rcs-revision 1.2)
)
(C:\Users\obxfs01\AppData\Roaming\MiKTeX\2.8\tex\generic\pgf\basiclayer\pgfcore
patterns.code.tex
File: pgfcorepatterns.code.tex 2008/01/15  (rcs-revision 1.1)
)))
(C:\Users\obxfs01\AppData\Roaming\MiKTeX\2.8\tex\generic\pgf\modules\pgfmodules
hapes.code.tex
File: pgfmoduleshapes.code.tex 2008/02/13  (rcs-revision 1.4)
\pgfnodeparttextbox=\box40
\toks@savedmacro=\toks25
)
(C:\Users\obxfs01\AppData\Roaming\MiKTeX\2.8\tex\generic\pgf\modules\pgfmodulep
lot.code.tex
File: pgfmoduleplot.code.tex 2008/01/15  (rcs-revision 1.1)
\pgf@plotwrite=\write4
)
(C:\Users\obxfs01\AppData\Roaming\MiKTeX\2.8\tex\latex\pgf\compatibility\pgfcom
p-version-0-65.sty
Package: pgfcomp-version-0-65 2007/07/03 v2.00 (rcs-revision 1.7)
\pgf@nodesepstart=\dimen146
\pgf@nodesepend=\dimen147
)
(C:\Users\obxfs01\AppData\Roaming\MiKTeX\2.8\tex\latex\pgf\compatibility\pgfcom
p-version-1-18.sty
Package: pgfcomp-version-1-18 2007/07/23 v2.00 (rcs-revision 1.1)
))
(C:\Users\obxfs01\AppData\Roaming\MiKTeX\2.8\tex\latex\pgf\utilities\pgffor.sty

(C:\Users\obxfs01\AppData\Roaming\MiKTeX\2.8\tex\generic\pgf\utilities\pgffor.c
ode.tex
Package: pgffor 2007/11/07 v2.00 (rcs-revision 1.8)
\pgffor@iter=\dimen148
\pgffor@skip=\dimen149
))
(C:\Users\obxfs01\AppData\Roaming\MiKTeX\2.8\tex\generic\pgf\frontendlayer\tikz
\tikz.code.tex
Package: tikz 2008/02/13 v2.00 (rcs-revision 1.27)

(C:\Users\obxfs01\AppData\Roaming\MiKTeX\2.8\tex\generic\pgf\libraries\pgflibra
ryplothandlers.code.tex
File: pgflibraryplothandlers.code.tex 2007/03/09 v2.00 (rcs-revision 1.9)
\pgf@plot@mark@count=\count127
\pgfplotmarksize=\dimen150
)
\tikz@lastx=\dimen151
\tikz@lasty=\dimen152
\tikz@lastxsaved=\dimen153
\tikz@lastysaved=\dimen154
\tikzleveldistance=\dimen155
\tikzsiblingdistance=\dimen156
\tikz@figbox=\box41
\tikz@tempbox=\box42
\tikztreelevel=\count128
\tikznumberofchildren=\count129
\tikznumberofcurrentchild=\count130
\tikz@fig@count=\count131

(C:\Users\obxfs01\AppData\Roaming\MiKTeX\2.8\tex\generic\pgf\modules\pgfmodulem
atrix.code.tex
File: pgfmodulematrix.code.tex 2008/01/15  (rcs-revision 1.1)
\pgfmatrixcurrentrow=\count132
\pgfmatrixcurrentcolumn=\count133
\pgf@matrix@numberofcolumns=\count134
)
\tikz@expandcount=\count135

(C:\Users\obxfs01\AppData\Roaming\MiKTeX\2.8\tex\generic\pgf\frontendlayer\tikz
\libraries\tikzlibrarytopaths.code.tex
File: tikzlibrarytopaths.code.tex 2008/01/09 v2.00 (rcs-revision 1.1)
)))
(C:\Users\obxfs01\AppData\Roaming\MiKTeX\2.8\tex\latex\subfigure\subfigure.sty
Package: subfigure 2002/07/30 v2.1.4 subfigure package
\subfigtopskip=\skip62
\subfigcapskip=\skip63
\subfigcaptopadj=\dimen157
\subfigbottomskip=\skip64
\subfigcapmargin=\dimen158
\subfiglabelskip=\skip65
\c@subfigure=\count136
\c@lofdepth=\count137
\c@subtable=\count138
\c@lotdepth=\count139

****************************************
* Local config file subfigure.cfg used *
****************************************
(C:\Users\obxfs01\AppData\Roaming\MiKTeX\2.8\tex\latex\subfigure\subfigure.cfg)
\subfig@top=\skip66
\subfig@bottom=\skip67
) ("C:\Program Files (x86)\MiKTeX 2.8\tex\latex\eurosym\eurosym.sty"
Package: eurosym 1998/08/06 v1.1 European currency symbol ``Euro''
\@eurobox=\box43
)
(E:\obxfs01\svn\implicat_experim\text\exp1.aux)
LaTeX Font Info:    Checking defaults for OML/cmm/m/it on input line 24.
LaTeX Font Info:    ... okay on input line 24.
LaTeX Font Info:    Checking defaults for T1/cmr/m/n on input line 24.
LaTeX Font Info:    ... okay on input line 24.
LaTeX Font Info:    Checking defaults for OT1/cmr/m/n on input line 24.
LaTeX Font Info:    ... okay on input line 24.
LaTeX Font Info:    Checking defaults for OMS/cmsy/m/n on input line 24.
LaTeX Font Info:    ... okay on input line 24.
LaTeX Font Info:    Checking defaults for OMX/cmex/m/n on input line 24.
LaTeX Font Info:    ... okay on input line 24.
LaTeX Font Info:    Checking defaults for U/cmr/m/n on input line 24.
LaTeX Font Info:    ... okay on input line 24.
Requested font "ecrm1728" at 17.28pt
 -> ecrm1728
Requested font "ecrm1200" at 12.0pt
 -> ecrm1200
Requested font "cmr12" at 12.0pt
 -> cmr12
Requested font "cmr8" at 8.0pt
 -> cmr8
Requested font "cmr6" at 6.0pt
 -> cmr6
Requested font "cmmi12" at 12.0pt
 -> cmmi12
Requested font "cmmi8" at 8.0pt
 -> cmmi8
Requested font "cmmi6" at 6.0pt
 -> cmmi6
Requested font "cmsy10" at 12.0pt
 -> cmsy10
Requested font "cmsy8" at 8.0pt
 -> cmsy8
Requested font "cmsy6" at 6.0pt
 -> cmsy6
Requested font "cmex10" at 12.0pt
 -> cmex10
Requested font "cmex8" at 8.0pt
 -> cmex8
Requested font "cmex7" at 6.0pt
 -> cmex7
LaTeX Font Info:    Try loading font information for U+msa on input line 26.

("C:\Program Files (x86)\MiKTeX 2.8\tex\latex\amsfonts\umsa.fd"
File: umsa.fd 2009/06/22 v3.00 AMS symbols A
)
Requested font "msam10" at 12.0pt
 -> msam10
Requested font "msam10" at 8.0pt
 -> msam10
Requested font "msam7" at 6.0pt
 -> msam7
LaTeX Font Info:    Try loading font information for U+msb on input line 26.

("C:\Program Files (x86)\MiKTeX 2.8\tex\latex\amsfonts\umsb.fd"
File: umsb.fd 2009/06/22 v3.00 AMS symbols B
)
Requested font "msbm10" at 12.0pt
 -> msbm10
Requested font "msbm10" at 8.0pt
 -> msbm10
Requested font "msbm7" at 6.0pt
 -> msbm7
Requested font "ecrm1440" at 14.4pt
 -> ecrm1440
Requested font "ecbx1440" at 14.4pt
 -> ecbx1440
Requested font "ecti1000" at 10.0pt
 -> ecti1000
Requested font "cmex7" at 7.0pt
 -> cmex7
Requested font "cmex7" at 5.0pt
 -> cmex7
Requested font "msam10" at 10.0pt
 -> msam10
Requested font "msam7" at 7.0pt
 -> msam7
Requested font "msam5" at 5.0pt
 -> msam5
Requested font "msbm10" at 10.0pt
 -> msbm10
Requested font "msbm7" at 7.0pt
 -> msbm7
Requested font "msbm5" at 5.0pt
 -> msbm5
Requested font "ecbx1200" at 12.0pt
 -> ecbx1200
 [1

]
Requested font "ecrm0900" at 9.0pt
 -> ecrm0900

Underfull \hbox (badness 10000) in paragraph at lines 57--57

 []

[2]
Underfull \hbox (badness 10000) in paragraph at lines 61--61

 []


Underfull \hbox (badness 10000) in paragraph at lines 65--65

 []

Requested font "ecbx1000" at 10.0pt
 -> ecbx1000
File: ./pictures/Umweltschuetzer01.eps Graphic file (type eps)
<./pictures/Umweltschuetzer01.eps>
Requested font "ecrm0800" at 8.0pt
 -> ecrm0800
Requested font "ecti0800" at 8.0pt
 -> ecti0800

Underfull \hbox (badness 1360) in paragraph at lines 77--77
[]\T1/cmr/m/n/8 (a) \T1/cmr/m/it/8 strong\T1/cmr/m/n/8 : com-pat-i-ble with
 []

File: ./pictures/Umweltschuetzer02.eps Graphic file (type eps)
<./pictures/Umweltschuetzer02.eps>
Underfull \hbox (badness 3701) in paragraph at lines 81--81
[]\T1/cmr/m/n/8 (b) \T1/cmr/m/it/8 weak\T1/cmr/m/n/8 : com-pat-i-ble with
 []

File: ./pictures/Umweltschuetzer03.eps Graphic file (type eps)
<./pictures/Umweltschuetzer03.eps>
Underfull \hbox (badness 1406) in paragraph at lines 85--85
[]\T1/cmr/m/n/8 (c) \T1/cmr/m/it/8 lit-eral\T1/cmr/m/n/8 : Only com-pat-i-ble
 []

File: ./pictures/Umweltschuetzer04.eps Graphic file (type eps)
<./pictures/Umweltschuetzer04.eps> [3]
File: ./pictures/Umweltschuetzer05.eps Graphic file (type eps)
 <./pictures/Umweltschuetzer05.eps>
File: ./pictures/Umweltschuetzer06.eps Graphic file (type eps)

<./pictures/Umweltschuetzer06.eps>
File: ./pictures/Umweltschuetzer07.eps Graphic file (type eps)
 <./pictures/Umweltschuetzer07.eps>
File: ./pictures/Umweltschuetzer08.eps Graphic file (type eps)

<./pictures/Umweltschuetzer08.eps>
File: ./pictures/Umweltschuetzer09.eps Graphic file (type eps)
 <./pictures/Umweltschuetzer09.eps>
Underfull \hbox (badness 10000) in paragraph at lines 129--129
[]\T1/cmr/m/n/8 (a) com-pat-i-ble with lit-eral
 []

File: ./pictures/Umweltschuetzer10.eps Graphic file (type eps)
<./pictures/Umweltschuetzer10.eps>
File: ./pictures/Umweltschuetzer11.eps Graphic file (type eps)
 <./pictures/Umweltschuetzer11.eps>
File: ./pictures/Umweltschuetzer12.eps Graphic file (type eps)

<./pictures/Umweltschuetzer12.eps>
Requested font "feymr10" at 10.0pt
 -> feymr10
 [4] [5]
File: ../data/JudgmentsAllSomeBars.eps Graphic file (type eps)
 <../data/JudgmentsAllSomeBars.eps>
File: ../data/JudgmentsExactlySomeBars.eps Graphic file (type eps)

<../data/JudgmentsExactlySomeBars.eps> [6]
File: ../data/KorrelationScatterPlot.eps Graphic file (type eps)

<../data/KorrelationScatterPlot.eps>
(E:\obxfs01\svn\implicat_experim\text\exp1.bbl [7]) [8]
(E:\obxfs01\svn\implicat_experim\text\exp1.aux) ) 
Here is how much of TeX's memory you used:
 8722 strings out of 430435
 142647 string characters out of 3189654
 191109 words of memory out of 3000000
 11683 multiletter control sequences out of 15000+200000
 18392 words of font info for 52 fonts, out of 3000000 for 9000
 14 hyphenation exceptions out of 8191
 47i,7n,49p,1208b,298s stack positions out of 5000i,500n,10000p,200000b,50000s

Output written on exp1.pdf (8 pages).
